{
"/home/daisycutter/github/nlesc-sherlock/punchcardjs/dist/punchcards.js":{"path":"/home/daisycutter/github/nlesc-sherlock/punchcardjs/dist/punchcards.js","s":{"1":1,"2":1,"3":0,"4":1,"5":0,"6":1,"7":1,"8":1,"9":0,"10":0,"11":0,"12":0,"13":0,"14":1,"15":1,"16":1,"17":1,"18":19,"19":8,"20":0,"21":0,"22":0,"23":0,"24":0,"25":0,"26":0,"27":8,"28":8,"29":17,"30":17,"31":19,"32":1,"33":1,"34":1,"35":1,"36":1,"37":1,"38":1,"39":1,"40":1,"41":1,"42":1,"43":46,"44":46,"45":46,"46":46,"47":46,"48":46,"49":46,"50":46,"51":46,"52":46,"53":46,"54":46,"55":46,"56":46,"57":46,"58":46,"59":191,"60":1,"61":96,"62":1,"63":83,"64":83,"65":83,"66":83,"67":83,"68":83,"69":1,"70":83,"71":83,"72":83,"73":83,"74":83,"75":83,"76":1,"77":83,"78":83,"79":83,"80":83,"81":83,"82":83,"83":1,"84":81,"85":81,"86":81,"87":1,"88":122,"89":122,"90":1,"91":83,"92":83,"93":83,"94":83,"95":83,"96":1,"97":106,"98":106,"99":106,"100":106,"101":106,"102":106,"103":106,"104":1,"105":83,"106":83,"107":83,"108":83,"109":83,"110":1,"111":191,"112":191,"113":96,"114":191,"115":1,"116":107,"117":107,"118":107,"119":0,"120":107,"121":46,"122":107,"123":107,"124":1,"125":92,"126":92,"127":92,"128":0,"129":92,"130":46,"131":92,"132":92,"133":1,"134":1369,"135":46,"136":46,"137":1,"138":636,"139":46,"140":46,"141":1,"142":1332,"143":46,"144":46,"145":1,"146":1108,"147":61,"148":61,"149":1,"150":1192,"151":46,"152":46,"153":1,"154":1,"155":1,"156":1,"157":101,"158":101,"159":101,"160":47,"161":47,"162":54,"163":52,"164":52,"165":2,"166":1,"167":1,"168":1,"169":0,"170":1,"171":100,"172":100,"173":100,"174":100,"175":1,"176":700,"177":3,"178":697,"179":697,"180":0,"181":1,"182":99,"183":99,"184":64,"185":64,"186":3,"187":3,"188":1,"189":1,"190":0,"191":0,"192":8,"193":8,"194":15,"195":15,"196":8,"197":8,"198":0,"199":99,"200":1,"201":16287,"202":46,"203":46,"204":16287,"205":16287,"206":16287,"207":16287,"208":16287,"209":53715,"210":53715,"211":53715,"212":16287,"213":16287,"214":16287,"215":16287,"216":16287,"217":16287,"218":65148,"219":65148,"220":0,"221":16287,"222":1,"223":16287,"224":16287,"225":16287,"226":1,"227":1,"228":1,"229":1,"230":1,"231":1,"232":2,"233":2,"234":1,"235":1,"236":1,"237":1,"238":1,"239":1,"240":1,"241":1,"242":0,"243":0,"244":1,"245":1,"246":1,"247":1,"248":1,"249":1,"250":1,"251":1,"252":1,"253":1,"254":1,"255":8,"256":8,"257":8,"258":8,"259":1,"260":40,"261":40,"262":40,"263":40,"264":40,"265":40,"266":40,"267":40,"268":40,"269":40,"270":40,"271":40,"272":1702,"273":40,"274":40,"275":40,"276":40,"277":1702,"278":1702,"279":112,"280":1702,"281":142,"282":40,"283":40,"284":40,"285":1702,"286":1702,"287":1702,"288":1702,"289":1702,"290":22,"291":1680,"292":1702,"293":40,"294":1,"295":1,"296":1,"297":1,"298":1,"299":0,"300":0,"301":1,"302":1,"303":1,"304":1,"305":1,"306":1,"307":1,"308":1,"309":1,"310":1,"311":1,"312":15,"313":15,"314":15,"315":15,"316":1,"317":13,"318":13,"319":25012,"320":25012,"321":13,"322":13,"323":1,"324":64,"325":0,"326":64,"327":55,"328":55,"329":55,"330":55,"331":55,"332":55,"333":55,"334":55,"335":55,"336":55,"337":64,"338":1,"339":68,"340":68,"341":68,"342":68,"343":68,"344":68,"345":68,"346":68,"347":68,"348":68,"349":68,"350":27,"351":27,"352":41,"353":41,"354":68,"355":68,"356":68,"357":68,"358":68,"359":1,"360":27,"361":27,"362":27,"363":27,"364":27,"365":27,"366":27,"367":27,"368":27,"369":27,"370":27,"371":1964,"372":27,"373":27,"374":27,"375":27,"376":1964,"377":1964,"378":111,"379":1964,"380":144,"381":27,"382":27,"383":27,"384":1964,"385":1964,"386":1964,"387":27,"388":1,"389":1,"390":1,"391":1,"392":1,"393":1,"394":81,"395":81,"396":81,"397":81,"398":81,"399":81,"400":81,"401":81,"402":81,"403":1,"404":81,"405":81,"406":81,"407":81,"408":81,"409":81,"410":81,"411":81,"412":1,"413":81,"414":81,"415":81,"416":81,"417":1,"418":81,"419":81,"420":81,"421":81,"422":81,"423":1,"424":81,"425":81,"426":81,"427":81,"428":1,"429":81,"430":81,"431":81,"432":81,"433":81,"434":81,"435":10368,"436":81,"437":81,"438":10368,"439":10368,"440":81,"441":1,"442":81,"443":81,"444":81,"445":81,"446":1,"447":81,"448":81,"449":81,"450":81,"451":81,"452":81,"453":81,"454":81,"455":1,"456":81,"457":81,"458":81,"459":81,"460":81,"461":1,"462":648,"463":81,"464":1,"465":243,"466":81,"467":1,"468":486,"469":81,"470":1,"471":567,"472":81,"473":1,"474":1,"475":1,"476":1,"477":1,"478":1,"479":1,"480":1,"481":1,"482":1,"483":1,"484":1,"485":1,"486":1,"487":1,"488":1,"489":1,"490":1,"491":1,"492":0,"493":0,"494":1,"495":1,"496":1,"497":1,"498":1,"499":1,"500":1,"501":1,"502":1,"503":1,"504":8,"505":8,"506":8,"507":8,"508":1,"509":24,"510":24,"511":24,"512":24,"513":24,"514":24,"515":24,"516":24,"517":24,"518":24,"519":24,"520":1132,"521":24,"522":24,"523":24,"524":24,"525":1132,"526":1132,"527":84,"528":1132,"529":64,"530":24,"531":24,"532":24,"533":1132,"534":1132,"535":1132,"536":1132,"537":1132,"538":12,"539":1120,"540":1132,"541":24,"542":1,"543":1,"544":1,"545":1,"546":1,"547":0,"548":0,"549":1,"550":1,"551":1,"552":1,"553":1,"554":1,"555":1,"556":1,"557":1,"558":1,"559":1,"560":15,"561":15,"562":15,"563":15,"564":15,"565":1,"566":13,"567":13,"568":25012,"569":25012,"570":13,"571":13,"572":1,"573":31,"574":0,"575":31,"576":26,"577":26,"578":26,"579":26,"580":26,"581":26,"582":26,"583":26,"584":26,"585":26,"586":31,"587":1,"588":39,"589":39,"590":39,"591":39,"592":39,"593":39,"594":351,"595":351,"596":39,"597":39,"598":39,"599":39,"600":1,"601":14,"602":14,"603":14,"604":14,"605":14,"606":14,"607":14,"608":14,"609":14,"610":14,"611":1120,"612":14,"613":14,"614":14,"615":14,"616":1120,"617":1120,"618":72,"619":1120,"620":54,"621":14,"622":14,"623":14,"624":1120,"625":1120,"626":1120,"627":14,"628":1,"629":1},"b":{"1":[0,1],"2":[1,0],"3":[0,1],"4":[1,0],"5":[1,0],"6":[0,0],"7":[0,0],"8":[8,11],"9":[0,8],"10":[0,0],"11":[0,0],"12":[0,0],"13":[0,0],"14":[17,0],"15":[1,0],"16":[1,0],"17":[0,0],"18":[1,0],"19":[0,0],"20":[0,107],"21":[107,107],"22":[46,61],"23":[107,61],"24":[0,92],"25":[92,92],"26":[46,46],"27":[92,46],"28":[0,1],"29":[1,0],"30":[0,0],"31":[47,54],"32":[52,2],"33":[1,1],"34":[3,697],"35":[697,0],"36":[64,3,1,0,8,15,8,0],"37":[46,16241],"38":[16287,37428],"39":[53715,53715],"40":[0,65148],"41":[65148,65148],"42":[1,1,1],"43":[0,0],"44":[0,1],"45":[1,0],"46":[0,0],"47":[1,0],"48":[0,0],"49":[1,0],"50":[0,0],"51":[112,1590],"52":[142,1560],"53":[22,1680],"54":[0,1],"55":[1,0],"56":[0,0],"57":[1,1,1],"58":[0,0],"59":[0,1],"60":[1,0],"61":[0,0],"62":[1,0],"63":[0,0],"64":[1,0],"65":[0,0],"66":[0,64],"67":[55,9],"68":[27,41],"69":[111,1853],"70":[144,1820],"71":[0,1],"72":[1,0],"73":[0,0],"74":[1,0],"75":[0,0],"76":[0,1],"77":[1,0],"78":[0,0],"79":[1,1,1],"80":[0,0],"81":[0,1],"82":[1,0],"83":[0,0],"84":[1,0],"85":[0,0],"86":[84,1048],"87":[64,1068],"88":[12,1120],"89":[0,1],"90":[1,0],"91":[0,0],"92":[1,1,1],"93":[0,0],"94":[0,1],"95":[1,0],"96":[0,0],"97":[1,0],"98":[0,0],"99":[1,0],"100":[0,0],"101":[0,31],"102":[26,5],"103":[72,1048],"104":[54,1066],"105":[0,1],"106":[1,0],"107":[0,0]},"f":{"1":1,"2":1,"3":1,"4":19,"5":17,"6":1,"7":1,"8":1,"9":46,"10":191,"11":96,"12":83,"13":83,"14":83,"15":81,"16":122,"17":83,"18":106,"19":83,"20":191,"21":107,"22":92,"23":1369,"24":46,"25":636,"26":46,"27":1332,"28":46,"29":1108,"30":61,"31":1192,"32":46,"33":1,"34":1,"35":101,"36":700,"37":99,"38":16287,"39":16287,"40":1,"41":1,"42":1,"43":1,"44":1,"45":1,"46":1,"47":8,"48":40,"49":1702,"50":1702,"51":1702,"52":1702,"53":1702,"54":1,"55":1,"56":1,"57":1,"58":1,"59":15,"60":13,"61":25012,"62":64,"63":68,"64":27,"65":1964,"66":1964,"67":1964,"68":1964,"69":1,"70":1,"71":1,"72":81,"73":81,"74":81,"75":81,"76":81,"77":81,"78":10368,"79":10368,"80":81,"81":81,"82":81,"83":648,"84":81,"85":243,"86":81,"87":486,"88":81,"89":567,"90":81,"91":1,"92":1,"93":1,"94":1,"95":1,"96":1,"97":8,"98":24,"99":1132,"100":1132,"101":1132,"102":1132,"103":1132,"104":1,"105":1,"106":1,"107":1,"108":1,"109":15,"110":13,"111":25012,"112":31,"113":39,"114":14,"115":1120,"116":1120,"117":1120,"118":1120},"fnMap":{"1":{"name":"(anonymous_1)","line":1,"loc":{"start":{"line":1,"column":1},"end":{"line":1,"column":12}}},"2":{"name":"(anonymous_2)","line":1,"loc":{"start":{"line":1,"column":326},"end":{"line":1,"column":336}}},"3":{"name":"e","line":1,"loc":{"start":{"line":1,"column":371},"end":{"line":1,"column":388}}},"4":{"name":"s","line":1,"loc":{"start":{"line":1,"column":389},"end":{"line":1,"column":404}}},"5":{"name":"(anonymous_5)","line":1,"loc":{"start":{"line":1,"column":638},"end":{"line":1,"column":649}}},"6":{"name":"(anonymous_6)","line":1,"loc":{"start":{"line":1,"column":817},"end":{"line":1,"column":849}}},"7":{"name":"(anonymous_7)","line":2,"loc":{"start":{"line":2,"column":1},"end":{"line":2,"column":18}}},"8":{"name":"(anonymous_8)","line":14,"loc":{"start":{"line":14,"column":12},"end":{"line":14,"column":24}}},"9":{"name":"Base","line":24,"loc":{"start":{"line":24,"column":4},"end":{"line":24,"column":33}}},"10":{"name":"(anonymous_10)","line":48,"loc":{"start":{"line":48,"column":42},"end":{"line":48,"column":54}}},"11":{"name":"(anonymous_11)","line":58,"loc":{"start":{"line":58,"column":26},"end":{"line":58,"column":38}}},"12":{"name":"(anonymous_12)","line":67,"loc":{"start":{"line":67,"column":29},"end":{"line":67,"column":41}}},"13":{"name":"(anonymous_13)","line":89,"loc":{"start":{"line":89,"column":35},"end":{"line":89,"column":47}}},"14":{"name":"(anonymous_14)","line":109,"loc":{"start":{"line":109,"column":45},"end":{"line":109,"column":57}}},"15":{"name":"(anonymous_15)","line":126,"loc":{"start":{"line":126,"column":32},"end":{"line":126,"column":44}}},"16":{"name":"(anonymous_16)","line":137,"loc":{"start":{"line":137,"column":29},"end":{"line":137,"column":41}}},"17":{"name":"(anonymous_17)","line":148,"loc":{"start":{"line":148,"column":31},"end":{"line":148,"column":43}}},"18":{"name":"(anonymous_18)","line":165,"loc":{"start":{"line":165,"column":38},"end":{"line":165,"column":50}}},"19":{"name":"(anonymous_19)","line":190,"loc":{"start":{"line":190,"column":43},"end":{"line":190,"column":55}}},"20":{"name":"(anonymous_20)","line":208,"loc":{"start":{"line":208,"column":30},"end":{"line":208,"column":42}}},"21":{"name":"(anonymous_21)","line":223,"loc":{"start":{"line":223,"column":37},"end":{"line":223,"column":49}}},"22":{"name":"(anonymous_22)","line":241,"loc":{"start":{"line":241,"column":36},"end":{"line":241,"column":48}}},"23":{"name":"(anonymous_23)","line":258,"loc":{"start":{"line":258,"column":13},"end":{"line":258,"column":25}}},"24":{"name":"(anonymous_24)","line":266,"loc":{"start":{"line":266,"column":13},"end":{"line":266,"column":35}}},"25":{"name":"(anonymous_25)","line":278,"loc":{"start":{"line":278,"column":13},"end":{"line":278,"column":25}}},"26":{"name":"(anonymous_26)","line":286,"loc":{"start":{"line":286,"column":13},"end":{"line":286,"column":36}}},"27":{"name":"(anonymous_27)","line":298,"loc":{"start":{"line":298,"column":13},"end":{"line":298,"column":25}}},"28":{"name":"(anonymous_28)","line":306,"loc":{"start":{"line":306,"column":13},"end":{"line":306,"column":34}}},"29":{"name":"(anonymous_29)","line":318,"loc":{"start":{"line":318,"column":13},"end":{"line":318,"column":25}}},"30":{"name":"(anonymous_30)","line":326,"loc":{"start":{"line":326,"column":13},"end":{"line":326,"column":37}}},"31":{"name":"(anonymous_31)","line":338,"loc":{"start":{"line":338,"column":13},"end":{"line":338,"column":25}}},"32":{"name":"(anonymous_32)","line":346,"loc":{"start":{"line":346,"column":13},"end":{"line":346,"column":36}}},"33":{"name":"(anonymous_33)","line":359,"loc":{"start":{"line":359,"column":36},"end":{"line":359,"column":68}}},"34":{"name":"(anonymous_34)","line":365,"loc":{"start":{"line":365,"column":16},"end":{"line":365,"column":28}}},"35":{"name":"ColorMap","line":371,"loc":{"start":{"line":371,"column":4},"end":{"line":371,"column":34}}},"36":{"name":"(anonymous_36)","line":414,"loc":{"start":{"line":414,"column":33},"end":{"line":414,"column":49}}},"37":{"name":"(anonymous_37)","line":431,"loc":{"start":{"line":431,"column":45},"end":{"line":431,"column":60}}},"38":{"name":"(anonymous_38)","line":599,"loc":{"start":{"line":599,"column":34},"end":{"line":599,"column":48}}},"39":{"name":"(anonymous_39)","line":640,"loc":{"start":{"line":640,"column":37},"end":{"line":640,"column":51}}},"40":{"name":"(anonymous_40)","line":650,"loc":{"start":{"line":650,"column":34},"end":{"line":650,"column":51}}},"41":{"name":"(anonymous_41)","line":660,"loc":{"start":{"line":660,"column":35},"end":{"line":660,"column":53}}},"42":{"name":"(anonymous_42)","line":695,"loc":{"start":{"line":695,"column":9},"end":{"line":695,"column":41}}},"43":{"name":"(anonymous_43)","line":696,"loc":{"start":{"line":696,"column":1},"end":{"line":696,"column":18}}},"44":{"name":"(anonymous_44)","line":698,"loc":{"start":{"line":698,"column":44},"end":{"line":698,"column":60}}},"45":{"name":"__","line":700,"loc":{"start":{"line":700,"column":4},"end":{"line":700,"column":18}}},"46":{"name":"(anonymous_46)","line":708,"loc":{"start":{"line":708,"column":18},"end":{"line":708,"column":36}}},"47":{"name":"DateCircle","line":710,"loc":{"start":{"line":710,"column":4},"end":{"line":710,"column":39}}},"48":{"name":"(anonymous_48)","line":716,"loc":{"start":{"line":716,"column":39},"end":{"line":716,"column":51}}},"49":{"name":"(anonymous_49)","line":732,"loc":{"start":{"line":732,"column":28},"end":{"line":732,"column":41}}},"50":{"name":"(anonymous_50)","line":762,"loc":{"start":{"line":762,"column":24},"end":{"line":762,"column":37}}},"51":{"name":"(anonymous_51)","line":765,"loc":{"start":{"line":765,"column":24},"end":{"line":765,"column":37}}},"52":{"name":"(anonymous_52)","line":768,"loc":{"start":{"line":768,"column":23},"end":{"line":768,"column":36}}},"53":{"name":"(anonymous_53)","line":778,"loc":{"start":{"line":778,"column":26},"end":{"line":778,"column":39}}},"54":{"name":"(anonymous_54)","line":789,"loc":{"start":{"line":789,"column":39},"end":{"line":789,"column":71}}},"55":{"name":"(anonymous_55)","line":790,"loc":{"start":{"line":790,"column":1},"end":{"line":790,"column":18}}},"56":{"name":"(anonymous_56)","line":792,"loc":{"start":{"line":792,"column":44},"end":{"line":792,"column":60}}},"57":{"name":"__","line":794,"loc":{"start":{"line":794,"column":4},"end":{"line":794,"column":18}}},"58":{"name":"(anonymous_58)","line":802,"loc":{"start":{"line":802,"column":16},"end":{"line":802,"column":34}}},"59":{"name":"DateRect","line":811,"loc":{"start":{"line":811,"column":4},"end":{"line":811,"column":37}}},"60":{"name":"(anonymous_60)","line":821,"loc":{"start":{"line":821,"column":42},"end":{"line":821,"column":54}}},"61":{"name":"(anonymous_61)","line":826,"loc":{"start":{"line":826,"column":54},"end":{"line":826,"column":67}}},"62":{"name":"(anonymous_62)","line":852,"loc":{"start":{"line":852,"column":30},"end":{"line":852,"column":42}}},"63":{"name":"(anonymous_63)","line":880,"loc":{"start":{"line":880,"column":44},"end":{"line":880,"column":56}}},"64":{"name":"(anonymous_64)","line":929,"loc":{"start":{"line":929,"column":37},"end":{"line":929,"column":49}}},"65":{"name":"(anonymous_65)","line":944,"loc":{"start":{"line":944,"column":28},"end":{"line":944,"column":41}}},"66":{"name":"(anonymous_66)","line":974,"loc":{"start":{"line":974,"column":23},"end":{"line":974,"column":36}}},"67":{"name":"(anonymous_67)","line":977,"loc":{"start":{"line":977,"column":23},"end":{"line":977,"column":36}}},"68":{"name":"(anonymous_68)","line":982,"loc":{"start":{"line":982,"column":26},"end":{"line":982,"column":39}}},"69":{"name":"(anonymous_69)","line":993,"loc":{"start":{"line":993,"column":34},"end":{"line":993,"column":66}}},"70":{"name":"(anonymous_70)","line":994,"loc":{"start":{"line":994,"column":1},"end":{"line":994,"column":18}}},"71":{"name":"(anonymous_71)","line":1001,"loc":{"start":{"line":1001,"column":14},"end":{"line":1001,"column":26}}},"72":{"name":"Legend","line":1008,"loc":{"start":{"line":1008,"column":4},"end":{"line":1008,"column":29}}},"73":{"name":"(anonymous_73)","line":1025,"loc":{"start":{"line":1025,"column":28},"end":{"line":1025,"column":40}}},"74":{"name":"(anonymous_74)","line":1040,"loc":{"start":{"line":1040,"column":31},"end":{"line":1040,"column":43}}},"75":{"name":"(anonymous_75)","line":1057,"loc":{"start":{"line":1057,"column":42},"end":{"line":1057,"column":54}}},"76":{"name":"(anonymous_76)","line":1073,"loc":{"start":{"line":1073,"column":38},"end":{"line":1073,"column":50}}},"77":{"name":"(anonymous_77)","line":1091,"loc":{"start":{"line":1091,"column":35},"end":{"line":1091,"column":47}}},"78":{"name":"(anonymous_78)","line":1116,"loc":{"start":{"line":1116,"column":23},"end":{"line":1116,"column":36}}},"79":{"name":"(anonymous_79)","line":1121,"loc":{"start":{"line":1121,"column":26},"end":{"line":1121,"column":39}}},"80":{"name":"(anonymous_80)","line":1130,"loc":{"start":{"line":1130,"column":33},"end":{"line":1130,"column":45}}},"81":{"name":"(anonymous_81)","line":1146,"loc":{"start":{"line":1146,"column":40},"end":{"line":1146,"column":52}}},"82":{"name":"(anonymous_82)","line":1170,"loc":{"start":{"line":1170,"column":45},"end":{"line":1170,"column":57}}},"83":{"name":"(anonymous_83)","line":1188,"loc":{"start":{"line":1188,"column":13},"end":{"line":1188,"column":25}}},"84":{"name":"(anonymous_84)","line":1196,"loc":{"start":{"line":1196,"column":13},"end":{"line":1196,"column":35}}},"85":{"name":"(anonymous_85)","line":1207,"loc":{"start":{"line":1207,"column":13},"end":{"line":1207,"column":25}}},"86":{"name":"(anonymous_86)","line":1215,"loc":{"start":{"line":1215,"column":13},"end":{"line":1215,"column":36}}},"87":{"name":"(anonymous_87)","line":1226,"loc":{"start":{"line":1226,"column":13},"end":{"line":1226,"column":25}}},"88":{"name":"(anonymous_88)","line":1234,"loc":{"start":{"line":1234,"column":13},"end":{"line":1234,"column":34}}},"89":{"name":"(anonymous_89)","line":1245,"loc":{"start":{"line":1245,"column":13},"end":{"line":1245,"column":25}}},"90":{"name":"(anonymous_90)","line":1253,"loc":{"start":{"line":1253,"column":13},"end":{"line":1253,"column":37}}},"91":{"name":"(anonymous_91)","line":1265,"loc":{"start":{"line":1265,"column":9},"end":{"line":1265,"column":41}}},"92":{"name":"(anonymous_92)","line":1285,"loc":{"start":{"line":1285,"column":121},"end":{"line":1285,"column":153}}},"93":{"name":"(anonymous_93)","line":1286,"loc":{"start":{"line":1286,"column":1},"end":{"line":1286,"column":18}}},"94":{"name":"(anonymous_94)","line":1288,"loc":{"start":{"line":1288,"column":44},"end":{"line":1288,"column":60}}},"95":{"name":"__","line":1290,"loc":{"start":{"line":1290,"column":4},"end":{"line":1290,"column":18}}},"96":{"name":"(anonymous_96)","line":1297,"loc":{"start":{"line":1297,"column":21},"end":{"line":1297,"column":39}}},"97":{"name":"WeekdayCircle","line":1299,"loc":{"start":{"line":1299,"column":4},"end":{"line":1299,"column":42}}},"98":{"name":"(anonymous_98)","line":1312,"loc":{"start":{"line":1312,"column":42},"end":{"line":1312,"column":54}}},"99":{"name":"(anonymous_99)","line":1327,"loc":{"start":{"line":1327,"column":28},"end":{"line":1327,"column":41}}},"100":{"name":"(anonymous_100)","line":1357,"loc":{"start":{"line":1357,"column":24},"end":{"line":1357,"column":37}}},"101":{"name":"(anonymous_101)","line":1360,"loc":{"start":{"line":1360,"column":24},"end":{"line":1360,"column":37}}},"102":{"name":"(anonymous_102)","line":1363,"loc":{"start":{"line":1363,"column":23},"end":{"line":1363,"column":36}}},"103":{"name":"(anonymous_103)","line":1373,"loc":{"start":{"line":1373,"column":26},"end":{"line":1373,"column":39}}},"104":{"name":"(anonymous_104)","line":1384,"loc":{"start":{"line":1384,"column":42},"end":{"line":1384,"column":74}}},"105":{"name":"(anonymous_105)","line":1385,"loc":{"start":{"line":1385,"column":1},"end":{"line":1385,"column":18}}},"106":{"name":"(anonymous_106)","line":1387,"loc":{"start":{"line":1387,"column":44},"end":{"line":1387,"column":60}}},"107":{"name":"__","line":1389,"loc":{"start":{"line":1389,"column":4},"end":{"line":1389,"column":18}}},"108":{"name":"(anonymous_108)","line":1397,"loc":{"start":{"line":1397,"column":19},"end":{"line":1397,"column":37}}},"109":{"name":"WeekdayRect","line":1409,"loc":{"start":{"line":1409,"column":4},"end":{"line":1409,"column":40}}},"110":{"name":"(anonymous_110)","line":1420,"loc":{"start":{"line":1420,"column":45},"end":{"line":1420,"column":57}}},"111":{"name":"(anonymous_111)","line":1425,"loc":{"start":{"line":1425,"column":57},"end":{"line":1425,"column":70}}},"112":{"name":"(anonymous_112)","line":1451,"loc":{"start":{"line":1451,"column":33},"end":{"line":1451,"column":45}}},"113":{"name":"(anonymous_113)","line":1479,"loc":{"start":{"line":1479,"column":47},"end":{"line":1479,"column":59}}},"114":{"name":"(anonymous_114)","line":1511,"loc":{"start":{"line":1511,"column":40},"end":{"line":1511,"column":52}}},"115":{"name":"(anonymous_115)","line":1525,"loc":{"start":{"line":1525,"column":28},"end":{"line":1525,"column":41}}},"116":{"name":"(anonymous_116)","line":1555,"loc":{"start":{"line":1555,"column":23},"end":{"line":1555,"column":36}}},"117":{"name":"(anonymous_117)","line":1558,"loc":{"start":{"line":1558,"column":23},"end":{"line":1558,"column":36}}},"118":{"name":"(anonymous_118)","line":1563,"loc":{"start":{"line":1563,"column":26},"end":{"line":1563,"column":39}}}},"statementMap":{"1":{"start":{"line":1,"column":0},"end":{"line":1575,"column":3}},"2":{"start":{"line":1,"column":13},"end":{"line":1,"column":323}},"3":{"start":{"line":1,"column":72},"end":{"line":1,"column":90}},"4":{"start":{"line":1,"column":96},"end":{"line":1,"column":323}},"5":{"start":{"line":1,"column":139},"end":{"line":1,"column":151}},"6":{"start":{"line":1,"column":157},"end":{"line":1,"column":163}},"7":{"start":{"line":1,"column":163},"end":{"line":1,"column":304}},"8":{"start":{"line":1,"column":195},"end":{"line":1,"column":203}},"9":{"start":{"line":1,"column":209},"end":{"line":1,"column":304}},"10":{"start":{"line":1,"column":241},"end":{"line":1,"column":249}},"11":{"start":{"line":1,"column":255},"end":{"line":1,"column":304}},"12":{"start":{"line":1,"column":285},"end":{"line":1,"column":291}},"13":{"start":{"line":1,"column":297},"end":{"line":1,"column":303}},"14":{"start":{"line":1,"column":304},"end":{"line":1,"column":322}},"15":{"start":{"line":1,"column":337},"end":{"line":1,"column":363}},"16":{"start":{"line":1,"column":363},"end":{"line":1574,"column":42}},"17":{"start":{"line":1,"column":389},"end":{"line":1,"column":725}},"18":{"start":{"line":1,"column":405},"end":{"line":1,"column":705}},"19":{"start":{"line":1,"column":415},"end":{"line":1,"column":591}},"20":{"start":{"line":1,"column":425},"end":{"line":1,"column":467}},"21":{"start":{"line":1,"column":467},"end":{"line":1,"column":491}},"22":{"start":{"line":1,"column":476},"end":{"line":1,"column":491}},"23":{"start":{"line":1,"column":491},"end":{"line":1,"column":511}},"24":{"start":{"line":1,"column":496},"end":{"line":1,"column":511}},"25":{"start":{"line":1,"column":511},"end":{"line":1,"column":557}},"26":{"start":{"line":1,"column":557},"end":{"line":1,"column":590}},"27":{"start":{"line":1,"column":591},"end":{"line":1,"column":615}},"28":{"start":{"line":1,"column":615},"end":{"line":1,"column":704}},"29":{"start":{"line":1,"column":650},"end":{"line":1,"column":667}},"30":{"start":{"line":1,"column":667},"end":{"line":1,"column":682}},"31":{"start":{"line":1,"column":705},"end":{"line":1,"column":724}},"32":{"start":{"line":1,"column":725},"end":{"line":1,"column":767}},"33":{"start":{"line":1,"column":767},"end":{"line":1,"column":802}},"34":{"start":{"line":1,"column":794},"end":{"line":1,"column":802}},"35":{"start":{"line":1,"column":802},"end":{"line":1,"column":810}},"36":{"start":{"line":2,"column":0},"end":{"line":357,"column":135}},"37":{"start":{"line":4,"column":0},"end":{"line":4,"column":119}},"38":{"start":{"line":5,"column":0},"end":{"line":5,"column":101}},"39":{"start":{"line":6,"column":0},"end":{"line":6,"column":39}},"40":{"start":{"line":7,"column":0},"end":{"line":7,"column":35}},"41":{"start":{"line":14,"column":0},"end":{"line":354,"column":5}},"42":{"start":{"line":24,"column":4},"end":{"line":51,"column":5}},"43":{"start":{"line":26,"column":8},"end":{"line":26,"column":21}},"44":{"start":{"line":28,"column":8},"end":{"line":28,"column":35}},"45":{"start":{"line":30,"column":8},"end":{"line":30,"column":63}},"46":{"start":{"line":33,"column":8},"end":{"line":33,"column":22}},"47":{"start":{"line":35,"column":8},"end":{"line":35,"column":29}},"48":{"start":{"line":37,"column":8},"end":{"line":37,"column":29}},"49":{"start":{"line":38,"column":8},"end":{"line":38,"column":30}},"50":{"start":{"line":39,"column":8},"end":{"line":39,"column":28}},"51":{"start":{"line":40,"column":8},"end":{"line":40,"column":32}},"52":{"start":{"line":41,"column":8},"end":{"line":41,"column":30}},"53":{"start":{"line":42,"column":8},"end":{"line":42,"column":36}},"54":{"start":{"line":43,"column":8},"end":{"line":43,"column":24}},"55":{"start":{"line":44,"column":8},"end":{"line":44,"column":33}},"56":{"start":{"line":45,"column":8},"end":{"line":45,"column":50}},"57":{"start":{"line":47,"column":8},"end":{"line":47,"column":24}},"58":{"start":{"line":48,"column":8},"end":{"line":50,"column":11}},"59":{"start":{"line":49,"column":12},"end":{"line":49,"column":28}},"60":{"start":{"line":58,"column":4},"end":{"line":61,"column":6}},"61":{"start":{"line":60,"column":8},"end":{"line":60,"column":20}},"62":{"start":{"line":67,"column":4},"end":{"line":81,"column":6}},"63":{"start":{"line":69,"column":8},"end":{"line":69,"column":97}},"64":{"start":{"line":70,"column":8},"end":{"line":70,"column":79}},"65":{"start":{"line":71,"column":8},"end":{"line":71,"column":33}},"66":{"start":{"line":72,"column":8},"end":{"line":72,"column":32}},"67":{"start":{"line":73,"column":8},"end":{"line":79,"column":44}},"68":{"start":{"line":80,"column":8},"end":{"line":80,"column":20}},"69":{"start":{"line":89,"column":4},"end":{"line":103,"column":6}},"70":{"start":{"line":91,"column":8},"end":{"line":91,"column":97}},"71":{"start":{"line":92,"column":8},"end":{"line":92,"column":79}},"72":{"start":{"line":93,"column":8},"end":{"line":93,"column":33}},"73":{"start":{"line":94,"column":8},"end":{"line":94,"column":32}},"74":{"start":{"line":95,"column":8},"end":{"line":101,"column":40}},"75":{"start":{"line":102,"column":8},"end":{"line":102,"column":20}},"76":{"start":{"line":109,"column":4},"end":{"line":121,"column":6}},"77":{"start":{"line":110,"column":8},"end":{"line":110,"column":97}},"78":{"start":{"line":111,"column":8},"end":{"line":111,"column":79}},"79":{"start":{"line":112,"column":8},"end":{"line":112,"column":43}},"80":{"start":{"line":113,"column":8},"end":{"line":113,"column":62}},"81":{"start":{"line":114,"column":8},"end":{"line":119,"column":52}},"82":{"start":{"line":120,"column":8},"end":{"line":120,"column":20}},"83":{"start":{"line":126,"column":4},"end":{"line":131,"column":6}},"84":{"start":{"line":128,"column":8},"end":{"line":128,"column":47}},"85":{"start":{"line":129,"column":8},"end":{"line":129,"column":22}},"86":{"start":{"line":130,"column":8},"end":{"line":130,"column":20}},"87":{"start":{"line":137,"column":4},"end":{"line":142,"column":6}},"88":{"start":{"line":138,"column":8},"end":{"line":140,"column":55}},"89":{"start":{"line":141,"column":8},"end":{"line":141,"column":20}},"90":{"start":{"line":148,"column":4},"end":{"line":159,"column":6}},"91":{"start":{"line":149,"column":8},"end":{"line":149,"column":97}},"92":{"start":{"line":150,"column":8},"end":{"line":150,"column":43}},"93":{"start":{"line":151,"column":8},"end":{"line":151,"column":38}},"94":{"start":{"line":152,"column":8},"end":{"line":157,"column":36}},"95":{"start":{"line":158,"column":8},"end":{"line":158,"column":20}},"96":{"start":{"line":165,"column":4},"end":{"line":184,"column":6}},"97":{"start":{"line":167,"column":8},"end":{"line":167,"column":33}},"98":{"start":{"line":168,"column":8},"end":{"line":168,"column":63}},"99":{"start":{"line":169,"column":8},"end":{"line":169,"column":79}},"100":{"start":{"line":170,"column":8},"end":{"line":172,"column":33}},"101":{"start":{"line":173,"column":8},"end":{"line":178,"column":30}},"102":{"start":{"line":179,"column":8},"end":{"line":182,"column":27}},"103":{"start":{"line":183,"column":8},"end":{"line":183,"column":20}},"104":{"start":{"line":190,"column":4},"end":{"line":202,"column":6}},"105":{"start":{"line":192,"column":8},"end":{"line":192,"column":79}},"106":{"start":{"line":193,"column":8},"end":{"line":193,"column":39}},"107":{"start":{"line":194,"column":8},"end":{"line":194,"column":42}},"108":{"start":{"line":195,"column":8},"end":{"line":200,"column":50}},"109":{"start":{"line":201,"column":8},"end":{"line":201,"column":20}},"110":{"start":{"line":208,"column":4},"end":{"line":216,"column":6}},"111":{"start":{"line":210,"column":8},"end":{"line":210,"column":31}},"112":{"start":{"line":212,"column":8},"end":{"line":214,"column":9}},"113":{"start":{"line":213,"column":12},"end":{"line":213,"column":44}},"114":{"start":{"line":215,"column":8},"end":{"line":215,"column":20}},"115":{"start":{"line":223,"column":4},"end":{"line":234,"column":6}},"116":{"start":{"line":224,"column":8},"end":{"line":224,"column":33}},"117":{"start":{"line":225,"column":8},"end":{"line":225,"column":39}},"118":{"start":{"line":226,"column":8},"end":{"line":228,"column":9}},"119":{"start":{"line":227,"column":12},"end":{"line":227,"column":20}},"120":{"start":{"line":229,"column":8},"end":{"line":231,"column":9}},"121":{"start":{"line":230,"column":12},"end":{"line":230,"column":23}},"122":{"start":{"line":232,"column":8},"end":{"line":232,"column":78}},"123":{"start":{"line":233,"column":8},"end":{"line":233,"column":20}},"124":{"start":{"line":241,"column":4},"end":{"line":252,"column":6}},"125":{"start":{"line":242,"column":8},"end":{"line":242,"column":35}},"126":{"start":{"line":243,"column":8},"end":{"line":243,"column":37}},"127":{"start":{"line":244,"column":8},"end":{"line":246,"column":9}},"128":{"start":{"line":245,"column":12},"end":{"line":245,"column":21}},"129":{"start":{"line":247,"column":8},"end":{"line":249,"column":9}},"130":{"start":{"line":248,"column":12},"end":{"line":248,"column":22}},"131":{"start":{"line":250,"column":8},"end":{"line":250,"column":77}},"132":{"start":{"line":251,"column":8},"end":{"line":251,"column":20}},"133":{"start":{"line":253,"column":4},"end":{"line":272,"column":7}},"134":{"start":{"line":259,"column":12},"end":{"line":259,"column":36}},"135":{"start":{"line":267,"column":12},"end":{"line":267,"column":42}},"136":{"start":{"line":268,"column":12},"end":{"line":268,"column":34}},"137":{"start":{"line":273,"column":4},"end":{"line":292,"column":7}},"138":{"start":{"line":279,"column":12},"end":{"line":279,"column":37}},"139":{"start":{"line":287,"column":12},"end":{"line":287,"column":44}},"140":{"start":{"line":288,"column":12},"end":{"line":288,"column":34}},"141":{"start":{"line":293,"column":4},"end":{"line":312,"column":7}},"142":{"start":{"line":299,"column":12},"end":{"line":299,"column":35}},"143":{"start":{"line":307,"column":12},"end":{"line":307,"column":40}},"144":{"start":{"line":308,"column":12},"end":{"line":308,"column":35}},"145":{"start":{"line":313,"column":4},"end":{"line":332,"column":7}},"146":{"start":{"line":319,"column":12},"end":{"line":319,"column":38}},"147":{"start":{"line":327,"column":12},"end":{"line":327,"column":46}},"148":{"start":{"line":328,"column":12},"end":{"line":328,"column":35}},"149":{"start":{"line":333,"column":4},"end":{"line":352,"column":7}},"150":{"start":{"line":339,"column":12},"end":{"line":339,"column":37}},"151":{"start":{"line":347,"column":12},"end":{"line":347,"column":34}},"152":{"start":{"line":348,"column":12},"end":{"line":348,"column":58}},"153":{"start":{"line":353,"column":4},"end":{"line":353,"column":16}},"154":{"start":{"line":355,"column":0},"end":{"line":355,"column":20}},"155":{"start":{"line":365,"column":0},"end":{"line":692,"column":5}},"156":{"start":{"line":371,"column":4},"end":{"line":401,"column":5}},"157":{"start":{"line":372,"column":8},"end":{"line":372,"column":16}},"158":{"start":{"line":373,"column":8},"end":{"line":373,"column":15}},"159":{"start":{"line":374,"column":8},"end":{"line":393,"column":9}},"160":{"start":{"line":375,"column":12},"end":{"line":375,"column":28}},"161":{"start":{"line":376,"column":12},"end":{"line":376,"column":47}},"162":{"start":{"line":378,"column":13},"end":{"line":393,"column":9}},"163":{"start":{"line":379,"column":12},"end":{"line":379,"column":28}},"164":{"start":{"line":380,"column":12},"end":{"line":380,"column":54}},"165":{"start":{"line":382,"column":13},"end":{"line":393,"column":9}},"166":{"start":{"line":383,"column":12},"end":{"line":383,"column":28}},"167":{"start":{"line":384,"column":12},"end":{"line":389,"column":13}},"168":{"start":{"line":385,"column":16},"end":{"line":385,"column":32}},"169":{"start":{"line":388,"column":16},"end":{"line":388,"column":66}},"170":{"start":{"line":392,"column":12},"end":{"line":392,"column":77}},"171":{"start":{"line":396,"column":8},"end":{"line":396,"column":48}},"172":{"start":{"line":398,"column":8},"end":{"line":398,"column":45}},"173":{"start":{"line":399,"column":8},"end":{"line":399,"column":45}},"174":{"start":{"line":400,"column":8},"end":{"line":400,"column":56}},"175":{"start":{"line":414,"column":4},"end":{"line":424,"column":6}},"176":{"start":{"line":415,"column":8},"end":{"line":423,"column":9}},"177":{"start":{"line":416,"column":12},"end":{"line":416,"column":22}},"178":{"start":{"line":418,"column":13},"end":{"line":423,"column":9}},"179":{"start":{"line":419,"column":12},"end":{"line":419,"column":21}},"180":{"start":{"line":422,"column":12},"end":{"line":422,"column":21}},"181":{"start":{"line":431,"column":4},"end":{"line":589,"column":6}},"182":{"start":{"line":432,"column":8},"end":{"line":432,"column":23}},"183":{"start":{"line":433,"column":8},"end":{"line":587,"column":9}},"184":{"start":{"line":435,"column":16},"end":{"line":435,"column":56}},"185":{"start":{"line":436,"column":16},"end":{"line":436,"column":22}},"186":{"start":{"line":439,"column":16},"end":{"line":456,"column":18}},"187":{"start":{"line":457,"column":16},"end":{"line":457,"column":22}},"188":{"start":{"line":460,"column":16},"end":{"line":469,"column":18}},"189":{"start":{"line":470,"column":16},"end":{"line":470,"column":22}},"190":{"start":{"line":473,"column":16},"end":{"line":490,"column":18}},"191":{"start":{"line":491,"column":16},"end":{"line":491,"column":22}},"192":{"start":{"line":494,"column":16},"end":{"line":511,"column":18}},"193":{"start":{"line":512,"column":16},"end":{"line":512,"column":22}},"194":{"start":{"line":515,"column":16},"end":{"line":532,"column":18}},"195":{"start":{"line":533,"column":16},"end":{"line":533,"column":22}},"196":{"start":{"line":536,"column":16},"end":{"line":581,"column":18}},"197":{"start":{"line":582,"column":16},"end":{"line":582,"column":22}},"198":{"start":{"line":585,"column":16},"end":{"line":585,"column":80}},"199":{"start":{"line":588,"column":8},"end":{"line":588,"column":26}},"200":{"start":{"line":599,"column":4},"end":{"line":633,"column":6}},"201":{"start":{"line":602,"column":8},"end":{"line":605,"column":9}},"202":{"start":{"line":603,"column":12},"end":{"line":603,"column":32}},"203":{"start":{"line":604,"column":12},"end":{"line":604,"column":33}},"204":{"start":{"line":606,"column":8},"end":{"line":606,"column":75}},"205":{"start":{"line":607,"column":8},"end":{"line":607,"column":45}},"206":{"start":{"line":608,"column":8},"end":{"line":608,"column":17}},"207":{"start":{"line":609,"column":8},"end":{"line":609,"column":17}},"208":{"start":{"line":610,"column":8},"end":{"line":618,"column":9}},"209":{"start":{"line":611,"column":12},"end":{"line":611,"column":62}},"210":{"start":{"line":612,"column":12},"end":{"line":612,"column":65}},"211":{"start":{"line":613,"column":12},"end":{"line":617,"column":13}},"212":{"start":{"line":614,"column":16},"end":{"line":614,"column":47}},"213":{"start":{"line":615,"column":16},"end":{"line":615,"column":51}},"214":{"start":{"line":616,"column":16},"end":{"line":616,"column":22}},"215":{"start":{"line":619,"column":8},"end":{"line":619,"column":67}},"216":{"start":{"line":620,"column":8},"end":{"line":625,"column":10}},"217":{"start":{"line":626,"column":8},"end":{"line":631,"column":9}},"218":{"start":{"line":627,"column":12},"end":{"line":627,"column":41}},"219":{"start":{"line":628,"column":12},"end":{"line":630,"column":13}},"220":{"start":{"line":629,"column":16},"end":{"line":629,"column":67}},"221":{"start":{"line":632,"column":8},"end":{"line":632,"column":24}},"222":{"start":{"line":640,"column":4},"end":{"line":644,"column":6}},"223":{"start":{"line":641,"column":8},"end":{"line":641,"column":18}},"224":{"start":{"line":642,"column":8},"end":{"line":642,"column":34}},"225":{"start":{"line":643,"column":8},"end":{"line":643,"column":73}},"226":{"start":{"line":650,"column":4},"end":{"line":654,"column":6}},"227":{"start":{"line":651,"column":8},"end":{"line":651,"column":36}},"228":{"start":{"line":652,"column":8},"end":{"line":652,"column":61}},"229":{"start":{"line":653,"column":8},"end":{"line":653,"column":20}},"230":{"start":{"line":660,"column":4},"end":{"line":667,"column":6}},"231":{"start":{"line":661,"column":8},"end":{"line":664,"column":9}},"232":{"start":{"line":662,"column":12},"end":{"line":662,"column":36}},"233":{"start":{"line":663,"column":12},"end":{"line":663,"column":39}},"234":{"start":{"line":665,"column":8},"end":{"line":665,"column":61}},"235":{"start":{"line":666,"column":8},"end":{"line":666,"column":20}},"236":{"start":{"line":673,"column":4},"end":{"line":690,"column":6}},"237":{"start":{"line":691,"column":4},"end":{"line":691,"column":20}},"238":{"start":{"line":693,"column":0},"end":{"line":693,"column":28}},"239":{"start":{"line":696,"column":0},"end":{"line":787,"column":135}},"240":{"start":{"line":698,"column":0},"end":{"line":702,"column":2}},"241":{"start":{"line":699,"column":4},"end":{"line":699,"column":58}},"242":{"start":{"line":699,"column":21},"end":{"line":699,"column":58}},"243":{"start":{"line":699,"column":46},"end":{"line":699,"column":58}},"244":{"start":{"line":700,"column":4},"end":{"line":700,"column":43}},"245":{"start":{"line":700,"column":20},"end":{"line":700,"column":41}},"246":{"start":{"line":701,"column":4},"end":{"line":701,"column":89}},"247":{"start":{"line":703,"column":0},"end":{"line":703,"column":119}},"248":{"start":{"line":704,"column":0},"end":{"line":704,"column":101}},"249":{"start":{"line":705,"column":0},"end":{"line":705,"column":109}},"250":{"start":{"line":706,"column":0},"end":{"line":706,"column":39}},"251":{"start":{"line":707,"column":0},"end":{"line":707,"column":41}},"252":{"start":{"line":708,"column":0},"end":{"line":784,"column":25}},"253":{"start":{"line":709,"column":4},"end":{"line":709,"column":34}},"254":{"start":{"line":710,"column":4},"end":{"line":715,"column":5}},"255":{"start":{"line":711,"column":8},"end":{"line":711,"column":41}},"256":{"start":{"line":712,"column":8},"end":{"line":712,"column":25}},"257":{"start":{"line":713,"column":8},"end":{"line":713,"column":40}},"258":{"start":{"line":714,"column":8},"end":{"line":714,"column":59}},"259":{"start":{"line":716,"column":4},"end":{"line":782,"column":6}},"260":{"start":{"line":718,"column":8},"end":{"line":718,"column":24}},"261":{"start":{"line":719,"column":8},"end":{"line":719,"column":97}},"262":{"start":{"line":720,"column":8},"end":{"line":720,"column":79}},"263":{"start":{"line":721,"column":8},"end":{"line":721,"column":33}},"264":{"start":{"line":722,"column":8},"end":{"line":722,"column":36}},"265":{"start":{"line":723,"column":8},"end":{"line":723,"column":68}},"266":{"start":{"line":724,"column":8},"end":{"line":724,"column":82}},"267":{"start":{"line":725,"column":8},"end":{"line":725,"column":77}},"268":{"start":{"line":726,"column":8},"end":{"line":726,"column":77}},"269":{"start":{"line":727,"column":8},"end":{"line":727,"column":60}},"270":{"start":{"line":731,"column":8},"end":{"line":731,"column":54}},"271":{"start":{"line":732,"column":8},"end":{"line":735,"column":11}},"272":{"start":{"line":734,"column":12},"end":{"line":734,"column":38}},"273":{"start":{"line":736,"column":8},"end":{"line":736,"column":31}},"274":{"start":{"line":739,"column":8},"end":{"line":739,"column":46}},"275":{"start":{"line":740,"column":8},"end":{"line":740,"column":47}},"276":{"start":{"line":741,"column":8},"end":{"line":749,"column":9}},"277":{"start":{"line":742,"column":12},"end":{"line":742,"column":34}},"278":{"start":{"line":743,"column":12},"end":{"line":745,"column":13}},"279":{"start":{"line":744,"column":16},"end":{"line":744,"column":36}},"280":{"start":{"line":746,"column":12},"end":{"line":748,"column":13}},"281":{"start":{"line":747,"column":16},"end":{"line":747,"column":37}},"282":{"start":{"line":750,"column":8},"end":{"line":750,"column":39}},"283":{"start":{"line":751,"column":8},"end":{"line":751,"column":41}},"284":{"start":{"line":753,"column":8},"end":{"line":780,"column":11}},"285":{"start":{"line":763,"column":12},"end":{"line":763,"column":65}},"286":{"start":{"line":766,"column":12},"end":{"line":766,"column":102}},"287":{"start":{"line":769,"column":12},"end":{"line":769,"column":56}},"288":{"start":{"line":770,"column":12},"end":{"line":770,"column":71}},"289":{"start":{"line":771,"column":12},"end":{"line":776,"column":13}},"290":{"start":{"line":772,"column":16},"end":{"line":772,"column":38}},"291":{"start":{"line":775,"column":16},"end":{"line":775,"column":54}},"292":{"start":{"line":779,"column":12},"end":{"line":779,"column":54}},"293":{"start":{"line":781,"column":8},"end":{"line":781,"column":20}},"294":{"start":{"line":783,"column":4},"end":{"line":783,"column":22}},"295":{"start":{"line":785,"column":0},"end":{"line":785,"column":32}},"296":{"start":{"line":790,"column":0},"end":{"line":991,"column":135}},"297":{"start":{"line":792,"column":0},"end":{"line":796,"column":2}},"298":{"start":{"line":793,"column":4},"end":{"line":793,"column":58}},"299":{"start":{"line":793,"column":21},"end":{"line":793,"column":58}},"300":{"start":{"line":793,"column":46},"end":{"line":793,"column":58}},"301":{"start":{"line":794,"column":4},"end":{"line":794,"column":43}},"302":{"start":{"line":794,"column":20},"end":{"line":794,"column":41}},"303":{"start":{"line":795,"column":4},"end":{"line":795,"column":89}},"304":{"start":{"line":797,"column":0},"end":{"line":797,"column":119}},"305":{"start":{"line":798,"column":0},"end":{"line":798,"column":101}},"306":{"start":{"line":799,"column":0},"end":{"line":799,"column":109}},"307":{"start":{"line":800,"column":0},"end":{"line":800,"column":31}},"308":{"start":{"line":801,"column":0},"end":{"line":801,"column":39}},"309":{"start":{"line":802,"column":0},"end":{"line":988,"column":16}},"310":{"start":{"line":803,"column":4},"end":{"line":803,"column":32}},"311":{"start":{"line":811,"column":4},"end":{"line":816,"column":5}},"312":{"start":{"line":812,"column":8},"end":{"line":812,"column":41}},"313":{"start":{"line":813,"column":8},"end":{"line":813,"column":25}},"314":{"start":{"line":814,"column":8},"end":{"line":814,"column":38}},"315":{"start":{"line":815,"column":8},"end":{"line":815,"column":59}},"316":{"start":{"line":821,"column":4},"end":{"line":836,"column":6}},"317":{"start":{"line":823,"column":8},"end":{"line":823,"column":24}},"318":{"start":{"line":826,"column":8},"end":{"line":833,"column":11}},"319":{"start":{"line":827,"column":12},"end":{"line":827,"column":44}},"320":{"start":{"line":829,"column":12},"end":{"line":832,"column":15}},"321":{"start":{"line":834,"column":8},"end":{"line":834,"column":28}},"322":{"start":{"line":835,"column":8},"end":{"line":835,"column":20}},"323":{"start":{"line":852,"column":4},"end":{"line":874,"column":6}},"324":{"start":{"line":853,"column":8},"end":{"line":873,"column":9}},"325":{"start":{"line":855,"column":12},"end":{"line":855,"column":24}},"326":{"start":{"line":859,"column":12},"end":{"line":871,"column":13}},"327":{"start":{"line":861,"column":16},"end":{"line":861,"column":52}},"328":{"start":{"line":862,"column":16},"end":{"line":862,"column":58}},"329":{"start":{"line":863,"column":16},"end":{"line":863,"column":42}},"330":{"start":{"line":864,"column":16},"end":{"line":864,"column":68}},"331":{"start":{"line":865,"column":16},"end":{"line":865,"column":61}},"332":{"start":{"line":866,"column":16},"end":{"line":866,"column":66}},"333":{"start":{"line":867,"column":16},"end":{"line":867,"column":54}},"334":{"start":{"line":868,"column":16},"end":{"line":868,"column":35}},"335":{"start":{"line":869,"column":16},"end":{"line":869,"column":52}},"336":{"start":{"line":870,"column":16},"end":{"line":870,"column":55}},"337":{"start":{"line":872,"column":12},"end":{"line":872,"column":24}},"338":{"start":{"line":880,"column":4},"end":{"line":921,"column":6}},"339":{"start":{"line":881,"column":8},"end":{"line":881,"column":97}},"340":{"start":{"line":882,"column":8},"end":{"line":882,"column":33}},"341":{"start":{"line":883,"column":8},"end":{"line":883,"column":63}},"342":{"start":{"line":884,"column":8},"end":{"line":884,"column":93}},"343":{"start":{"line":885,"column":8},"end":{"line":885,"column":131}},"344":{"start":{"line":886,"column":8},"end":{"line":886,"column":89}},"345":{"start":{"line":887,"column":8},"end":{"line":887,"column":131}},"346":{"start":{"line":888,"column":8},"end":{"line":888,"column":23}},"347":{"start":{"line":889,"column":8},"end":{"line":889,"column":18}},"348":{"start":{"line":890,"column":8},"end":{"line":890,"column":87}},"349":{"start":{"line":891,"column":8},"end":{"line":898,"column":9}},"350":{"start":{"line":892,"column":12},"end":{"line":892,"column":57}},"351":{"start":{"line":893,"column":12},"end":{"line":893,"column":22}},"352":{"start":{"line":896,"column":12},"end":{"line":896,"column":57}},"353":{"start":{"line":897,"column":12},"end":{"line":897,"column":33}},"354":{"start":{"line":900,"column":8},"end":{"line":903,"column":26}},"355":{"start":{"line":904,"column":8},"end":{"line":908,"column":36}},"356":{"start":{"line":909,"column":8},"end":{"line":912,"column":28}},"357":{"start":{"line":914,"column":8},"end":{"line":919,"column":41}},"358":{"start":{"line":920,"column":8},"end":{"line":920,"column":20}},"359":{"start":{"line":929,"column":4},"end":{"line":986,"column":6}},"360":{"start":{"line":931,"column":8},"end":{"line":931,"column":24}},"361":{"start":{"line":932,"column":8},"end":{"line":932,"column":97}},"362":{"start":{"line":933,"column":8},"end":{"line":933,"column":79}},"363":{"start":{"line":934,"column":8},"end":{"line":934,"column":33}},"364":{"start":{"line":935,"column":8},"end":{"line":935,"column":36}},"365":{"start":{"line":936,"column":8},"end":{"line":936,"column":68}},"366":{"start":{"line":937,"column":8},"end":{"line":937,"column":82}},"367":{"start":{"line":938,"column":8},"end":{"line":938,"column":77}},"368":{"start":{"line":939,"column":8},"end":{"line":939,"column":77}},"369":{"start":{"line":943,"column":8},"end":{"line":943,"column":54}},"370":{"start":{"line":944,"column":8},"end":{"line":947,"column":11}},"371":{"start":{"line":946,"column":12},"end":{"line":946,"column":38}},"372":{"start":{"line":948,"column":8},"end":{"line":948,"column":31}},"373":{"start":{"line":951,"column":8},"end":{"line":951,"column":46}},"374":{"start":{"line":952,"column":8},"end":{"line":952,"column":47}},"375":{"start":{"line":953,"column":8},"end":{"line":961,"column":9}},"376":{"start":{"line":954,"column":12},"end":{"line":954,"column":34}},"377":{"start":{"line":955,"column":12},"end":{"line":957,"column":13}},"378":{"start":{"line":956,"column":16},"end":{"line":956,"column":36}},"379":{"start":{"line":958,"column":12},"end":{"line":960,"column":13}},"380":{"start":{"line":959,"column":16},"end":{"line":959,"column":37}},"381":{"start":{"line":962,"column":8},"end":{"line":962,"column":39}},"382":{"start":{"line":963,"column":8},"end":{"line":963,"column":41}},"383":{"start":{"line":965,"column":8},"end":{"line":984,"column":11}},"384":{"start":{"line":975,"column":12},"end":{"line":975,"column":65}},"385":{"start":{"line":978,"column":12},"end":{"line":978,"column":64}},"386":{"start":{"line":983,"column":12},"end":{"line":983,"column":54}},"387":{"start":{"line":985,"column":8},"end":{"line":985,"column":20}},"388":{"start":{"line":987,"column":4},"end":{"line":987,"column":20}},"389":{"start":{"line":989,"column":0},"end":{"line":989,"column":28}},"390":{"start":{"line":994,"column":0},"end":{"line":1263,"column":135}},"391":{"start":{"line":996,"column":0},"end":{"line":996,"column":101}},"392":{"start":{"line":1001,"column":0},"end":{"line":1260,"column":5}},"393":{"start":{"line":1008,"column":4},"end":{"line":1019,"column":5}},"394":{"start":{"line":1009,"column":8},"end":{"line":1009,"column":31}},"395":{"start":{"line":1011,"column":8},"end":{"line":1011,"column":28}},"396":{"start":{"line":1012,"column":8},"end":{"line":1012,"column":30}},"397":{"start":{"line":1013,"column":8},"end":{"line":1013,"column":48}},"398":{"start":{"line":1014,"column":8},"end":{"line":1014,"column":54}},"399":{"start":{"line":1015,"column":8},"end":{"line":1015,"column":83}},"400":{"start":{"line":1016,"column":8},"end":{"line":1016,"column":93}},"401":{"start":{"line":1017,"column":8},"end":{"line":1017,"column":24}},"402":{"start":{"line":1018,"column":8},"end":{"line":1018,"column":25}},"403":{"start":{"line":1025,"column":4},"end":{"line":1035,"column":6}},"404":{"start":{"line":1027,"column":8},"end":{"line":1027,"column":30}},"405":{"start":{"line":1028,"column":8},"end":{"line":1028,"column":34}},"406":{"start":{"line":1029,"column":8},"end":{"line":1029,"column":32}},"407":{"start":{"line":1030,"column":8},"end":{"line":1030,"column":37}},"408":{"start":{"line":1031,"column":8},"end":{"line":1031,"column":25}},"409":{"start":{"line":1032,"column":8},"end":{"line":1032,"column":27}},"410":{"start":{"line":1033,"column":8},"end":{"line":1033,"column":23}},"411":{"start":{"line":1034,"column":8},"end":{"line":1034,"column":20}},"412":{"start":{"line":1040,"column":4},"end":{"line":1052,"column":6}},"413":{"start":{"line":1042,"column":8},"end":{"line":1042,"column":95}},"414":{"start":{"line":1043,"column":8},"end":{"line":1043,"column":32}},"415":{"start":{"line":1044,"column":8},"end":{"line":1050,"column":52}},"416":{"start":{"line":1051,"column":8},"end":{"line":1051,"column":20}},"417":{"start":{"line":1057,"column":4},"end":{"line":1068,"column":6}},"418":{"start":{"line":1058,"column":8},"end":{"line":1058,"column":95}},"419":{"start":{"line":1059,"column":8},"end":{"line":1059,"column":71}},"420":{"start":{"line":1060,"column":8},"end":{"line":1063,"column":22}},"421":{"start":{"line":1064,"column":8},"end":{"line":1066,"column":67}},"422":{"start":{"line":1067,"column":8},"end":{"line":1067,"column":20}},"423":{"start":{"line":1073,"column":4},"end":{"line":1085,"column":6}},"424":{"start":{"line":1075,"column":8},"end":{"line":1075,"column":95}},"425":{"start":{"line":1076,"column":8},"end":{"line":1076,"column":85}},"426":{"start":{"line":1077,"column":8},"end":{"line":1083,"column":48}},"427":{"start":{"line":1084,"column":8},"end":{"line":1084,"column":20}},"428":{"start":{"line":1091,"column":4},"end":{"line":1125,"column":6}},"429":{"start":{"line":1093,"column":8},"end":{"line":1093,"column":24}},"430":{"start":{"line":1094,"column":8},"end":{"line":1094,"column":95}},"431":{"start":{"line":1095,"column":8},"end":{"line":1095,"column":71}},"432":{"start":{"line":1096,"column":8},"end":{"line":1096,"column":22}},"433":{"start":{"line":1097,"column":8},"end":{"line":1097,"column":25}},"434":{"start":{"line":1098,"column":8},"end":{"line":1103,"column":9}},"435":{"start":{"line":1099,"column":12},"end":{"line":1102,"column":15}},"436":{"start":{"line":1104,"column":8},"end":{"line":1104,"column":48}},"437":{"start":{"line":1106,"column":8},"end":{"line":1123,"column":11}},"438":{"start":{"line":1117,"column":12},"end":{"line":1117,"column":68}},"439":{"start":{"line":1122,"column":12},"end":{"line":1122,"column":62}},"440":{"start":{"line":1124,"column":8},"end":{"line":1124,"column":20}},"441":{"start":{"line":1130,"column":4},"end":{"line":1140,"column":6}},"442":{"start":{"line":1131,"column":8},"end":{"line":1131,"column":114}},"443":{"start":{"line":1132,"column":8},"end":{"line":1132,"column":37}},"444":{"start":{"line":1133,"column":8},"end":{"line":1138,"column":36}},"445":{"start":{"line":1139,"column":8},"end":{"line":1139,"column":20}},"446":{"start":{"line":1146,"column":4},"end":{"line":1165,"column":6}},"447":{"start":{"line":1148,"column":8},"end":{"line":1148,"column":78}},"448":{"start":{"line":1149,"column":8},"end":{"line":1149,"column":87}},"449":{"start":{"line":1150,"column":8},"end":{"line":1150,"column":99}},"450":{"start":{"line":1151,"column":8},"end":{"line":1151,"column":71}},"451":{"start":{"line":1152,"column":8},"end":{"line":1154,"column":85}},"452":{"start":{"line":1155,"column":8},"end":{"line":1159,"column":30}},"453":{"start":{"line":1160,"column":8},"end":{"line":1163,"column":32}},"454":{"start":{"line":1164,"column":8},"end":{"line":1164,"column":20}},"455":{"start":{"line":1170,"column":4},"end":{"line":1182,"column":6}},"456":{"start":{"line":1172,"column":8},"end":{"line":1172,"column":87}},"457":{"start":{"line":1173,"column":8},"end":{"line":1173,"column":74}},"458":{"start":{"line":1174,"column":8},"end":{"line":1174,"column":42}},"459":{"start":{"line":1175,"column":8},"end":{"line":1180,"column":57}},"460":{"start":{"line":1181,"column":8},"end":{"line":1181,"column":20}},"461":{"start":{"line":1183,"column":4},"end":{"line":1201,"column":7}},"462":{"start":{"line":1189,"column":12},"end":{"line":1189,"column":36}},"463":{"start":{"line":1197,"column":12},"end":{"line":1197,"column":55}},"464":{"start":{"line":1202,"column":4},"end":{"line":1220,"column":7}},"465":{"start":{"line":1208,"column":12},"end":{"line":1208,"column":37}},"466":{"start":{"line":1216,"column":12},"end":{"line":1216,"column":57}},"467":{"start":{"line":1221,"column":4},"end":{"line":1239,"column":7}},"468":{"start":{"line":1227,"column":12},"end":{"line":1227,"column":35}},"469":{"start":{"line":1235,"column":12},"end":{"line":1235,"column":74}},"470":{"start":{"line":1240,"column":4},"end":{"line":1258,"column":7}},"471":{"start":{"line":1246,"column":12},"end":{"line":1246,"column":38}},"472":{"start":{"line":1254,"column":12},"end":{"line":1254,"column":83}},"473":{"start":{"line":1259,"column":4},"end":{"line":1259,"column":18}},"474":{"start":{"line":1261,"column":0},"end":{"line":1261,"column":24}},"475":{"start":{"line":1270,"column":0},"end":{"line":1270,"column":31}},"476":{"start":{"line":1271,"column":0},"end":{"line":1271,"column":27}},"477":{"start":{"line":1272,"column":0},"end":{"line":1272,"column":39}},"478":{"start":{"line":1273,"column":0},"end":{"line":1273,"column":39}},"479":{"start":{"line":1274,"column":0},"end":{"line":1274,"column":45}},"480":{"start":{"line":1275,"column":0},"end":{"line":1275,"column":46}},"481":{"start":{"line":1276,"column":0},"end":{"line":1276,"column":41}},"482":{"start":{"line":1277,"column":0},"end":{"line":1277,"column":40}},"483":{"start":{"line":1278,"column":0},"end":{"line":1278,"column":35}},"484":{"start":{"line":1279,"column":0},"end":{"line":1279,"column":33}},"485":{"start":{"line":1280,"column":0},"end":{"line":1280,"column":51}},"486":{"start":{"line":1281,"column":0},"end":{"line":1281,"column":55}},"487":{"start":{"line":1282,"column":0},"end":{"line":1282,"column":47}},"488":{"start":{"line":1283,"column":0},"end":{"line":1283,"column":49}},"489":{"start":{"line":1286,"column":0},"end":{"line":1382,"column":135}},"490":{"start":{"line":1288,"column":0},"end":{"line":1292,"column":2}},"491":{"start":{"line":1289,"column":4},"end":{"line":1289,"column":58}},"492":{"start":{"line":1289,"column":21},"end":{"line":1289,"column":58}},"493":{"start":{"line":1289,"column":46},"end":{"line":1289,"column":58}},"494":{"start":{"line":1290,"column":4},"end":{"line":1290,"column":43}},"495":{"start":{"line":1290,"column":20},"end":{"line":1290,"column":41}},"496":{"start":{"line":1291,"column":4},"end":{"line":1291,"column":89}},"497":{"start":{"line":1293,"column":0},"end":{"line":1293,"column":119}},"498":{"start":{"line":1294,"column":0},"end":{"line":1294,"column":101}},"499":{"start":{"line":1295,"column":0},"end":{"line":1295,"column":39}},"500":{"start":{"line":1296,"column":0},"end":{"line":1296,"column":47}},"501":{"start":{"line":1297,"column":0},"end":{"line":1379,"column":31}},"502":{"start":{"line":1298,"column":4},"end":{"line":1298,"column":37}},"503":{"start":{"line":1299,"column":4},"end":{"line":1304,"column":5}},"504":{"start":{"line":1300,"column":8},"end":{"line":1300,"column":41}},"505":{"start":{"line":1301,"column":8},"end":{"line":1301,"column":36}},"506":{"start":{"line":1302,"column":8},"end":{"line":1302,"column":43}},"507":{"start":{"line":1303,"column":8},"end":{"line":1303,"column":57}},"508":{"start":{"line":1312,"column":4},"end":{"line":1377,"column":6}},"509":{"start":{"line":1314,"column":8},"end":{"line":1314,"column":24}},"510":{"start":{"line":1315,"column":8},"end":{"line":1315,"column":97}},"511":{"start":{"line":1316,"column":8},"end":{"line":1316,"column":79}},"512":{"start":{"line":1317,"column":8},"end":{"line":1317,"column":33}},"513":{"start":{"line":1318,"column":8},"end":{"line":1318,"column":36}},"514":{"start":{"line":1319,"column":8},"end":{"line":1319,"column":68}},"515":{"start":{"line":1320,"column":8},"end":{"line":1320,"column":73}},"516":{"start":{"line":1321,"column":8},"end":{"line":1321,"column":75}},"517":{"start":{"line":1322,"column":8},"end":{"line":1322,"column":60}},"518":{"start":{"line":1326,"column":8},"end":{"line":1326,"column":57}},"519":{"start":{"line":1327,"column":8},"end":{"line":1330,"column":11}},"520":{"start":{"line":1329,"column":12},"end":{"line":1329,"column":38}},"521":{"start":{"line":1331,"column":8},"end":{"line":1331,"column":31}},"522":{"start":{"line":1334,"column":8},"end":{"line":1334,"column":46}},"523":{"start":{"line":1335,"column":8},"end":{"line":1335,"column":47}},"524":{"start":{"line":1336,"column":8},"end":{"line":1344,"column":9}},"525":{"start":{"line":1337,"column":12},"end":{"line":1337,"column":34}},"526":{"start":{"line":1338,"column":12},"end":{"line":1340,"column":13}},"527":{"start":{"line":1339,"column":16},"end":{"line":1339,"column":36}},"528":{"start":{"line":1341,"column":12},"end":{"line":1343,"column":13}},"529":{"start":{"line":1342,"column":16},"end":{"line":1342,"column":37}},"530":{"start":{"line":1345,"column":8},"end":{"line":1345,"column":39}},"531":{"start":{"line":1346,"column":8},"end":{"line":1346,"column":41}},"532":{"start":{"line":1348,"column":8},"end":{"line":1375,"column":11}},"533":{"start":{"line":1358,"column":12},"end":{"line":1358,"column":77}},"534":{"start":{"line":1361,"column":12},"end":{"line":1361,"column":91}},"535":{"start":{"line":1364,"column":12},"end":{"line":1364,"column":56}},"536":{"start":{"line":1365,"column":12},"end":{"line":1365,"column":71}},"537":{"start":{"line":1366,"column":12},"end":{"line":1371,"column":13}},"538":{"start":{"line":1367,"column":16},"end":{"line":1367,"column":38}},"539":{"start":{"line":1370,"column":16},"end":{"line":1370,"column":54}},"540":{"start":{"line":1374,"column":12},"end":{"line":1374,"column":54}},"541":{"start":{"line":1376,"column":8},"end":{"line":1376,"column":20}},"542":{"start":{"line":1378,"column":4},"end":{"line":1378,"column":25}},"543":{"start":{"line":1380,"column":0},"end":{"line":1380,"column":38}},"544":{"start":{"line":1385,"column":0},"end":{"line":1572,"column":135}},"545":{"start":{"line":1387,"column":0},"end":{"line":1391,"column":2}},"546":{"start":{"line":1388,"column":4},"end":{"line":1388,"column":58}},"547":{"start":{"line":1388,"column":21},"end":{"line":1388,"column":58}},"548":{"start":{"line":1388,"column":46},"end":{"line":1388,"column":58}},"549":{"start":{"line":1389,"column":4},"end":{"line":1389,"column":43}},"550":{"start":{"line":1389,"column":20},"end":{"line":1389,"column":41}},"551":{"start":{"line":1390,"column":4},"end":{"line":1390,"column":89}},"552":{"start":{"line":1392,"column":0},"end":{"line":1392,"column":119}},"553":{"start":{"line":1393,"column":0},"end":{"line":1393,"column":101}},"554":{"start":{"line":1394,"column":0},"end":{"line":1394,"column":109}},"555":{"start":{"line":1395,"column":0},"end":{"line":1395,"column":31}},"556":{"start":{"line":1396,"column":0},"end":{"line":1396,"column":39}},"557":{"start":{"line":1397,"column":0},"end":{"line":1569,"column":16}},"558":{"start":{"line":1398,"column":4},"end":{"line":1398,"column":35}},"559":{"start":{"line":1409,"column":4},"end":{"line":1415,"column":5}},"560":{"start":{"line":1410,"column":8},"end":{"line":1410,"column":41}},"561":{"start":{"line":1411,"column":8},"end":{"line":1411,"column":31}},"562":{"start":{"line":1412,"column":8},"end":{"line":1412,"column":36}},"563":{"start":{"line":1413,"column":8},"end":{"line":1413,"column":41}},"564":{"start":{"line":1414,"column":8},"end":{"line":1414,"column":58}},"565":{"start":{"line":1420,"column":4},"end":{"line":1435,"column":6}},"566":{"start":{"line":1422,"column":8},"end":{"line":1422,"column":24}},"567":{"start":{"line":1425,"column":8},"end":{"line":1432,"column":11}},"568":{"start":{"line":1427,"column":12},"end":{"line":1427,"column":44}},"569":{"start":{"line":1428,"column":12},"end":{"line":1431,"column":15}},"570":{"start":{"line":1433,"column":8},"end":{"line":1433,"column":28}},"571":{"start":{"line":1434,"column":8},"end":{"line":1434,"column":20}},"572":{"start":{"line":1451,"column":4},"end":{"line":1473,"column":6}},"573":{"start":{"line":1452,"column":8},"end":{"line":1472,"column":9}},"574":{"start":{"line":1454,"column":12},"end":{"line":1454,"column":24}},"575":{"start":{"line":1458,"column":12},"end":{"line":1470,"column":13}},"576":{"start":{"line":1460,"column":16},"end":{"line":1460,"column":52}},"577":{"start":{"line":1461,"column":16},"end":{"line":1461,"column":58}},"578":{"start":{"line":1462,"column":16},"end":{"line":1462,"column":42}},"579":{"start":{"line":1463,"column":16},"end":{"line":1463,"column":68}},"580":{"start":{"line":1464,"column":16},"end":{"line":1464,"column":61}},"581":{"start":{"line":1465,"column":16},"end":{"line":1465,"column":66}},"582":{"start":{"line":1466,"column":16},"end":{"line":1466,"column":54}},"583":{"start":{"line":1467,"column":16},"end":{"line":1467,"column":35}},"584":{"start":{"line":1468,"column":16},"end":{"line":1468,"column":52}},"585":{"start":{"line":1469,"column":16},"end":{"line":1469,"column":55}},"586":{"start":{"line":1471,"column":12},"end":{"line":1471,"column":24}},"587":{"start":{"line":1479,"column":4},"end":{"line":1503,"column":6}},"588":{"start":{"line":1480,"column":8},"end":{"line":1480,"column":97}},"589":{"start":{"line":1481,"column":8},"end":{"line":1481,"column":33}},"590":{"start":{"line":1482,"column":8},"end":{"line":1482,"column":63}},"591":{"start":{"line":1483,"column":8},"end":{"line":1483,"column":23}},"592":{"start":{"line":1484,"column":8},"end":{"line":1484,"column":24}},"593":{"start":{"line":1485,"column":8},"end":{"line":1488,"column":9}},"594":{"start":{"line":1486,"column":12},"end":{"line":1486,"column":27}},"595":{"start":{"line":1487,"column":12},"end":{"line":1487,"column":38}},"596":{"start":{"line":1489,"column":8},"end":{"line":1491,"column":79}},"597":{"start":{"line":1492,"column":8},"end":{"line":1497,"column":30}},"598":{"start":{"line":1498,"column":8},"end":{"line":1501,"column":25}},"599":{"start":{"line":1502,"column":8},"end":{"line":1502,"column":20}},"600":{"start":{"line":1511,"column":4},"end":{"line":1567,"column":6}},"601":{"start":{"line":1513,"column":8},"end":{"line":1513,"column":24}},"602":{"start":{"line":1514,"column":8},"end":{"line":1514,"column":97}},"603":{"start":{"line":1515,"column":8},"end":{"line":1515,"column":79}},"604":{"start":{"line":1516,"column":8},"end":{"line":1516,"column":33}},"605":{"start":{"line":1517,"column":8},"end":{"line":1517,"column":36}},"606":{"start":{"line":1518,"column":8},"end":{"line":1518,"column":68}},"607":{"start":{"line":1519,"column":8},"end":{"line":1519,"column":73}},"608":{"start":{"line":1520,"column":8},"end":{"line":1520,"column":75}},"609":{"start":{"line":1524,"column":8},"end":{"line":1524,"column":57}},"610":{"start":{"line":1525,"column":8},"end":{"line":1528,"column":11}},"611":{"start":{"line":1527,"column":12},"end":{"line":1527,"column":38}},"612":{"start":{"line":1529,"column":8},"end":{"line":1529,"column":31}},"613":{"start":{"line":1532,"column":8},"end":{"line":1532,"column":46}},"614":{"start":{"line":1533,"column":8},"end":{"line":1533,"column":47}},"615":{"start":{"line":1534,"column":8},"end":{"line":1542,"column":9}},"616":{"start":{"line":1535,"column":12},"end":{"line":1535,"column":34}},"617":{"start":{"line":1536,"column":12},"end":{"line":1538,"column":13}},"618":{"start":{"line":1537,"column":16},"end":{"line":1537,"column":36}},"619":{"start":{"line":1539,"column":12},"end":{"line":1541,"column":13}},"620":{"start":{"line":1540,"column":16},"end":{"line":1540,"column":37}},"621":{"start":{"line":1543,"column":8},"end":{"line":1543,"column":39}},"622":{"start":{"line":1544,"column":8},"end":{"line":1544,"column":41}},"623":{"start":{"line":1546,"column":8},"end":{"line":1565,"column":11}},"624":{"start":{"line":1556,"column":12},"end":{"line":1556,"column":75}},"625":{"start":{"line":1559,"column":12},"end":{"line":1559,"column":53}},"626":{"start":{"line":1564,"column":12},"end":{"line":1564,"column":54}},"627":{"start":{"line":1566,"column":8},"end":{"line":1566,"column":20}},"628":{"start":{"line":1568,"column":4},"end":{"line":1568,"column":23}},"629":{"start":{"line":1570,"column":0},"end":{"line":1570,"column":34}}},"branchMap":{"1":{"line":1,"type":"if","locations":[{"start":{"line":1,"column":13},"end":{"line":1,"column":13}},{"start":{"line":1,"column":13},"end":{"line":1,"column":13}}]},"2":{"line":1,"type":"binary-expr","locations":[{"start":{"line":1,"column":16},"end":{"line":1,"column":41}},{"start":{"line":1,"column":43},"end":{"line":1,"column":70}}]},"3":{"line":1,"type":"if","locations":[{"start":{"line":1,"column":96},"end":{"line":1,"column":96}},{"start":{"line":1,"column":96},"end":{"line":1,"column":96}}]},"4":{"line":1,"type":"binary-expr","locations":[{"start":{"line":1,"column":99},"end":{"line":1,"column":125}},{"start":{"line":1,"column":127},"end":{"line":1,"column":137}}]},"5":{"line":1,"type":"if","locations":[{"start":{"line":1,"column":163},"end":{"line":1,"column":163}},{"start":{"line":1,"column":163},"end":{"line":1,"column":163}}]},"6":{"line":1,"type":"if","locations":[{"start":{"line":1,"column":209},"end":{"line":1,"column":209}},{"start":{"line":1,"column":209},"end":{"line":1,"column":209}}]},"7":{"line":1,"type":"if","locations":[{"start":{"line":1,"column":255},"end":{"line":1,"column":255}},{"start":{"line":1,"column":255},"end":{"line":1,"column":255}}]},"8":{"line":1,"type":"if","locations":[{"start":{"line":1,"column":405},"end":{"line":1,"column":405}},{"start":{"line":1,"column":405},"end":{"line":1,"column":405}}]},"9":{"line":1,"type":"if","locations":[{"start":{"line":1,"column":415},"end":{"line":1,"column":415}},{"start":{"line":1,"column":415},"end":{"line":1,"column":415}}]},"10":{"line":1,"type":"binary-expr","locations":[{"start":{"line":1,"column":431},"end":{"line":1,"column":457}},{"start":{"line":1,"column":459},"end":{"line":1,"column":466}}]},"11":{"line":1,"type":"if","locations":[{"start":{"line":1,"column":467},"end":{"line":1,"column":467}},{"start":{"line":1,"column":467},"end":{"line":1,"column":467}}]},"12":{"line":1,"type":"binary-expr","locations":[{"start":{"line":1,"column":470},"end":{"line":1,"column":472}},{"start":{"line":1,"column":474},"end":{"line":1,"column":475}}]},"13":{"line":1,"type":"if","locations":[{"start":{"line":1,"column":491},"end":{"line":1,"column":491}},{"start":{"line":1,"column":491},"end":{"line":1,"column":491}}]},"14":{"line":1,"type":"cond-expr","locations":[{"start":{"line":1,"column":678},"end":{"line":1,"column":679}},{"start":{"line":1,"column":680},"end":{"line":1,"column":681}}]},"15":{"line":1,"type":"binary-expr","locations":[{"start":{"line":1,"column":731},"end":{"line":1,"column":757}},{"start":{"line":1,"column":759},"end":{"line":1,"column":766}}]},"16":{"line":4,"type":"cond-expr","locations":[{"start":{"line":4,"column":33},"end":{"line":4,"column":54}},{"start":{"line":4,"column":57},"end":{"line":4,"column":117}}]},"17":{"line":4,"type":"cond-expr","locations":[{"start":{"line":4,"column":89},"end":{"line":4,"column":110}},{"start":{"line":4,"column":113},"end":{"line":4,"column":117}}]},"18":{"line":5,"type":"cond-expr","locations":[{"start":{"line":5,"column":33},"end":{"line":5,"column":45}},{"start":{"line":5,"column":48},"end":{"line":5,"column":99}}]},"19":{"line":5,"type":"cond-expr","locations":[{"start":{"line":5,"column":80},"end":{"line":5,"column":92}},{"start":{"line":5,"column":95},"end":{"line":5,"column":99}}]},"20":{"line":226,"type":"if","locations":[{"start":{"line":226,"column":8},"end":{"line":226,"column":8}},{"start":{"line":226,"column":8},"end":{"line":226,"column":8}}]},"21":{"line":226,"type":"binary-expr","locations":[{"start":{"line":226,"column":12},"end":{"line":226,"column":38}},{"start":{"line":226,"column":42},"end":{"line":226,"column":49}}]},"22":{"line":229,"type":"if","locations":[{"start":{"line":229,"column":8},"end":{"line":229,"column":8}},{"start":{"line":229,"column":8},"end":{"line":229,"column":8}}]},"23":{"line":229,"type":"binary-expr","locations":[{"start":{"line":229,"column":12},"end":{"line":229,"column":41}},{"start":{"line":229,"column":45},"end":{"line":229,"column":55}}]},"24":{"line":244,"type":"if","locations":[{"start":{"line":244,"column":8},"end":{"line":244,"column":8}},{"start":{"line":244,"column":8},"end":{"line":244,"column":8}}]},"25":{"line":244,"type":"binary-expr","locations":[{"start":{"line":244,"column":12},"end":{"line":244,"column":39}},{"start":{"line":244,"column":43},"end":{"line":244,"column":51}}]},"26":{"line":247,"type":"if","locations":[{"start":{"line":247,"column":8},"end":{"line":247,"column":8}},{"start":{"line":247,"column":8},"end":{"line":247,"column":8}}]},"27":{"line":247,"type":"binary-expr","locations":[{"start":{"line":247,"column":12},"end":{"line":247,"column":40}},{"start":{"line":247,"column":44},"end":{"line":247,"column":53}}]},"28":{"line":357,"type":"cond-expr","locations":[{"start":{"line":357,"column":45},"end":{"line":357,"column":51}},{"start":{"line":357,"column":54},"end":{"line":357,"column":134}}]},"29":{"line":357,"type":"cond-expr","locations":[{"start":{"line":357,"column":84},"end":{"line":357,"column":88}},{"start":{"line":357,"column":91},"end":{"line":357,"column":134}}]},"30":{"line":357,"type":"cond-expr","locations":[{"start":{"line":357,"column":123},"end":{"line":357,"column":129}},{"start":{"line":357,"column":132},"end":{"line":357,"column":134}}]},"31":{"line":374,"type":"if","locations":[{"start":{"line":374,"column":8},"end":{"line":374,"column":8}},{"start":{"line":374,"column":8},"end":{"line":374,"column":8}}]},"32":{"line":378,"type":"if","locations":[{"start":{"line":378,"column":13},"end":{"line":378,"column":13}},{"start":{"line":378,"column":13},"end":{"line":378,"column":13}}]},"33":{"line":382,"type":"if","locations":[{"start":{"line":382,"column":13},"end":{"line":382,"column":13}},{"start":{"line":382,"column":13},"end":{"line":382,"column":13}}]},"34":{"line":415,"type":"if","locations":[{"start":{"line":415,"column":8},"end":{"line":415,"column":8}},{"start":{"line":415,"column":8},"end":{"line":415,"column":8}}]},"35":{"line":418,"type":"if","locations":[{"start":{"line":418,"column":13},"end":{"line":418,"column":13}},{"start":{"line":418,"column":13},"end":{"line":418,"column":13}}]},"36":{"line":433,"type":"switch","locations":[{"start":{"line":434,"column":12},"end":{"line":437,"column":13}},{"start":{"line":438,"column":12},"end":{"line":458,"column":13}},{"start":{"line":459,"column":12},"end":{"line":471,"column":13}},{"start":{"line":472,"column":12},"end":{"line":492,"column":13}},{"start":{"line":493,"column":12},"end":{"line":513,"column":13}},{"start":{"line":514,"column":12},"end":{"line":534,"column":13}},{"start":{"line":535,"column":12},"end":{"line":583,"column":13}},{"start":{"line":584,"column":12},"end":{"line":586,"column":13}}]},"37":{"line":602,"type":"if","locations":[{"start":{"line":602,"column":8},"end":{"line":602,"column":8}},{"start":{"line":602,"column":8},"end":{"line":602,"column":8}}]},"38":{"line":613,"type":"if","locations":[{"start":{"line":613,"column":12},"end":{"line":613,"column":12}},{"start":{"line":613,"column":12},"end":{"line":613,"column":12}}]},"39":{"line":613,"type":"binary-expr","locations":[{"start":{"line":613,"column":16},"end":{"line":613,"column":21}},{"start":{"line":613,"column":25},"end":{"line":613,"column":30}}]},"40":{"line":628,"type":"if","locations":[{"start":{"line":628,"column":12},"end":{"line":628,"column":12}},{"start":{"line":628,"column":12},"end":{"line":628,"column":12}}]},"41":{"line":628,"type":"binary-expr","locations":[{"start":{"line":628,"column":16},"end":{"line":628,"column":27}},{"start":{"line":628,"column":31},"end":{"line":628,"column":44}}]},"42":{"line":698,"type":"binary-expr","locations":[{"start":{"line":698,"column":17},"end":{"line":698,"column":21}},{"start":{"line":698,"column":25},"end":{"line":698,"column":39}},{"start":{"line":698,"column":44},"end":{"line":702,"column":1}}]},"43":{"line":699,"type":"if","locations":[{"start":{"line":699,"column":21},"end":{"line":699,"column":21}},{"start":{"line":699,"column":21},"end":{"line":699,"column":21}}]},"44":{"line":701,"type":"cond-expr","locations":[{"start":{"line":701,"column":31},"end":{"line":701,"column":47}},{"start":{"line":701,"column":51},"end":{"line":701,"column":87}}]},"45":{"line":703,"type":"cond-expr","locations":[{"start":{"line":703,"column":33},"end":{"line":703,"column":54}},{"start":{"line":703,"column":57},"end":{"line":703,"column":117}}]},"46":{"line":703,"type":"cond-expr","locations":[{"start":{"line":703,"column":89},"end":{"line":703,"column":110}},{"start":{"line":703,"column":113},"end":{"line":703,"column":117}}]},"47":{"line":704,"type":"cond-expr","locations":[{"start":{"line":704,"column":33},"end":{"line":704,"column":45}},{"start":{"line":704,"column":48},"end":{"line":704,"column":99}}]},"48":{"line":704,"type":"cond-expr","locations":[{"start":{"line":704,"column":80},"end":{"line":704,"column":92}},{"start":{"line":704,"column":95},"end":{"line":704,"column":99}}]},"49":{"line":705,"type":"cond-expr","locations":[{"start":{"line":705,"column":33},"end":{"line":705,"column":49}},{"start":{"line":705,"column":52},"end":{"line":705,"column":107}}]},"50":{"line":705,"type":"cond-expr","locations":[{"start":{"line":705,"column":84},"end":{"line":705,"column":100}},{"start":{"line":705,"column":103},"end":{"line":705,"column":107}}]},"51":{"line":743,"type":"if","locations":[{"start":{"line":743,"column":12},"end":{"line":743,"column":12}},{"start":{"line":743,"column":12},"end":{"line":743,"column":12}}]},"52":{"line":746,"type":"if","locations":[{"start":{"line":746,"column":12},"end":{"line":746,"column":12}},{"start":{"line":746,"column":12},"end":{"line":746,"column":12}}]},"53":{"line":771,"type":"if","locations":[{"start":{"line":771,"column":12},"end":{"line":771,"column":12}},{"start":{"line":771,"column":12},"end":{"line":771,"column":12}}]},"54":{"line":787,"type":"cond-expr","locations":[{"start":{"line":787,"column":45},"end":{"line":787,"column":51}},{"start":{"line":787,"column":54},"end":{"line":787,"column":134}}]},"55":{"line":787,"type":"cond-expr","locations":[{"start":{"line":787,"column":84},"end":{"line":787,"column":88}},{"start":{"line":787,"column":91},"end":{"line":787,"column":134}}]},"56":{"line":787,"type":"cond-expr","locations":[{"start":{"line":787,"column":123},"end":{"line":787,"column":129}},{"start":{"line":787,"column":132},"end":{"line":787,"column":134}}]},"57":{"line":792,"type":"binary-expr","locations":[{"start":{"line":792,"column":17},"end":{"line":792,"column":21}},{"start":{"line":792,"column":25},"end":{"line":792,"column":39}},{"start":{"line":792,"column":44},"end":{"line":796,"column":1}}]},"58":{"line":793,"type":"if","locations":[{"start":{"line":793,"column":21},"end":{"line":793,"column":21}},{"start":{"line":793,"column":21},"end":{"line":793,"column":21}}]},"59":{"line":795,"type":"cond-expr","locations":[{"start":{"line":795,"column":31},"end":{"line":795,"column":47}},{"start":{"line":795,"column":51},"end":{"line":795,"column":87}}]},"60":{"line":797,"type":"cond-expr","locations":[{"start":{"line":797,"column":33},"end":{"line":797,"column":54}},{"start":{"line":797,"column":57},"end":{"line":797,"column":117}}]},"61":{"line":797,"type":"cond-expr","locations":[{"start":{"line":797,"column":89},"end":{"line":797,"column":110}},{"start":{"line":797,"column":113},"end":{"line":797,"column":117}}]},"62":{"line":798,"type":"cond-expr","locations":[{"start":{"line":798,"column":33},"end":{"line":798,"column":45}},{"start":{"line":798,"column":48},"end":{"line":798,"column":99}}]},"63":{"line":798,"type":"cond-expr","locations":[{"start":{"line":798,"column":80},"end":{"line":798,"column":92}},{"start":{"line":798,"column":95},"end":{"line":798,"column":99}}]},"64":{"line":799,"type":"cond-expr","locations":[{"start":{"line":799,"column":33},"end":{"line":799,"column":49}},{"start":{"line":799,"column":52},"end":{"line":799,"column":107}}]},"65":{"line":799,"type":"cond-expr","locations":[{"start":{"line":799,"column":84},"end":{"line":799,"column":100}},{"start":{"line":799,"column":103},"end":{"line":799,"column":107}}]},"66":{"line":853,"type":"if","locations":[{"start":{"line":853,"column":8},"end":{"line":853,"column":8}},{"start":{"line":853,"column":8},"end":{"line":853,"column":8}}]},"67":{"line":859,"type":"if","locations":[{"start":{"line":859,"column":12},"end":{"line":859,"column":12}},{"start":{"line":859,"column":12},"end":{"line":859,"column":12}}]},"68":{"line":891,"type":"if","locations":[{"start":{"line":891,"column":8},"end":{"line":891,"column":8}},{"start":{"line":891,"column":8},"end":{"line":891,"column":8}}]},"69":{"line":955,"type":"if","locations":[{"start":{"line":955,"column":12},"end":{"line":955,"column":12}},{"start":{"line":955,"column":12},"end":{"line":955,"column":12}}]},"70":{"line":958,"type":"if","locations":[{"start":{"line":958,"column":12},"end":{"line":958,"column":12}},{"start":{"line":958,"column":12},"end":{"line":958,"column":12}}]},"71":{"line":991,"type":"cond-expr","locations":[{"start":{"line":991,"column":45},"end":{"line":991,"column":51}},{"start":{"line":991,"column":54},"end":{"line":991,"column":134}}]},"72":{"line":991,"type":"cond-expr","locations":[{"start":{"line":991,"column":84},"end":{"line":991,"column":88}},{"start":{"line":991,"column":91},"end":{"line":991,"column":134}}]},"73":{"line":991,"type":"cond-expr","locations":[{"start":{"line":991,"column":123},"end":{"line":991,"column":129}},{"start":{"line":991,"column":132},"end":{"line":991,"column":134}}]},"74":{"line":996,"type":"cond-expr","locations":[{"start":{"line":996,"column":33},"end":{"line":996,"column":45}},{"start":{"line":996,"column":48},"end":{"line":996,"column":99}}]},"75":{"line":996,"type":"cond-expr","locations":[{"start":{"line":996,"column":80},"end":{"line":996,"column":92}},{"start":{"line":996,"column":95},"end":{"line":996,"column":99}}]},"76":{"line":1263,"type":"cond-expr","locations":[{"start":{"line":1263,"column":45},"end":{"line":1263,"column":51}},{"start":{"line":1263,"column":54},"end":{"line":1263,"column":134}}]},"77":{"line":1263,"type":"cond-expr","locations":[{"start":{"line":1263,"column":84},"end":{"line":1263,"column":88}},{"start":{"line":1263,"column":91},"end":{"line":1263,"column":134}}]},"78":{"line":1263,"type":"cond-expr","locations":[{"start":{"line":1263,"column":123},"end":{"line":1263,"column":129}},{"start":{"line":1263,"column":132},"end":{"line":1263,"column":134}}]},"79":{"line":1288,"type":"binary-expr","locations":[{"start":{"line":1288,"column":17},"end":{"line":1288,"column":21}},{"start":{"line":1288,"column":25},"end":{"line":1288,"column":39}},{"start":{"line":1288,"column":44},"end":{"line":1292,"column":1}}]},"80":{"line":1289,"type":"if","locations":[{"start":{"line":1289,"column":21},"end":{"line":1289,"column":21}},{"start":{"line":1289,"column":21},"end":{"line":1289,"column":21}}]},"81":{"line":1291,"type":"cond-expr","locations":[{"start":{"line":1291,"column":31},"end":{"line":1291,"column":47}},{"start":{"line":1291,"column":51},"end":{"line":1291,"column":87}}]},"82":{"line":1293,"type":"cond-expr","locations":[{"start":{"line":1293,"column":33},"end":{"line":1293,"column":54}},{"start":{"line":1293,"column":57},"end":{"line":1293,"column":117}}]},"83":{"line":1293,"type":"cond-expr","locations":[{"start":{"line":1293,"column":89},"end":{"line":1293,"column":110}},{"start":{"line":1293,"column":113},"end":{"line":1293,"column":117}}]},"84":{"line":1294,"type":"cond-expr","locations":[{"start":{"line":1294,"column":33},"end":{"line":1294,"column":45}},{"start":{"line":1294,"column":48},"end":{"line":1294,"column":99}}]},"85":{"line":1294,"type":"cond-expr","locations":[{"start":{"line":1294,"column":80},"end":{"line":1294,"column":92}},{"start":{"line":1294,"column":95},"end":{"line":1294,"column":99}}]},"86":{"line":1338,"type":"if","locations":[{"start":{"line":1338,"column":12},"end":{"line":1338,"column":12}},{"start":{"line":1338,"column":12},"end":{"line":1338,"column":12}}]},"87":{"line":1341,"type":"if","locations":[{"start":{"line":1341,"column":12},"end":{"line":1341,"column":12}},{"start":{"line":1341,"column":12},"end":{"line":1341,"column":12}}]},"88":{"line":1366,"type":"if","locations":[{"start":{"line":1366,"column":12},"end":{"line":1366,"column":12}},{"start":{"line":1366,"column":12},"end":{"line":1366,"column":12}}]},"89":{"line":1382,"type":"cond-expr","locations":[{"start":{"line":1382,"column":45},"end":{"line":1382,"column":51}},{"start":{"line":1382,"column":54},"end":{"line":1382,"column":134}}]},"90":{"line":1382,"type":"cond-expr","locations":[{"start":{"line":1382,"column":84},"end":{"line":1382,"column":88}},{"start":{"line":1382,"column":91},"end":{"line":1382,"column":134}}]},"91":{"line":1382,"type":"cond-expr","locations":[{"start":{"line":1382,"column":123},"end":{"line":1382,"column":129}},{"start":{"line":1382,"column":132},"end":{"line":1382,"column":134}}]},"92":{"line":1387,"type":"binary-expr","locations":[{"start":{"line":1387,"column":17},"end":{"line":1387,"column":21}},{"start":{"line":1387,"column":25},"end":{"line":1387,"column":39}},{"start":{"line":1387,"column":44},"end":{"line":1391,"column":1}}]},"93":{"line":1388,"type":"if","locations":[{"start":{"line":1388,"column":21},"end":{"line":1388,"column":21}},{"start":{"line":1388,"column":21},"end":{"line":1388,"column":21}}]},"94":{"line":1390,"type":"cond-expr","locations":[{"start":{"line":1390,"column":31},"end":{"line":1390,"column":47}},{"start":{"line":1390,"column":51},"end":{"line":1390,"column":87}}]},"95":{"line":1392,"type":"cond-expr","locations":[{"start":{"line":1392,"column":33},"end":{"line":1392,"column":54}},{"start":{"line":1392,"column":57},"end":{"line":1392,"column":117}}]},"96":{"line":1392,"type":"cond-expr","locations":[{"start":{"line":1392,"column":89},"end":{"line":1392,"column":110}},{"start":{"line":1392,"column":113},"end":{"line":1392,"column":117}}]},"97":{"line":1393,"type":"cond-expr","locations":[{"start":{"line":1393,"column":33},"end":{"line":1393,"column":45}},{"start":{"line":1393,"column":48},"end":{"line":1393,"column":99}}]},"98":{"line":1393,"type":"cond-expr","locations":[{"start":{"line":1393,"column":80},"end":{"line":1393,"column":92}},{"start":{"line":1393,"column":95},"end":{"line":1393,"column":99}}]},"99":{"line":1394,"type":"cond-expr","locations":[{"start":{"line":1394,"column":33},"end":{"line":1394,"column":49}},{"start":{"line":1394,"column":52},"end":{"line":1394,"column":107}}]},"100":{"line":1394,"type":"cond-expr","locations":[{"start":{"line":1394,"column":84},"end":{"line":1394,"column":100}},{"start":{"line":1394,"column":103},"end":{"line":1394,"column":107}}]},"101":{"line":1452,"type":"if","locations":[{"start":{"line":1452,"column":8},"end":{"line":1452,"column":8}},{"start":{"line":1452,"column":8},"end":{"line":1452,"column":8}}]},"102":{"line":1458,"type":"if","locations":[{"start":{"line":1458,"column":12},"end":{"line":1458,"column":12}},{"start":{"line":1458,"column":12},"end":{"line":1458,"column":12}}]},"103":{"line":1536,"type":"if","locations":[{"start":{"line":1536,"column":12},"end":{"line":1536,"column":12}},{"start":{"line":1536,"column":12},"end":{"line":1536,"column":12}}]},"104":{"line":1539,"type":"if","locations":[{"start":{"line":1539,"column":12},"end":{"line":1539,"column":12}},{"start":{"line":1539,"column":12},"end":{"line":1539,"column":12}}]},"105":{"line":1572,"type":"cond-expr","locations":[{"start":{"line":1572,"column":45},"end":{"line":1572,"column":51}},{"start":{"line":1572,"column":54},"end":{"line":1572,"column":134}}]},"106":{"line":1572,"type":"cond-expr","locations":[{"start":{"line":1572,"column":84},"end":{"line":1572,"column":88}},{"start":{"line":1572,"column":91},"end":{"line":1572,"column":134}}]},"107":{"line":1572,"type":"cond-expr","locations":[{"start":{"line":1572,"column":123},"end":{"line":1572,"column":129}},{"start":{"line":1572,"column":132},"end":{"line":1572,"column":134}}]}},"l":{"1":19,"2":1,"4":1,"5":1,"6":1,"7":1,"14":1,"24":1,"26":46,"28":46,"30":46,"33":46,"35":46,"37":46,"38":46,"39":46,"40":46,"41":46,"42":46,"43":46,"44":46,"45":46,"47":46,"48":46,"49":191,"58":1,"60":96,"67":1,"69":83,"70":83,"71":83,"72":83,"73":83,"80":83,"89":1,"91":83,"92":83,"93":83,"94":83,"95":83,"102":83,"109":1,"110":83,"111":83,"112":83,"113":83,"114":83,"120":83,"126":1,"128":81,"129":81,"130":81,"137":1,"138":122,"141":122,"148":1,"149":83,"150":83,"151":83,"152":83,"158":83,"165":1,"167":106,"168":106,"169":106,"170":106,"173":106,"179":106,"183":106,"190":1,"192":83,"193":83,"194":83,"195":83,"201":83,"208":1,"210":191,"212":191,"213":96,"215":191,"223":1,"224":107,"225":107,"226":107,"227":0,"229":107,"230":46,"232":107,"233":107,"241":1,"242":92,"243":92,"244":92,"245":0,"247":92,"248":46,"250":92,"251":92,"253":1,"259":1369,"267":46,"268":46,"273":1,"279":636,"287":46,"288":46,"293":1,"299":1332,"307":46,"308":46,"313":1,"319":1108,"327":61,"328":61,"333":1,"339":1192,"347":46,"348":46,"353":1,"355":1,"365":1,"371":1,"372":101,"373":101,"374":101,"375":47,"376":47,"378":54,"379":52,"380":52,"382":2,"383":1,"384":1,"385":1,"388":0,"392":1,"396":100,"398":100,"399":100,"400":100,"414":1,"415":700,"416":3,"418":697,"419":697,"422":0,"431":1,"432":99,"433":99,"435":64,"436":64,"439":3,"457":3,"460":1,"470":1,"473":0,"491":0,"494":8,"512":8,"515":15,"533":15,"536":8,"582":8,"585":0,"588":99,"599":1,"602":16287,"603":46,"604":46,"606":16287,"607":16287,"608":16287,"609":16287,"610":16287,"611":53715,"612":53715,"613":53715,"614":16287,"615":16287,"616":16287,"619":16287,"620":16287,"626":16287,"627":65148,"628":65148,"629":0,"632":16287,"640":1,"641":16287,"642":16287,"643":16287,"650":1,"651":1,"652":1,"653":1,"660":1,"661":1,"662":2,"663":2,"665":1,"666":1,"673":1,"691":1,"693":1,"696":1,"698":1,"699":1,"700":1,"701":1,"703":1,"704":1,"705":1,"706":1,"707":1,"708":1,"709":1,"710":1,"711":8,"712":8,"713":8,"714":8,"716":1,"718":40,"719":40,"720":40,"721":40,"722":40,"723":40,"724":40,"725":40,"726":40,"727":40,"731":40,"732":40,"734":1702,"736":40,"739":40,"740":40,"741":40,"742":1702,"743":1702,"744":112,"746":1702,"747":142,"750":40,"751":40,"753":40,"763":1702,"766":1702,"769":1702,"770":1702,"771":1702,"772":22,"775":1680,"779":1702,"781":40,"783":1,"785":1,"790":1,"792":1,"793":1,"794":1,"795":1,"797":1,"798":1,"799":1,"800":1,"801":1,"802":1,"803":1,"811":1,"812":15,"813":15,"814":15,"815":15,"821":1,"823":13,"826":13,"827":25012,"829":25012,"834":13,"835":13,"852":1,"853":64,"855":0,"859":64,"861":55,"862":55,"863":55,"864":55,"865":55,"866":55,"867":55,"868":55,"869":55,"870":55,"872":64,"880":1,"881":68,"882":68,"883":68,"884":68,"885":68,"886":68,"887":68,"888":68,"889":68,"890":68,"891":68,"892":27,"893":27,"896":41,"897":41,"900":68,"904":68,"909":68,"914":68,"920":68,"929":1,"931":27,"932":27,"933":27,"934":27,"935":27,"936":27,"937":27,"938":27,"939":27,"943":27,"944":27,"946":1964,"948":27,"951":27,"952":27,"953":27,"954":1964,"955":1964,"956":111,"958":1964,"959":144,"962":27,"963":27,"965":27,"975":1964,"978":1964,"983":1964,"985":27,"987":1,"989":1,"994":1,"996":1,"1001":1,"1008":1,"1009":81,"1011":81,"1012":81,"1013":81,"1014":81,"1015":81,"1016":81,"1017":81,"1018":81,"1025":1,"1027":81,"1028":81,"1029":81,"1030":81,"1031":81,"1032":81,"1033":81,"1034":81,"1040":1,"1042":81,"1043":81,"1044":81,"1051":81,"1057":1,"1058":81,"1059":81,"1060":81,"1064":81,"1067":81,"1073":1,"1075":81,"1076":81,"1077":81,"1084":81,"1091":1,"1093":81,"1094":81,"1095":81,"1096":81,"1097":81,"1098":81,"1099":10368,"1104":81,"1106":81,"1117":10368,"1122":10368,"1124":81,"1130":1,"1131":81,"1132":81,"1133":81,"1139":81,"1146":1,"1148":81,"1149":81,"1150":81,"1151":81,"1152":81,"1155":81,"1160":81,"1164":81,"1170":1,"1172":81,"1173":81,"1174":81,"1175":81,"1181":81,"1183":1,"1189":648,"1197":81,"1202":1,"1208":243,"1216":81,"1221":1,"1227":486,"1235":81,"1240":1,"1246":567,"1254":81,"1259":1,"1261":1,"1270":1,"1271":1,"1272":1,"1273":1,"1274":1,"1275":1,"1276":1,"1277":1,"1278":1,"1279":1,"1280":1,"1281":1,"1282":1,"1283":1,"1286":1,"1288":1,"1289":1,"1290":1,"1291":1,"1293":1,"1294":1,"1295":1,"1296":1,"1297":1,"1298":1,"1299":1,"1300":8,"1301":8,"1302":8,"1303":8,"1312":1,"1314":24,"1315":24,"1316":24,"1317":24,"1318":24,"1319":24,"1320":24,"1321":24,"1322":24,"1326":24,"1327":24,"1329":1132,"1331":24,"1334":24,"1335":24,"1336":24,"1337":1132,"1338":1132,"1339":84,"1341":1132,"1342":64,"1345":24,"1346":24,"1348":24,"1358":1132,"1361":1132,"1364":1132,"1365":1132,"1366":1132,"1367":12,"1370":1120,"1374":1132,"1376":24,"1378":1,"1380":1,"1385":1,"1387":1,"1388":1,"1389":1,"1390":1,"1392":1,"1393":1,"1394":1,"1395":1,"1396":1,"1397":1,"1398":1,"1409":1,"1410":15,"1411":15,"1412":15,"1413":15,"1414":15,"1420":1,"1422":13,"1425":13,"1427":25012,"1428":25012,"1433":13,"1434":13,"1451":1,"1452":31,"1454":0,"1458":31,"1460":26,"1461":26,"1462":26,"1463":26,"1464":26,"1465":26,"1466":26,"1467":26,"1468":26,"1469":26,"1471":31,"1479":1,"1480":39,"1481":39,"1482":39,"1483":39,"1484":39,"1485":39,"1486":351,"1487":351,"1489":39,"1492":39,"1498":39,"1502":39,"1511":1,"1513":14,"1514":14,"1515":14,"1516":14,"1517":14,"1518":14,"1519":14,"1520":14,"1524":14,"1525":14,"1527":1120,"1529":14,"1532":14,"1533":14,"1534":14,"1535":1120,"1536":1120,"1537":72,"1539":1120,"1540":54,"1543":14,"1544":14,"1546":14,"1556":1120,"1559":1120,"1564":1120,"1566":14,"1568":1,"1570":1}}}
