{
"/home/daisycutter/github/nlesc-sherlock/punchcardjs/dist/punchcards.js":{"path":"/home/daisycutter/github/nlesc-sherlock/punchcardjs/dist/punchcards.js","s":{"1":1,"2":1,"3":0,"4":1,"5":0,"6":1,"7":1,"8":1,"9":0,"10":0,"11":0,"12":0,"13":0,"14":1,"15":1,"16":1,"17":1,"18":19,"19":8,"20":0,"21":0,"22":0,"23":0,"24":0,"25":0,"26":0,"27":8,"28":8,"29":17,"30":17,"31":19,"32":1,"33":1,"34":1,"35":1,"36":1,"37":1,"38":1,"39":1,"40":1,"41":1,"42":1,"43":46,"44":46,"45":46,"46":46,"47":46,"48":46,"49":46,"50":46,"51":46,"52":46,"53":46,"54":46,"55":46,"56":46,"57":46,"58":46,"59":46,"60":191,"61":1,"62":96,"63":1,"64":97,"65":97,"66":97,"67":97,"68":97,"69":97,"70":1,"71":97,"72":97,"73":97,"74":97,"75":97,"76":97,"77":1,"78":95,"79":95,"80":95,"81":95,"82":1,"83":97,"84":97,"85":97,"86":97,"87":97,"88":97,"89":1,"90":95,"91":95,"92":95,"93":1,"94":136,"95":136,"96":1,"97":97,"98":97,"99":97,"100":97,"101":97,"102":1,"103":120,"104":120,"105":120,"106":120,"107":120,"108":120,"109":120,"110":1,"111":97,"112":97,"113":97,"114":97,"115":97,"116":1,"117":191,"118":191,"119":106,"120":191,"121":1,"122":0,"123":1,"124":0,"125":1,"126":107,"127":107,"128":107,"129":0,"130":107,"131":46,"132":107,"133":107,"134":1,"135":92,"136":92,"137":92,"138":0,"139":92,"140":46,"141":92,"142":92,"143":1,"144":1565,"145":46,"146":46,"147":1,"148":815,"149":46,"150":46,"151":1,"152":1528,"153":46,"154":46,"155":1,"156":1357,"157":61,"158":61,"159":1,"160":1483,"161":46,"162":46,"163":1,"164":1,"165":1,"166":1,"167":101,"168":101,"169":101,"170":47,"171":47,"172":54,"173":52,"174":52,"175":2,"176":1,"177":1,"178":1,"179":0,"180":1,"181":100,"182":100,"183":100,"184":100,"185":1,"186":700,"187":3,"188":697,"189":697,"190":0,"191":1,"192":99,"193":99,"194":64,"195":64,"196":3,"197":3,"198":1,"199":1,"200":0,"201":0,"202":8,"203":8,"204":15,"205":15,"206":8,"207":8,"208":0,"209":99,"210":1,"211":20025,"212":46,"213":46,"214":20025,"215":20025,"216":20025,"217":20025,"218":20025,"219":66015,"220":66015,"221":66015,"222":20025,"223":20025,"224":20025,"225":20025,"226":20025,"227":20025,"228":80100,"229":80100,"230":0,"231":20025,"232":1,"233":20025,"234":20025,"235":20025,"236":1,"237":1,"238":1,"239":1,"240":1,"241":1,"242":2,"243":2,"244":1,"245":1,"246":1,"247":1,"248":1,"249":1,"250":1,"251":1,"252":0,"253":0,"254":1,"255":1,"256":1,"257":1,"258":1,"259":1,"260":1,"261":1,"262":1,"263":1,"264":1,"265":8,"266":8,"267":8,"268":8,"269":8,"270":8,"271":8,"272":1,"273":45,"274":45,"275":45,"276":45,"277":45,"278":45,"279":45,"280":45,"281":45,"282":45,"283":45,"284":45,"285":2397,"286":45,"287":45,"288":45,"289":45,"290":2397,"291":2397,"292":147,"293":2397,"294":187,"295":45,"296":45,"297":45,"298":2397,"299":2397,"300":2397,"301":2397,"302":2397,"303":22,"304":2375,"305":2397,"306":0,"307":0,"308":0,"309":45,"310":1,"311":1,"312":1,"313":1,"314":1,"315":0,"316":0,"317":1,"318":1,"319":1,"320":1,"321":1,"322":1,"323":1,"324":1,"325":1,"326":1,"327":1,"328":15,"329":15,"330":15,"331":15,"332":15,"333":15,"334":1,"335":23,"336":23,"337":50019,"338":50019,"339":50019,"340":50019,"341":50019,"342":50019,"343":50019,"344":0,"345":23,"346":23,"347":1,"348":64,"349":0,"350":64,"351":64,"352":64,"353":64,"354":64,"355":64,"356":64,"357":64,"358":64,"359":64,"360":64,"361":64,"362":64,"363":1,"364":77,"365":77,"366":77,"367":77,"368":77,"369":77,"370":77,"371":77,"372":77,"373":77,"374":77,"375":36,"376":36,"377":41,"378":41,"379":77,"380":77,"381":77,"382":77,"383":77,"384":1,"385":31,"386":31,"387":31,"388":31,"389":31,"390":31,"391":31,"392":31,"393":31,"394":31,"395":31,"396":2520,"397":31,"398":31,"399":31,"400":31,"401":2520,"402":2520,"403":139,"404":2520,"405":180,"406":31,"407":31,"408":31,"409":2520,"410":2520,"411":2520,"412":0,"413":0,"414":0,"415":31,"416":1,"417":0,"418":0,"419":0,"420":1,"421":0,"422":0,"423":1,"424":1,"425":1,"426":1,"427":1,"428":1,"429":95,"430":95,"431":95,"432":95,"433":95,"434":95,"435":95,"436":95,"437":95,"438":1,"439":95,"440":95,"441":95,"442":95,"443":95,"444":95,"445":95,"446":95,"447":1,"448":95,"449":95,"450":95,"451":95,"452":1,"453":95,"454":95,"455":95,"456":95,"457":95,"458":1,"459":95,"460":95,"461":95,"462":95,"463":1,"464":95,"465":95,"466":95,"467":95,"468":95,"469":95,"470":12160,"471":95,"472":95,"473":12160,"474":12160,"475":95,"476":1,"477":95,"478":95,"479":95,"480":95,"481":1,"482":95,"483":95,"484":95,"485":95,"486":95,"487":95,"488":95,"489":95,"490":1,"491":95,"492":95,"493":95,"494":95,"495":95,"496":1,"497":760,"498":95,"499":1,"500":285,"501":95,"502":1,"503":570,"504":95,"505":1,"506":665,"507":95,"508":1,"509":1,"510":1,"511":1,"512":1,"513":1,"514":1,"515":1,"516":1,"517":1,"518":1,"519":1,"520":1,"521":1,"522":1,"523":1,"524":1,"525":1,"526":1,"527":0,"528":0,"529":1,"530":1,"531":1,"532":1,"533":1,"534":1,"535":1,"536":1,"537":1,"538":1,"539":8,"540":8,"541":8,"542":8,"543":8,"544":8,"545":8,"546":1,"547":27,"548":27,"549":27,"550":27,"551":27,"552":27,"553":27,"554":27,"555":27,"556":27,"557":27,"558":1549,"559":27,"560":27,"561":27,"562":27,"563":1549,"564":1549,"565":108,"566":1549,"567":82,"568":27,"569":27,"570":27,"571":1549,"572":1549,"573":1549,"574":1549,"575":1549,"576":12,"577":1537,"578":1549,"579":0,"580":0,"581":0,"582":27,"583":1,"584":1,"585":1,"586":1,"587":1,"588":0,"589":0,"590":1,"591":1,"592":1,"593":1,"594":1,"595":1,"596":1,"597":1,"598":1,"599":1,"600":1,"601":15,"602":15,"603":15,"604":15,"605":15,"606":15,"607":15,"608":1,"609":23,"610":23,"611":50019,"612":50019,"613":50019,"614":50019,"615":50019,"616":50019,"617":50019,"618":0,"619":23,"620":23,"621":1,"622":31,"623":0,"624":31,"625":31,"626":31,"627":31,"628":31,"629":31,"630":31,"631":31,"632":31,"633":31,"634":31,"635":31,"636":31,"637":1,"638":44,"639":44,"640":44,"641":44,"642":44,"643":44,"644":396,"645":396,"646":44,"647":44,"648":44,"649":44,"650":1,"651":16,"652":16,"653":16,"654":16,"655":16,"656":16,"657":16,"658":16,"659":16,"660":16,"661":1398,"662":16,"663":16,"664":16,"665":16,"666":1398,"667":1398,"668":88,"669":1398,"670":66,"671":16,"672":16,"673":16,"674":1398,"675":1398,"676":1398,"677":0,"678":0,"679":0,"680":16,"681":1,"682":0,"683":0,"684":0,"685":1,"686":0,"687":0,"688":1,"689":1},"b":{"1":[0,1],"2":[1,0],"3":[0,1],"4":[1,0],"5":[1,0],"6":[0,0],"7":[0,0],"8":[8,11],"9":[0,8],"10":[0,0],"11":[0,0],"12":[0,0],"13":[0,0],"14":[17,0],"15":[1,0],"16":[1,0],"17":[0,0],"18":[1,0],"19":[0,0],"20":[46,40],"21":[0,107],"22":[107,107],"23":[46,61],"24":[107,61],"25":[0,92],"26":[92,92],"27":[46,46],"28":[92,46],"29":[0,1],"30":[1,0],"31":[0,0],"32":[47,54],"33":[52,2],"34":[1,1],"35":[3,697],"36":[697,0],"37":[64,3,1,0,8,15,8,0],"38":[46,19979],"39":[20025,45990],"40":[66015,66015],"41":[0,80100],"42":[80100,80100],"43":[1,1,1],"44":[0,0],"45":[0,1],"46":[1,0],"47":[0,0],"48":[1,0],"49":[0,0],"50":[1,0],"51":[0,0],"52":[147,2250],"53":[187,2210],"54":[22,2375],"55":[0,1],"56":[1,0],"57":[0,0],"58":[1,1,1],"59":[0,0],"60":[0,1],"61":[1,0],"62":[0,0],"63":[1,0],"64":[0,0],"65":[1,0],"66":[0,0],"67":[50019,0],"68":[0,64],"69":[64,0],"70":[36,41],"71":[139,2381],"72":[180,2340],"73":[0,1],"74":[1,0],"75":[0,0],"76":[1,0],"77":[0,0],"78":[0,1],"79":[1,0],"80":[0,0],"81":[1,1,1],"82":[0,0],"83":[0,1],"84":[1,0],"85":[0,0],"86":[1,0],"87":[0,0],"88":[108,1441],"89":[82,1467],"90":[12,1537],"91":[0,1],"92":[1,0],"93":[0,0],"94":[1,1,1],"95":[0,0],"96":[0,1],"97":[1,0],"98":[0,0],"99":[1,0],"100":[0,0],"101":[1,0],"102":[0,0],"103":[50019,0],"104":[0,31],"105":[31,0],"106":[88,1310],"107":[66,1332],"108":[0,1],"109":[1,0],"110":[0,0]},"f":{"1":1,"2":1,"3":1,"4":19,"5":17,"6":1,"7":1,"8":1,"9":46,"10":191,"11":96,"12":97,"13":97,"14":95,"15":97,"16":95,"17":136,"18":97,"19":120,"20":97,"21":191,"22":0,"23":0,"24":107,"25":92,"26":1565,"27":46,"28":815,"29":46,"30":1528,"31":46,"32":1357,"33":61,"34":1483,"35":46,"36":1,"37":1,"38":101,"39":700,"40":99,"41":20025,"42":20025,"43":1,"44":1,"45":1,"46":1,"47":1,"48":1,"49":1,"50":8,"51":45,"52":2397,"53":2397,"54":2397,"55":2397,"56":2397,"57":0,"58":0,"59":0,"60":1,"61":1,"62":1,"63":1,"64":1,"65":15,"66":23,"67":50019,"68":64,"69":77,"70":31,"71":2520,"72":2520,"73":2520,"74":2520,"75":0,"76":0,"77":0,"78":0,"79":0,"80":1,"81":1,"82":1,"83":95,"84":95,"85":95,"86":95,"87":95,"88":95,"89":12160,"90":12160,"91":95,"92":95,"93":95,"94":760,"95":95,"96":285,"97":95,"98":570,"99":95,"100":665,"101":95,"102":1,"103":1,"104":1,"105":1,"106":1,"107":1,"108":8,"109":27,"110":1549,"111":1549,"112":1549,"113":1549,"114":1549,"115":0,"116":0,"117":0,"118":1,"119":1,"120":1,"121":1,"122":1,"123":15,"124":23,"125":50019,"126":31,"127":44,"128":16,"129":1398,"130":1398,"131":1398,"132":1398,"133":0,"134":0,"135":0,"136":0,"137":0},"fnMap":{"1":{"name":"(anonymous_1)","line":1,"loc":{"start":{"line":1,"column":1},"end":{"line":1,"column":12}}},"2":{"name":"(anonymous_2)","line":1,"loc":{"start":{"line":1,"column":326},"end":{"line":1,"column":336}}},"3":{"name":"e","line":1,"loc":{"start":{"line":1,"column":371},"end":{"line":1,"column":388}}},"4":{"name":"s","line":1,"loc":{"start":{"line":1,"column":389},"end":{"line":1,"column":404}}},"5":{"name":"(anonymous_5)","line":1,"loc":{"start":{"line":1,"column":638},"end":{"line":1,"column":649}}},"6":{"name":"(anonymous_6)","line":1,"loc":{"start":{"line":1,"column":817},"end":{"line":1,"column":849}}},"7":{"name":"(anonymous_7)","line":2,"loc":{"start":{"line":2,"column":1},"end":{"line":2,"column":18}}},"8":{"name":"(anonymous_8)","line":14,"loc":{"start":{"line":14,"column":12},"end":{"line":14,"column":24}}},"9":{"name":"Base","line":24,"loc":{"start":{"line":24,"column":4},"end":{"line":24,"column":42}}},"10":{"name":"(anonymous_10)","line":49,"loc":{"start":{"line":49,"column":42},"end":{"line":49,"column":54}}},"11":{"name":"(anonymous_11)","line":59,"loc":{"start":{"line":59,"column":26},"end":{"line":59,"column":38}}},"12":{"name":"(anonymous_12)","line":68,"loc":{"start":{"line":68,"column":29},"end":{"line":68,"column":41}}},"13":{"name":"(anonymous_13)","line":90,"loc":{"start":{"line":90,"column":35},"end":{"line":90,"column":47}}},"14":{"name":"(anonymous_14)","line":105,"loc":{"start":{"line":105,"column":32},"end":{"line":105,"column":44}}},"15":{"name":"(anonymous_15)","line":123,"loc":{"start":{"line":123,"column":45},"end":{"line":123,"column":57}}},"16":{"name":"(anonymous_16)","line":140,"loc":{"start":{"line":140,"column":32},"end":{"line":140,"column":44}}},"17":{"name":"(anonymous_17)","line":151,"loc":{"start":{"line":151,"column":29},"end":{"line":151,"column":41}}},"18":{"name":"(anonymous_18)","line":162,"loc":{"start":{"line":162,"column":31},"end":{"line":162,"column":43}}},"19":{"name":"(anonymous_19)","line":179,"loc":{"start":{"line":179,"column":38},"end":{"line":179,"column":50}}},"20":{"name":"(anonymous_20)","line":204,"loc":{"start":{"line":204,"column":43},"end":{"line":204,"column":55}}},"21":{"name":"(anonymous_21)","line":222,"loc":{"start":{"line":222,"column":30},"end":{"line":222,"column":42}}},"22":{"name":"(anonymous_22)","line":231,"loc":{"start":{"line":231,"column":33},"end":{"line":231,"column":46}}},"23":{"name":"(anonymous_23)","line":234,"loc":{"start":{"line":234,"column":29},"end":{"line":234,"column":42}}},"24":{"name":"(anonymous_24)","line":243,"loc":{"start":{"line":243,"column":37},"end":{"line":243,"column":49}}},"25":{"name":"(anonymous_25)","line":261,"loc":{"start":{"line":261,"column":36},"end":{"line":261,"column":48}}},"26":{"name":"(anonymous_26)","line":278,"loc":{"start":{"line":278,"column":13},"end":{"line":278,"column":25}}},"27":{"name":"(anonymous_27)","line":286,"loc":{"start":{"line":286,"column":13},"end":{"line":286,"column":35}}},"28":{"name":"(anonymous_28)","line":298,"loc":{"start":{"line":298,"column":13},"end":{"line":298,"column":25}}},"29":{"name":"(anonymous_29)","line":306,"loc":{"start":{"line":306,"column":13},"end":{"line":306,"column":36}}},"30":{"name":"(anonymous_30)","line":318,"loc":{"start":{"line":318,"column":13},"end":{"line":318,"column":25}}},"31":{"name":"(anonymous_31)","line":326,"loc":{"start":{"line":326,"column":13},"end":{"line":326,"column":34}}},"32":{"name":"(anonymous_32)","line":338,"loc":{"start":{"line":338,"column":13},"end":{"line":338,"column":25}}},"33":{"name":"(anonymous_33)","line":346,"loc":{"start":{"line":346,"column":13},"end":{"line":346,"column":37}}},"34":{"name":"(anonymous_34)","line":358,"loc":{"start":{"line":358,"column":13},"end":{"line":358,"column":25}}},"35":{"name":"(anonymous_35)","line":366,"loc":{"start":{"line":366,"column":13},"end":{"line":366,"column":36}}},"36":{"name":"(anonymous_36)","line":379,"loc":{"start":{"line":379,"column":36},"end":{"line":379,"column":68}}},"37":{"name":"(anonymous_37)","line":385,"loc":{"start":{"line":385,"column":16},"end":{"line":385,"column":28}}},"38":{"name":"ColorMap","line":391,"loc":{"start":{"line":391,"column":4},"end":{"line":391,"column":34}}},"39":{"name":"(anonymous_39)","line":434,"loc":{"start":{"line":434,"column":33},"end":{"line":434,"column":49}}},"40":{"name":"(anonymous_40)","line":451,"loc":{"start":{"line":451,"column":45},"end":{"line":451,"column":60}}},"41":{"name":"(anonymous_41)","line":619,"loc":{"start":{"line":619,"column":34},"end":{"line":619,"column":48}}},"42":{"name":"(anonymous_42)","line":660,"loc":{"start":{"line":660,"column":37},"end":{"line":660,"column":51}}},"43":{"name":"(anonymous_43)","line":670,"loc":{"start":{"line":670,"column":34},"end":{"line":670,"column":51}}},"44":{"name":"(anonymous_44)","line":680,"loc":{"start":{"line":680,"column":35},"end":{"line":680,"column":53}}},"45":{"name":"(anonymous_45)","line":715,"loc":{"start":{"line":715,"column":9},"end":{"line":715,"column":41}}},"46":{"name":"(anonymous_46)","line":716,"loc":{"start":{"line":716,"column":1},"end":{"line":716,"column":18}}},"47":{"name":"(anonymous_47)","line":718,"loc":{"start":{"line":718,"column":44},"end":{"line":718,"column":60}}},"48":{"name":"__","line":720,"loc":{"start":{"line":720,"column":4},"end":{"line":720,"column":18}}},"49":{"name":"(anonymous_49)","line":731,"loc":{"start":{"line":731,"column":18},"end":{"line":731,"column":36}}},"50":{"name":"DateCircle","line":733,"loc":{"start":{"line":733,"column":4},"end":{"line":733,"column":48}}},"51":{"name":"(anonymous_51)","line":742,"loc":{"start":{"line":742,"column":39},"end":{"line":742,"column":51}}},"52":{"name":"(anonymous_52)","line":758,"loc":{"start":{"line":758,"column":28},"end":{"line":758,"column":41}}},"53":{"name":"(anonymous_53)","line":788,"loc":{"start":{"line":788,"column":24},"end":{"line":788,"column":37}}},"54":{"name":"(anonymous_54)","line":791,"loc":{"start":{"line":791,"column":24},"end":{"line":791,"column":37}}},"55":{"name":"(anonymous_55)","line":794,"loc":{"start":{"line":794,"column":23},"end":{"line":794,"column":36}}},"56":{"name":"(anonymous_56)","line":804,"loc":{"start":{"line":804,"column":26},"end":{"line":804,"column":39}}},"57":{"name":"(anonymous_57)","line":807,"loc":{"start":{"line":807,"column":25},"end":{"line":807,"column":38}}},"58":{"name":"(anonymous_58)","line":810,"loc":{"start":{"line":810,"column":29},"end":{"line":810,"column":42}}},"59":{"name":"(anonymous_59)","line":813,"loc":{"start":{"line":813,"column":28},"end":{"line":813,"column":40}}},"60":{"name":"(anonymous_60)","line":824,"loc":{"start":{"line":824,"column":39},"end":{"line":824,"column":71}}},"61":{"name":"(anonymous_61)","line":825,"loc":{"start":{"line":825,"column":1},"end":{"line":825,"column":18}}},"62":{"name":"(anonymous_62)","line":827,"loc":{"start":{"line":827,"column":44},"end":{"line":827,"column":60}}},"63":{"name":"__","line":829,"loc":{"start":{"line":829,"column":4},"end":{"line":829,"column":18}}},"64":{"name":"(anonymous_64)","line":840,"loc":{"start":{"line":840,"column":16},"end":{"line":840,"column":34}}},"65":{"name":"DateRect","line":849,"loc":{"start":{"line":849,"column":4},"end":{"line":849,"column":46}}},"66":{"name":"(anonymous_66)","line":861,"loc":{"start":{"line":861,"column":42},"end":{"line":861,"column":54}}},"67":{"name":"(anonymous_67)","line":866,"loc":{"start":{"line":866,"column":54},"end":{"line":866,"column":67}}},"68":{"name":"(anonymous_68)","line":898,"loc":{"start":{"line":898,"column":30},"end":{"line":898,"column":42}}},"69":{"name":"(anonymous_69)","line":927,"loc":{"start":{"line":927,"column":44},"end":{"line":927,"column":56}}},"70":{"name":"(anonymous_70)","line":976,"loc":{"start":{"line":976,"column":37},"end":{"line":976,"column":49}}},"71":{"name":"(anonymous_71)","line":991,"loc":{"start":{"line":991,"column":28},"end":{"line":991,"column":41}}},"72":{"name":"(anonymous_72)","line":1021,"loc":{"start":{"line":1021,"column":23},"end":{"line":1021,"column":36}}},"73":{"name":"(anonymous_73)","line":1024,"loc":{"start":{"line":1024,"column":23},"end":{"line":1024,"column":36}}},"74":{"name":"(anonymous_74)","line":1029,"loc":{"start":{"line":1029,"column":26},"end":{"line":1029,"column":39}}},"75":{"name":"(anonymous_75)","line":1032,"loc":{"start":{"line":1032,"column":25},"end":{"line":1032,"column":38}}},"76":{"name":"(anonymous_76)","line":1035,"loc":{"start":{"line":1035,"column":29},"end":{"line":1035,"column":42}}},"77":{"name":"(anonymous_77)","line":1038,"loc":{"start":{"line":1038,"column":28},"end":{"line":1038,"column":40}}},"78":{"name":"(anonymous_78)","line":1046,"loc":{"start":{"line":1046,"column":37},"end":{"line":1046,"column":50}}},"79":{"name":"(anonymous_79)","line":1053,"loc":{"start":{"line":1053,"column":36},"end":{"line":1053,"column":48}}},"80":{"name":"(anonymous_80)","line":1063,"loc":{"start":{"line":1063,"column":34},"end":{"line":1063,"column":66}}},"81":{"name":"(anonymous_81)","line":1064,"loc":{"start":{"line":1064,"column":1},"end":{"line":1064,"column":18}}},"82":{"name":"(anonymous_82)","line":1071,"loc":{"start":{"line":1071,"column":14},"end":{"line":1071,"column":26}}},"83":{"name":"Legend","line":1078,"loc":{"start":{"line":1078,"column":4},"end":{"line":1078,"column":29}}},"84":{"name":"(anonymous_84)","line":1095,"loc":{"start":{"line":1095,"column":28},"end":{"line":1095,"column":40}}},"85":{"name":"(anonymous_85)","line":1110,"loc":{"start":{"line":1110,"column":31},"end":{"line":1110,"column":43}}},"86":{"name":"(anonymous_86)","line":1127,"loc":{"start":{"line":1127,"column":42},"end":{"line":1127,"column":54}}},"87":{"name":"(anonymous_87)","line":1143,"loc":{"start":{"line":1143,"column":38},"end":{"line":1143,"column":50}}},"88":{"name":"(anonymous_88)","line":1161,"loc":{"start":{"line":1161,"column":35},"end":{"line":1161,"column":47}}},"89":{"name":"(anonymous_89)","line":1186,"loc":{"start":{"line":1186,"column":23},"end":{"line":1186,"column":36}}},"90":{"name":"(anonymous_90)","line":1191,"loc":{"start":{"line":1191,"column":26},"end":{"line":1191,"column":39}}},"91":{"name":"(anonymous_91)","line":1200,"loc":{"start":{"line":1200,"column":33},"end":{"line":1200,"column":45}}},"92":{"name":"(anonymous_92)","line":1216,"loc":{"start":{"line":1216,"column":40},"end":{"line":1216,"column":52}}},"93":{"name":"(anonymous_93)","line":1240,"loc":{"start":{"line":1240,"column":45},"end":{"line":1240,"column":57}}},"94":{"name":"(anonymous_94)","line":1258,"loc":{"start":{"line":1258,"column":13},"end":{"line":1258,"column":25}}},"95":{"name":"(anonymous_95)","line":1266,"loc":{"start":{"line":1266,"column":13},"end":{"line":1266,"column":35}}},"96":{"name":"(anonymous_96)","line":1277,"loc":{"start":{"line":1277,"column":13},"end":{"line":1277,"column":25}}},"97":{"name":"(anonymous_97)","line":1285,"loc":{"start":{"line":1285,"column":13},"end":{"line":1285,"column":36}}},"98":{"name":"(anonymous_98)","line":1296,"loc":{"start":{"line":1296,"column":13},"end":{"line":1296,"column":25}}},"99":{"name":"(anonymous_99)","line":1304,"loc":{"start":{"line":1304,"column":13},"end":{"line":1304,"column":34}}},"100":{"name":"(anonymous_100)","line":1315,"loc":{"start":{"line":1315,"column":13},"end":{"line":1315,"column":25}}},"101":{"name":"(anonymous_101)","line":1323,"loc":{"start":{"line":1323,"column":13},"end":{"line":1323,"column":37}}},"102":{"name":"(anonymous_102)","line":1335,"loc":{"start":{"line":1335,"column":9},"end":{"line":1335,"column":41}}},"103":{"name":"(anonymous_103)","line":1355,"loc":{"start":{"line":1355,"column":121},"end":{"line":1355,"column":153}}},"104":{"name":"(anonymous_104)","line":1356,"loc":{"start":{"line":1356,"column":1},"end":{"line":1356,"column":18}}},"105":{"name":"(anonymous_105)","line":1358,"loc":{"start":{"line":1358,"column":44},"end":{"line":1358,"column":60}}},"106":{"name":"__","line":1360,"loc":{"start":{"line":1360,"column":4},"end":{"line":1360,"column":18}}},"107":{"name":"(anonymous_107)","line":1370,"loc":{"start":{"line":1370,"column":21},"end":{"line":1370,"column":39}}},"108":{"name":"WeekdayCircle","line":1372,"loc":{"start":{"line":1372,"column":4},"end":{"line":1372,"column":51}}},"109":{"name":"(anonymous_109)","line":1388,"loc":{"start":{"line":1388,"column":42},"end":{"line":1388,"column":54}}},"110":{"name":"(anonymous_110)","line":1403,"loc":{"start":{"line":1403,"column":28},"end":{"line":1403,"column":41}}},"111":{"name":"(anonymous_111)","line":1433,"loc":{"start":{"line":1433,"column":24},"end":{"line":1433,"column":37}}},"112":{"name":"(anonymous_112)","line":1436,"loc":{"start":{"line":1436,"column":24},"end":{"line":1436,"column":37}}},"113":{"name":"(anonymous_113)","line":1439,"loc":{"start":{"line":1439,"column":23},"end":{"line":1439,"column":36}}},"114":{"name":"(anonymous_114)","line":1449,"loc":{"start":{"line":1449,"column":26},"end":{"line":1449,"column":39}}},"115":{"name":"(anonymous_115)","line":1452,"loc":{"start":{"line":1452,"column":25},"end":{"line":1452,"column":38}}},"116":{"name":"(anonymous_116)","line":1455,"loc":{"start":{"line":1455,"column":29},"end":{"line":1455,"column":42}}},"117":{"name":"(anonymous_117)","line":1458,"loc":{"start":{"line":1458,"column":28},"end":{"line":1458,"column":40}}},"118":{"name":"(anonymous_118)","line":1469,"loc":{"start":{"line":1469,"column":42},"end":{"line":1469,"column":74}}},"119":{"name":"(anonymous_119)","line":1470,"loc":{"start":{"line":1470,"column":1},"end":{"line":1470,"column":18}}},"120":{"name":"(anonymous_120)","line":1472,"loc":{"start":{"line":1472,"column":44},"end":{"line":1472,"column":60}}},"121":{"name":"__","line":1474,"loc":{"start":{"line":1474,"column":4},"end":{"line":1474,"column":18}}},"122":{"name":"(anonymous_122)","line":1485,"loc":{"start":{"line":1485,"column":19},"end":{"line":1485,"column":37}}},"123":{"name":"WeekdayRect","line":1497,"loc":{"start":{"line":1497,"column":4},"end":{"line":1497,"column":49}}},"124":{"name":"(anonymous_124)","line":1510,"loc":{"start":{"line":1510,"column":45},"end":{"line":1510,"column":57}}},"125":{"name":"(anonymous_125)","line":1515,"loc":{"start":{"line":1515,"column":57},"end":{"line":1515,"column":70}}},"126":{"name":"(anonymous_126)","line":1547,"loc":{"start":{"line":1547,"column":33},"end":{"line":1547,"column":45}}},"127":{"name":"(anonymous_127)","line":1576,"loc":{"start":{"line":1576,"column":47},"end":{"line":1576,"column":59}}},"128":{"name":"(anonymous_128)","line":1608,"loc":{"start":{"line":1608,"column":40},"end":{"line":1608,"column":52}}},"129":{"name":"(anonymous_129)","line":1622,"loc":{"start":{"line":1622,"column":28},"end":{"line":1622,"column":41}}},"130":{"name":"(anonymous_130)","line":1652,"loc":{"start":{"line":1652,"column":23},"end":{"line":1652,"column":36}}},"131":{"name":"(anonymous_131)","line":1655,"loc":{"start":{"line":1655,"column":23},"end":{"line":1655,"column":36}}},"132":{"name":"(anonymous_132)","line":1660,"loc":{"start":{"line":1660,"column":26},"end":{"line":1660,"column":39}}},"133":{"name":"(anonymous_133)","line":1663,"loc":{"start":{"line":1663,"column":25},"end":{"line":1663,"column":38}}},"134":{"name":"(anonymous_134)","line":1666,"loc":{"start":{"line":1666,"column":29},"end":{"line":1666,"column":42}}},"135":{"name":"(anonymous_135)","line":1669,"loc":{"start":{"line":1669,"column":28},"end":{"line":1669,"column":40}}},"136":{"name":"(anonymous_136)","line":1677,"loc":{"start":{"line":1677,"column":40},"end":{"line":1677,"column":53}}},"137":{"name":"(anonymous_137)","line":1684,"loc":{"start":{"line":1684,"column":39},"end":{"line":1684,"column":51}}}},"statementMap":{"1":{"start":{"line":1,"column":0},"end":{"line":1695,"column":3}},"2":{"start":{"line":1,"column":13},"end":{"line":1,"column":323}},"3":{"start":{"line":1,"column":72},"end":{"line":1,"column":90}},"4":{"start":{"line":1,"column":96},"end":{"line":1,"column":323}},"5":{"start":{"line":1,"column":139},"end":{"line":1,"column":151}},"6":{"start":{"line":1,"column":157},"end":{"line":1,"column":163}},"7":{"start":{"line":1,"column":163},"end":{"line":1,"column":304}},"8":{"start":{"line":1,"column":195},"end":{"line":1,"column":203}},"9":{"start":{"line":1,"column":209},"end":{"line":1,"column":304}},"10":{"start":{"line":1,"column":241},"end":{"line":1,"column":249}},"11":{"start":{"line":1,"column":255},"end":{"line":1,"column":304}},"12":{"start":{"line":1,"column":285},"end":{"line":1,"column":291}},"13":{"start":{"line":1,"column":297},"end":{"line":1,"column":303}},"14":{"start":{"line":1,"column":304},"end":{"line":1,"column":322}},"15":{"start":{"line":1,"column":337},"end":{"line":1,"column":363}},"16":{"start":{"line":1,"column":363},"end":{"line":1694,"column":42}},"17":{"start":{"line":1,"column":389},"end":{"line":1,"column":725}},"18":{"start":{"line":1,"column":405},"end":{"line":1,"column":705}},"19":{"start":{"line":1,"column":415},"end":{"line":1,"column":591}},"20":{"start":{"line":1,"column":425},"end":{"line":1,"column":467}},"21":{"start":{"line":1,"column":467},"end":{"line":1,"column":491}},"22":{"start":{"line":1,"column":476},"end":{"line":1,"column":491}},"23":{"start":{"line":1,"column":491},"end":{"line":1,"column":511}},"24":{"start":{"line":1,"column":496},"end":{"line":1,"column":511}},"25":{"start":{"line":1,"column":511},"end":{"line":1,"column":557}},"26":{"start":{"line":1,"column":557},"end":{"line":1,"column":590}},"27":{"start":{"line":1,"column":591},"end":{"line":1,"column":615}},"28":{"start":{"line":1,"column":615},"end":{"line":1,"column":704}},"29":{"start":{"line":1,"column":650},"end":{"line":1,"column":667}},"30":{"start":{"line":1,"column":667},"end":{"line":1,"column":682}},"31":{"start":{"line":1,"column":705},"end":{"line":1,"column":724}},"32":{"start":{"line":1,"column":725},"end":{"line":1,"column":767}},"33":{"start":{"line":1,"column":767},"end":{"line":1,"column":802}},"34":{"start":{"line":1,"column":794},"end":{"line":1,"column":802}},"35":{"start":{"line":1,"column":802},"end":{"line":1,"column":810}},"36":{"start":{"line":2,"column":0},"end":{"line":377,"column":135}},"37":{"start":{"line":4,"column":0},"end":{"line":4,"column":119}},"38":{"start":{"line":5,"column":0},"end":{"line":5,"column":101}},"39":{"start":{"line":6,"column":0},"end":{"line":6,"column":39}},"40":{"start":{"line":7,"column":0},"end":{"line":7,"column":35}},"41":{"start":{"line":14,"column":0},"end":{"line":374,"column":5}},"42":{"start":{"line":24,"column":4},"end":{"line":52,"column":5}},"43":{"start":{"line":26,"column":8},"end":{"line":26,"column":21}},"44":{"start":{"line":28,"column":8},"end":{"line":28,"column":35}},"45":{"start":{"line":30,"column":8},"end":{"line":30,"column":63}},"46":{"start":{"line":33,"column":8},"end":{"line":33,"column":22}},"47":{"start":{"line":35,"column":8},"end":{"line":35,"column":29}},"48":{"start":{"line":37,"column":8},"end":{"line":37,"column":29}},"49":{"start":{"line":38,"column":8},"end":{"line":38,"column":30}},"50":{"start":{"line":39,"column":8},"end":{"line":39,"column":28}},"51":{"start":{"line":40,"column":8},"end":{"line":40,"column":32}},"52":{"start":{"line":41,"column":8},"end":{"line":41,"column":30}},"53":{"start":{"line":42,"column":8},"end":{"line":42,"column":36}},"54":{"start":{"line":43,"column":8},"end":{"line":43,"column":24}},"55":{"start":{"line":44,"column":8},"end":{"line":44,"column":44}},"56":{"start":{"line":45,"column":8},"end":{"line":45,"column":50}},"57":{"start":{"line":46,"column":8},"end":{"line":46,"column":55}},"58":{"start":{"line":48,"column":8},"end":{"line":48,"column":24}},"59":{"start":{"line":49,"column":8},"end":{"line":51,"column":11}},"60":{"start":{"line":50,"column":12},"end":{"line":50,"column":28}},"61":{"start":{"line":59,"column":4},"end":{"line":62,"column":6}},"62":{"start":{"line":61,"column":8},"end":{"line":61,"column":20}},"63":{"start":{"line":68,"column":4},"end":{"line":82,"column":6}},"64":{"start":{"line":70,"column":8},"end":{"line":70,"column":97}},"65":{"start":{"line":71,"column":8},"end":{"line":71,"column":79}},"66":{"start":{"line":72,"column":8},"end":{"line":72,"column":33}},"67":{"start":{"line":73,"column":8},"end":{"line":73,"column":32}},"68":{"start":{"line":74,"column":8},"end":{"line":80,"column":44}},"69":{"start":{"line":81,"column":8},"end":{"line":81,"column":20}},"70":{"start":{"line":90,"column":4},"end":{"line":104,"column":6}},"71":{"start":{"line":92,"column":8},"end":{"line":92,"column":97}},"72":{"start":{"line":93,"column":8},"end":{"line":93,"column":79}},"73":{"start":{"line":94,"column":8},"end":{"line":94,"column":33}},"74":{"start":{"line":95,"column":8},"end":{"line":95,"column":32}},"75":{"start":{"line":96,"column":8},"end":{"line":102,"column":40}},"76":{"start":{"line":103,"column":8},"end":{"line":103,"column":20}},"77":{"start":{"line":105,"column":4},"end":{"line":117,"column":6}},"78":{"start":{"line":106,"column":8},"end":{"line":106,"column":80}},"79":{"start":{"line":107,"column":8},"end":{"line":107,"column":63}},"80":{"start":{"line":108,"column":8},"end":{"line":115,"column":31}},"81":{"start":{"line":116,"column":8},"end":{"line":116,"column":20}},"82":{"start":{"line":123,"column":4},"end":{"line":135,"column":6}},"83":{"start":{"line":124,"column":8},"end":{"line":124,"column":97}},"84":{"start":{"line":125,"column":8},"end":{"line":125,"column":79}},"85":{"start":{"line":126,"column":8},"end":{"line":126,"column":43}},"86":{"start":{"line":127,"column":8},"end":{"line":127,"column":62}},"87":{"start":{"line":128,"column":8},"end":{"line":133,"column":52}},"88":{"start":{"line":134,"column":8},"end":{"line":134,"column":20}},"89":{"start":{"line":140,"column":4},"end":{"line":145,"column":6}},"90":{"start":{"line":142,"column":8},"end":{"line":142,"column":47}},"91":{"start":{"line":143,"column":8},"end":{"line":143,"column":22}},"92":{"start":{"line":144,"column":8},"end":{"line":144,"column":20}},"93":{"start":{"line":151,"column":4},"end":{"line":156,"column":6}},"94":{"start":{"line":152,"column":8},"end":{"line":154,"column":55}},"95":{"start":{"line":155,"column":8},"end":{"line":155,"column":20}},"96":{"start":{"line":162,"column":4},"end":{"line":173,"column":6}},"97":{"start":{"line":163,"column":8},"end":{"line":163,"column":97}},"98":{"start":{"line":164,"column":8},"end":{"line":164,"column":43}},"99":{"start":{"line":165,"column":8},"end":{"line":165,"column":38}},"100":{"start":{"line":166,"column":8},"end":{"line":171,"column":36}},"101":{"start":{"line":172,"column":8},"end":{"line":172,"column":20}},"102":{"start":{"line":179,"column":4},"end":{"line":198,"column":6}},"103":{"start":{"line":181,"column":8},"end":{"line":181,"column":33}},"104":{"start":{"line":182,"column":8},"end":{"line":182,"column":63}},"105":{"start":{"line":183,"column":8},"end":{"line":183,"column":79}},"106":{"start":{"line":184,"column":8},"end":{"line":186,"column":33}},"107":{"start":{"line":187,"column":8},"end":{"line":192,"column":30}},"108":{"start":{"line":193,"column":8},"end":{"line":196,"column":27}},"109":{"start":{"line":197,"column":8},"end":{"line":197,"column":20}},"110":{"start":{"line":204,"column":4},"end":{"line":216,"column":6}},"111":{"start":{"line":206,"column":8},"end":{"line":206,"column":79}},"112":{"start":{"line":207,"column":8},"end":{"line":207,"column":39}},"113":{"start":{"line":208,"column":8},"end":{"line":208,"column":42}},"114":{"start":{"line":209,"column":8},"end":{"line":214,"column":50}},"115":{"start":{"line":215,"column":8},"end":{"line":215,"column":20}},"116":{"start":{"line":222,"column":4},"end":{"line":230,"column":6}},"117":{"start":{"line":224,"column":8},"end":{"line":224,"column":31}},"118":{"start":{"line":226,"column":8},"end":{"line":228,"column":9}},"119":{"start":{"line":227,"column":12},"end":{"line":227,"column":44}},"120":{"start":{"line":229,"column":8},"end":{"line":229,"column":20}},"121":{"start":{"line":231,"column":4},"end":{"line":233,"column":6}},"122":{"start":{"line":232,"column":8},"end":{"line":232,"column":23}},"123":{"start":{"line":234,"column":4},"end":{"line":236,"column":6}},"124":{"start":{"line":235,"column":8},"end":{"line":235,"column":23}},"125":{"start":{"line":243,"column":4},"end":{"line":254,"column":6}},"126":{"start":{"line":244,"column":8},"end":{"line":244,"column":33}},"127":{"start":{"line":245,"column":8},"end":{"line":245,"column":39}},"128":{"start":{"line":246,"column":8},"end":{"line":248,"column":9}},"129":{"start":{"line":247,"column":12},"end":{"line":247,"column":20}},"130":{"start":{"line":249,"column":8},"end":{"line":251,"column":9}},"131":{"start":{"line":250,"column":12},"end":{"line":250,"column":23}},"132":{"start":{"line":252,"column":8},"end":{"line":252,"column":78}},"133":{"start":{"line":253,"column":8},"end":{"line":253,"column":20}},"134":{"start":{"line":261,"column":4},"end":{"line":272,"column":6}},"135":{"start":{"line":262,"column":8},"end":{"line":262,"column":35}},"136":{"start":{"line":263,"column":8},"end":{"line":263,"column":37}},"137":{"start":{"line":264,"column":8},"end":{"line":266,"column":9}},"138":{"start":{"line":265,"column":12},"end":{"line":265,"column":21}},"139":{"start":{"line":267,"column":8},"end":{"line":269,"column":9}},"140":{"start":{"line":268,"column":12},"end":{"line":268,"column":22}},"141":{"start":{"line":270,"column":8},"end":{"line":270,"column":77}},"142":{"start":{"line":271,"column":8},"end":{"line":271,"column":20}},"143":{"start":{"line":273,"column":4},"end":{"line":292,"column":7}},"144":{"start":{"line":279,"column":12},"end":{"line":279,"column":36}},"145":{"start":{"line":287,"column":12},"end":{"line":287,"column":42}},"146":{"start":{"line":288,"column":12},"end":{"line":288,"column":34}},"147":{"start":{"line":293,"column":4},"end":{"line":312,"column":7}},"148":{"start":{"line":299,"column":12},"end":{"line":299,"column":37}},"149":{"start":{"line":307,"column":12},"end":{"line":307,"column":44}},"150":{"start":{"line":308,"column":12},"end":{"line":308,"column":34}},"151":{"start":{"line":313,"column":4},"end":{"line":332,"column":7}},"152":{"start":{"line":319,"column":12},"end":{"line":319,"column":35}},"153":{"start":{"line":327,"column":12},"end":{"line":327,"column":40}},"154":{"start":{"line":328,"column":12},"end":{"line":328,"column":35}},"155":{"start":{"line":333,"column":4},"end":{"line":352,"column":7}},"156":{"start":{"line":339,"column":12},"end":{"line":339,"column":38}},"157":{"start":{"line":347,"column":12},"end":{"line":347,"column":46}},"158":{"start":{"line":348,"column":12},"end":{"line":348,"column":35}},"159":{"start":{"line":353,"column":4},"end":{"line":372,"column":7}},"160":{"start":{"line":359,"column":12},"end":{"line":359,"column":37}},"161":{"start":{"line":367,"column":12},"end":{"line":367,"column":34}},"162":{"start":{"line":368,"column":12},"end":{"line":368,"column":58}},"163":{"start":{"line":373,"column":4},"end":{"line":373,"column":16}},"164":{"start":{"line":375,"column":0},"end":{"line":375,"column":20}},"165":{"start":{"line":385,"column":0},"end":{"line":712,"column":5}},"166":{"start":{"line":391,"column":4},"end":{"line":421,"column":5}},"167":{"start":{"line":392,"column":8},"end":{"line":392,"column":16}},"168":{"start":{"line":393,"column":8},"end":{"line":393,"column":15}},"169":{"start":{"line":394,"column":8},"end":{"line":413,"column":9}},"170":{"start":{"line":395,"column":12},"end":{"line":395,"column":28}},"171":{"start":{"line":396,"column":12},"end":{"line":396,"column":47}},"172":{"start":{"line":398,"column":13},"end":{"line":413,"column":9}},"173":{"start":{"line":399,"column":12},"end":{"line":399,"column":28}},"174":{"start":{"line":400,"column":12},"end":{"line":400,"column":54}},"175":{"start":{"line":402,"column":13},"end":{"line":413,"column":9}},"176":{"start":{"line":403,"column":12},"end":{"line":403,"column":28}},"177":{"start":{"line":404,"column":12},"end":{"line":409,"column":13}},"178":{"start":{"line":405,"column":16},"end":{"line":405,"column":32}},"179":{"start":{"line":408,"column":16},"end":{"line":408,"column":66}},"180":{"start":{"line":412,"column":12},"end":{"line":412,"column":77}},"181":{"start":{"line":416,"column":8},"end":{"line":416,"column":48}},"182":{"start":{"line":418,"column":8},"end":{"line":418,"column":45}},"183":{"start":{"line":419,"column":8},"end":{"line":419,"column":45}},"184":{"start":{"line":420,"column":8},"end":{"line":420,"column":56}},"185":{"start":{"line":434,"column":4},"end":{"line":444,"column":6}},"186":{"start":{"line":435,"column":8},"end":{"line":443,"column":9}},"187":{"start":{"line":436,"column":12},"end":{"line":436,"column":22}},"188":{"start":{"line":438,"column":13},"end":{"line":443,"column":9}},"189":{"start":{"line":439,"column":12},"end":{"line":439,"column":21}},"190":{"start":{"line":442,"column":12},"end":{"line":442,"column":21}},"191":{"start":{"line":451,"column":4},"end":{"line":609,"column":6}},"192":{"start":{"line":452,"column":8},"end":{"line":452,"column":23}},"193":{"start":{"line":453,"column":8},"end":{"line":607,"column":9}},"194":{"start":{"line":455,"column":16},"end":{"line":455,"column":56}},"195":{"start":{"line":456,"column":16},"end":{"line":456,"column":22}},"196":{"start":{"line":459,"column":16},"end":{"line":476,"column":18}},"197":{"start":{"line":477,"column":16},"end":{"line":477,"column":22}},"198":{"start":{"line":480,"column":16},"end":{"line":489,"column":18}},"199":{"start":{"line":490,"column":16},"end":{"line":490,"column":22}},"200":{"start":{"line":493,"column":16},"end":{"line":510,"column":18}},"201":{"start":{"line":511,"column":16},"end":{"line":511,"column":22}},"202":{"start":{"line":514,"column":16},"end":{"line":531,"column":18}},"203":{"start":{"line":532,"column":16},"end":{"line":532,"column":22}},"204":{"start":{"line":535,"column":16},"end":{"line":552,"column":18}},"205":{"start":{"line":553,"column":16},"end":{"line":553,"column":22}},"206":{"start":{"line":556,"column":16},"end":{"line":601,"column":18}},"207":{"start":{"line":602,"column":16},"end":{"line":602,"column":22}},"208":{"start":{"line":605,"column":16},"end":{"line":605,"column":80}},"209":{"start":{"line":608,"column":8},"end":{"line":608,"column":26}},"210":{"start":{"line":619,"column":4},"end":{"line":653,"column":6}},"211":{"start":{"line":622,"column":8},"end":{"line":625,"column":9}},"212":{"start":{"line":623,"column":12},"end":{"line":623,"column":32}},"213":{"start":{"line":624,"column":12},"end":{"line":624,"column":33}},"214":{"start":{"line":626,"column":8},"end":{"line":626,"column":75}},"215":{"start":{"line":627,"column":8},"end":{"line":627,"column":45}},"216":{"start":{"line":628,"column":8},"end":{"line":628,"column":17}},"217":{"start":{"line":629,"column":8},"end":{"line":629,"column":17}},"218":{"start":{"line":630,"column":8},"end":{"line":638,"column":9}},"219":{"start":{"line":631,"column":12},"end":{"line":631,"column":62}},"220":{"start":{"line":632,"column":12},"end":{"line":632,"column":65}},"221":{"start":{"line":633,"column":12},"end":{"line":637,"column":13}},"222":{"start":{"line":634,"column":16},"end":{"line":634,"column":47}},"223":{"start":{"line":635,"column":16},"end":{"line":635,"column":51}},"224":{"start":{"line":636,"column":16},"end":{"line":636,"column":22}},"225":{"start":{"line":639,"column":8},"end":{"line":639,"column":67}},"226":{"start":{"line":640,"column":8},"end":{"line":645,"column":10}},"227":{"start":{"line":646,"column":8},"end":{"line":651,"column":9}},"228":{"start":{"line":647,"column":12},"end":{"line":647,"column":41}},"229":{"start":{"line":648,"column":12},"end":{"line":650,"column":13}},"230":{"start":{"line":649,"column":16},"end":{"line":649,"column":67}},"231":{"start":{"line":652,"column":8},"end":{"line":652,"column":24}},"232":{"start":{"line":660,"column":4},"end":{"line":664,"column":6}},"233":{"start":{"line":661,"column":8},"end":{"line":661,"column":18}},"234":{"start":{"line":662,"column":8},"end":{"line":662,"column":34}},"235":{"start":{"line":663,"column":8},"end":{"line":663,"column":73}},"236":{"start":{"line":670,"column":4},"end":{"line":674,"column":6}},"237":{"start":{"line":671,"column":8},"end":{"line":671,"column":36}},"238":{"start":{"line":672,"column":8},"end":{"line":672,"column":61}},"239":{"start":{"line":673,"column":8},"end":{"line":673,"column":20}},"240":{"start":{"line":680,"column":4},"end":{"line":687,"column":6}},"241":{"start":{"line":681,"column":8},"end":{"line":684,"column":9}},"242":{"start":{"line":682,"column":12},"end":{"line":682,"column":36}},"243":{"start":{"line":683,"column":12},"end":{"line":683,"column":39}},"244":{"start":{"line":685,"column":8},"end":{"line":685,"column":61}},"245":{"start":{"line":686,"column":8},"end":{"line":686,"column":20}},"246":{"start":{"line":693,"column":4},"end":{"line":710,"column":6}},"247":{"start":{"line":711,"column":4},"end":{"line":711,"column":20}},"248":{"start":{"line":713,"column":0},"end":{"line":713,"column":28}},"249":{"start":{"line":716,"column":0},"end":{"line":822,"column":135}},"250":{"start":{"line":718,"column":0},"end":{"line":722,"column":2}},"251":{"start":{"line":719,"column":4},"end":{"line":719,"column":58}},"252":{"start":{"line":719,"column":21},"end":{"line":719,"column":58}},"253":{"start":{"line":719,"column":46},"end":{"line":719,"column":58}},"254":{"start":{"line":720,"column":4},"end":{"line":720,"column":43}},"255":{"start":{"line":720,"column":20},"end":{"line":720,"column":41}},"256":{"start":{"line":721,"column":4},"end":{"line":721,"column":89}},"257":{"start":{"line":723,"column":0},"end":{"line":723,"column":119}},"258":{"start":{"line":724,"column":0},"end":{"line":724,"column":101}},"259":{"start":{"line":725,"column":0},"end":{"line":725,"column":109}},"260":{"start":{"line":726,"column":0},"end":{"line":726,"column":39}},"261":{"start":{"line":727,"column":0},"end":{"line":727,"column":41}},"262":{"start":{"line":731,"column":0},"end":{"line":819,"column":25}},"263":{"start":{"line":732,"column":4},"end":{"line":732,"column":34}},"264":{"start":{"line":733,"column":4},"end":{"line":741,"column":5}},"265":{"start":{"line":734,"column":8},"end":{"line":734,"column":50}},"266":{"start":{"line":735,"column":8},"end":{"line":735,"column":25}},"267":{"start":{"line":736,"column":8},"end":{"line":736,"column":40}},"268":{"start":{"line":737,"column":8},"end":{"line":737,"column":59}},"269":{"start":{"line":738,"column":8},"end":{"line":738,"column":53}},"270":{"start":{"line":739,"column":8},"end":{"line":739,"column":61}},"271":{"start":{"line":740,"column":8},"end":{"line":740,"column":60}},"272":{"start":{"line":742,"column":4},"end":{"line":817,"column":6}},"273":{"start":{"line":744,"column":8},"end":{"line":744,"column":24}},"274":{"start":{"line":745,"column":8},"end":{"line":745,"column":97}},"275":{"start":{"line":746,"column":8},"end":{"line":746,"column":79}},"276":{"start":{"line":747,"column":8},"end":{"line":747,"column":33}},"277":{"start":{"line":748,"column":8},"end":{"line":748,"column":36}},"278":{"start":{"line":749,"column":8},"end":{"line":749,"column":68}},"279":{"start":{"line":750,"column":8},"end":{"line":750,"column":82}},"280":{"start":{"line":751,"column":8},"end":{"line":751,"column":77}},"281":{"start":{"line":752,"column":8},"end":{"line":752,"column":77}},"282":{"start":{"line":753,"column":8},"end":{"line":753,"column":60}},"283":{"start":{"line":757,"column":8},"end":{"line":757,"column":54}},"284":{"start":{"line":758,"column":8},"end":{"line":761,"column":11}},"285":{"start":{"line":760,"column":12},"end":{"line":760,"column":38}},"286":{"start":{"line":762,"column":8},"end":{"line":762,"column":31}},"287":{"start":{"line":765,"column":8},"end":{"line":765,"column":46}},"288":{"start":{"line":766,"column":8},"end":{"line":766,"column":47}},"289":{"start":{"line":767,"column":8},"end":{"line":775,"column":9}},"290":{"start":{"line":768,"column":12},"end":{"line":768,"column":34}},"291":{"start":{"line":769,"column":12},"end":{"line":771,"column":13}},"292":{"start":{"line":770,"column":16},"end":{"line":770,"column":36}},"293":{"start":{"line":772,"column":12},"end":{"line":774,"column":13}},"294":{"start":{"line":773,"column":16},"end":{"line":773,"column":37}},"295":{"start":{"line":776,"column":8},"end":{"line":776,"column":39}},"296":{"start":{"line":777,"column":8},"end":{"line":777,"column":41}},"297":{"start":{"line":779,"column":8},"end":{"line":815,"column":11}},"298":{"start":{"line":789,"column":12},"end":{"line":789,"column":65}},"299":{"start":{"line":792,"column":12},"end":{"line":792,"column":102}},"300":{"start":{"line":795,"column":12},"end":{"line":795,"column":56}},"301":{"start":{"line":796,"column":12},"end":{"line":796,"column":71}},"302":{"start":{"line":797,"column":12},"end":{"line":802,"column":13}},"303":{"start":{"line":798,"column":16},"end":{"line":798,"column":38}},"304":{"start":{"line":801,"column":16},"end":{"line":801,"column":54}},"305":{"start":{"line":805,"column":12},"end":{"line":805,"column":54}},"306":{"start":{"line":808,"column":12},"end":{"line":808,"column":28}},"307":{"start":{"line":811,"column":12},"end":{"line":811,"column":32}},"308":{"start":{"line":814,"column":12},"end":{"line":814,"column":30}},"309":{"start":{"line":816,"column":8},"end":{"line":816,"column":20}},"310":{"start":{"line":818,"column":4},"end":{"line":818,"column":22}},"311":{"start":{"line":820,"column":0},"end":{"line":820,"column":32}},"312":{"start":{"line":825,"column":0},"end":{"line":1061,"column":135}},"313":{"start":{"line":827,"column":0},"end":{"line":831,"column":2}},"314":{"start":{"line":828,"column":4},"end":{"line":828,"column":58}},"315":{"start":{"line":828,"column":21},"end":{"line":828,"column":58}},"316":{"start":{"line":828,"column":46},"end":{"line":828,"column":58}},"317":{"start":{"line":829,"column":4},"end":{"line":829,"column":43}},"318":{"start":{"line":829,"column":20},"end":{"line":829,"column":41}},"319":{"start":{"line":830,"column":4},"end":{"line":830,"column":89}},"320":{"start":{"line":832,"column":0},"end":{"line":832,"column":119}},"321":{"start":{"line":833,"column":0},"end":{"line":833,"column":101}},"322":{"start":{"line":834,"column":0},"end":{"line":834,"column":109}},"323":{"start":{"line":835,"column":0},"end":{"line":835,"column":31}},"324":{"start":{"line":836,"column":0},"end":{"line":836,"column":39}},"325":{"start":{"line":840,"column":0},"end":{"line":1058,"column":16}},"326":{"start":{"line":841,"column":4},"end":{"line":841,"column":32}},"327":{"start":{"line":849,"column":4},"end":{"line":856,"column":5}},"328":{"start":{"line":850,"column":8},"end":{"line":850,"column":50}},"329":{"start":{"line":851,"column":8},"end":{"line":851,"column":25}},"330":{"start":{"line":852,"column":8},"end":{"line":852,"column":38}},"331":{"start":{"line":853,"column":8},"end":{"line":853,"column":59}},"332":{"start":{"line":854,"column":8},"end":{"line":854,"column":32}},"333":{"start":{"line":855,"column":8},"end":{"line":855,"column":58}},"334":{"start":{"line":861,"column":4},"end":{"line":882,"column":6}},"335":{"start":{"line":863,"column":8},"end":{"line":863,"column":24}},"336":{"start":{"line":866,"column":8},"end":{"line":879,"column":11}},"337":{"start":{"line":867,"column":12},"end":{"line":867,"column":18}},"338":{"start":{"line":868,"column":12},"end":{"line":878,"column":13}},"339":{"start":{"line":869,"column":16},"end":{"line":869,"column":44}},"340":{"start":{"line":870,"column":16},"end":{"line":870,"column":29}},"341":{"start":{"line":871,"column":16},"end":{"line":871,"column":59}},"342":{"start":{"line":872,"column":16},"end":{"line":872,"column":44}},"343":{"start":{"line":874,"column":16},"end":{"line":874,"column":43}},"344":{"start":{"line":877,"column":16},"end":{"line":877,"column":53}},"345":{"start":{"line":880,"column":8},"end":{"line":880,"column":28}},"346":{"start":{"line":881,"column":8},"end":{"line":881,"column":20}},"347":{"start":{"line":898,"column":4},"end":{"line":921,"column":6}},"348":{"start":{"line":899,"column":8},"end":{"line":920,"column":9}},"349":{"start":{"line":901,"column":12},"end":{"line":901,"column":24}},"350":{"start":{"line":905,"column":12},"end":{"line":918,"column":13}},"351":{"start":{"line":907,"column":16},"end":{"line":907,"column":52}},"352":{"start":{"line":908,"column":16},"end":{"line":908,"column":58}},"353":{"start":{"line":909,"column":16},"end":{"line":909,"column":42}},"354":{"start":{"line":910,"column":16},"end":{"line":910,"column":68}},"355":{"start":{"line":911,"column":16},"end":{"line":911,"column":61}},"356":{"start":{"line":912,"column":16},"end":{"line":912,"column":66}},"357":{"start":{"line":913,"column":16},"end":{"line":913,"column":54}},"358":{"start":{"line":914,"column":16},"end":{"line":914,"column":35}},"359":{"start":{"line":915,"column":16},"end":{"line":915,"column":52}},"360":{"start":{"line":916,"column":16},"end":{"line":916,"column":55}},"361":{"start":{"line":917,"column":16},"end":{"line":917,"column":55}},"362":{"start":{"line":919,"column":12},"end":{"line":919,"column":24}},"363":{"start":{"line":927,"column":4},"end":{"line":968,"column":6}},"364":{"start":{"line":928,"column":8},"end":{"line":928,"column":97}},"365":{"start":{"line":929,"column":8},"end":{"line":929,"column":33}},"366":{"start":{"line":930,"column":8},"end":{"line":930,"column":63}},"367":{"start":{"line":931,"column":8},"end":{"line":931,"column":93}},"368":{"start":{"line":932,"column":8},"end":{"line":932,"column":131}},"369":{"start":{"line":933,"column":8},"end":{"line":933,"column":89}},"370":{"start":{"line":934,"column":8},"end":{"line":934,"column":131}},"371":{"start":{"line":935,"column":8},"end":{"line":935,"column":23}},"372":{"start":{"line":936,"column":8},"end":{"line":936,"column":18}},"373":{"start":{"line":937,"column":8},"end":{"line":937,"column":87}},"374":{"start":{"line":938,"column":8},"end":{"line":945,"column":9}},"375":{"start":{"line":939,"column":12},"end":{"line":939,"column":57}},"376":{"start":{"line":940,"column":12},"end":{"line":940,"column":22}},"377":{"start":{"line":943,"column":12},"end":{"line":943,"column":57}},"378":{"start":{"line":944,"column":12},"end":{"line":944,"column":33}},"379":{"start":{"line":947,"column":8},"end":{"line":950,"column":26}},"380":{"start":{"line":951,"column":8},"end":{"line":955,"column":36}},"381":{"start":{"line":956,"column":8},"end":{"line":959,"column":28}},"382":{"start":{"line":961,"column":8},"end":{"line":966,"column":41}},"383":{"start":{"line":967,"column":8},"end":{"line":967,"column":20}},"384":{"start":{"line":976,"column":4},"end":{"line":1042,"column":6}},"385":{"start":{"line":978,"column":8},"end":{"line":978,"column":24}},"386":{"start":{"line":979,"column":8},"end":{"line":979,"column":97}},"387":{"start":{"line":980,"column":8},"end":{"line":980,"column":79}},"388":{"start":{"line":981,"column":8},"end":{"line":981,"column":33}},"389":{"start":{"line":982,"column":8},"end":{"line":982,"column":36}},"390":{"start":{"line":983,"column":8},"end":{"line":983,"column":68}},"391":{"start":{"line":984,"column":8},"end":{"line":984,"column":82}},"392":{"start":{"line":985,"column":8},"end":{"line":985,"column":77}},"393":{"start":{"line":986,"column":8},"end":{"line":986,"column":77}},"394":{"start":{"line":990,"column":8},"end":{"line":990,"column":54}},"395":{"start":{"line":991,"column":8},"end":{"line":994,"column":11}},"396":{"start":{"line":993,"column":12},"end":{"line":993,"column":38}},"397":{"start":{"line":995,"column":8},"end":{"line":995,"column":31}},"398":{"start":{"line":998,"column":8},"end":{"line":998,"column":46}},"399":{"start":{"line":999,"column":8},"end":{"line":999,"column":47}},"400":{"start":{"line":1000,"column":8},"end":{"line":1008,"column":9}},"401":{"start":{"line":1001,"column":12},"end":{"line":1001,"column":34}},"402":{"start":{"line":1002,"column":12},"end":{"line":1004,"column":13}},"403":{"start":{"line":1003,"column":16},"end":{"line":1003,"column":36}},"404":{"start":{"line":1005,"column":12},"end":{"line":1007,"column":13}},"405":{"start":{"line":1006,"column":16},"end":{"line":1006,"column":37}},"406":{"start":{"line":1009,"column":8},"end":{"line":1009,"column":39}},"407":{"start":{"line":1010,"column":8},"end":{"line":1010,"column":41}},"408":{"start":{"line":1012,"column":8},"end":{"line":1040,"column":11}},"409":{"start":{"line":1022,"column":12},"end":{"line":1022,"column":65}},"410":{"start":{"line":1025,"column":12},"end":{"line":1025,"column":64}},"411":{"start":{"line":1030,"column":12},"end":{"line":1030,"column":54}},"412":{"start":{"line":1033,"column":12},"end":{"line":1033,"column":28}},"413":{"start":{"line":1036,"column":12},"end":{"line":1036,"column":32}},"414":{"start":{"line":1039,"column":12},"end":{"line":1039,"column":30}},"415":{"start":{"line":1041,"column":8},"end":{"line":1041,"column":20}},"416":{"start":{"line":1046,"column":4},"end":{"line":1052,"column":6}},"417":{"start":{"line":1047,"column":8},"end":{"line":1049,"column":33}},"418":{"start":{"line":1050,"column":8},"end":{"line":1050,"column":61}},"419":{"start":{"line":1051,"column":8},"end":{"line":1051,"column":20}},"420":{"start":{"line":1053,"column":4},"end":{"line":1056,"column":6}},"421":{"start":{"line":1054,"column":8},"end":{"line":1054,"column":60}},"422":{"start":{"line":1055,"column":8},"end":{"line":1055,"column":20}},"423":{"start":{"line":1057,"column":4},"end":{"line":1057,"column":20}},"424":{"start":{"line":1059,"column":0},"end":{"line":1059,"column":28}},"425":{"start":{"line":1064,"column":0},"end":{"line":1333,"column":135}},"426":{"start":{"line":1066,"column":0},"end":{"line":1066,"column":101}},"427":{"start":{"line":1071,"column":0},"end":{"line":1330,"column":5}},"428":{"start":{"line":1078,"column":4},"end":{"line":1089,"column":5}},"429":{"start":{"line":1079,"column":8},"end":{"line":1079,"column":31}},"430":{"start":{"line":1081,"column":8},"end":{"line":1081,"column":28}},"431":{"start":{"line":1082,"column":8},"end":{"line":1082,"column":30}},"432":{"start":{"line":1083,"column":8},"end":{"line":1083,"column":48}},"433":{"start":{"line":1084,"column":8},"end":{"line":1084,"column":54}},"434":{"start":{"line":1085,"column":8},"end":{"line":1085,"column":83}},"435":{"start":{"line":1086,"column":8},"end":{"line":1086,"column":93}},"436":{"start":{"line":1087,"column":8},"end":{"line":1087,"column":24}},"437":{"start":{"line":1088,"column":8},"end":{"line":1088,"column":25}},"438":{"start":{"line":1095,"column":4},"end":{"line":1105,"column":6}},"439":{"start":{"line":1097,"column":8},"end":{"line":1097,"column":30}},"440":{"start":{"line":1098,"column":8},"end":{"line":1098,"column":34}},"441":{"start":{"line":1099,"column":8},"end":{"line":1099,"column":32}},"442":{"start":{"line":1100,"column":8},"end":{"line":1100,"column":37}},"443":{"start":{"line":1101,"column":8},"end":{"line":1101,"column":25}},"444":{"start":{"line":1102,"column":8},"end":{"line":1102,"column":27}},"445":{"start":{"line":1103,"column":8},"end":{"line":1103,"column":23}},"446":{"start":{"line":1104,"column":8},"end":{"line":1104,"column":20}},"447":{"start":{"line":1110,"column":4},"end":{"line":1122,"column":6}},"448":{"start":{"line":1112,"column":8},"end":{"line":1112,"column":95}},"449":{"start":{"line":1113,"column":8},"end":{"line":1113,"column":32}},"450":{"start":{"line":1114,"column":8},"end":{"line":1120,"column":52}},"451":{"start":{"line":1121,"column":8},"end":{"line":1121,"column":20}},"452":{"start":{"line":1127,"column":4},"end":{"line":1138,"column":6}},"453":{"start":{"line":1128,"column":8},"end":{"line":1128,"column":95}},"454":{"start":{"line":1129,"column":8},"end":{"line":1129,"column":71}},"455":{"start":{"line":1130,"column":8},"end":{"line":1133,"column":22}},"456":{"start":{"line":1134,"column":8},"end":{"line":1136,"column":67}},"457":{"start":{"line":1137,"column":8},"end":{"line":1137,"column":20}},"458":{"start":{"line":1143,"column":4},"end":{"line":1155,"column":6}},"459":{"start":{"line":1145,"column":8},"end":{"line":1145,"column":95}},"460":{"start":{"line":1146,"column":8},"end":{"line":1146,"column":85}},"461":{"start":{"line":1147,"column":8},"end":{"line":1153,"column":48}},"462":{"start":{"line":1154,"column":8},"end":{"line":1154,"column":20}},"463":{"start":{"line":1161,"column":4},"end":{"line":1195,"column":6}},"464":{"start":{"line":1163,"column":8},"end":{"line":1163,"column":24}},"465":{"start":{"line":1164,"column":8},"end":{"line":1164,"column":95}},"466":{"start":{"line":1165,"column":8},"end":{"line":1165,"column":71}},"467":{"start":{"line":1166,"column":8},"end":{"line":1166,"column":22}},"468":{"start":{"line":1167,"column":8},"end":{"line":1167,"column":25}},"469":{"start":{"line":1168,"column":8},"end":{"line":1173,"column":9}},"470":{"start":{"line":1169,"column":12},"end":{"line":1172,"column":15}},"471":{"start":{"line":1174,"column":8},"end":{"line":1174,"column":48}},"472":{"start":{"line":1176,"column":8},"end":{"line":1193,"column":11}},"473":{"start":{"line":1187,"column":12},"end":{"line":1187,"column":68}},"474":{"start":{"line":1192,"column":12},"end":{"line":1192,"column":62}},"475":{"start":{"line":1194,"column":8},"end":{"line":1194,"column":20}},"476":{"start":{"line":1200,"column":4},"end":{"line":1210,"column":6}},"477":{"start":{"line":1201,"column":8},"end":{"line":1201,"column":114}},"478":{"start":{"line":1202,"column":8},"end":{"line":1202,"column":37}},"479":{"start":{"line":1203,"column":8},"end":{"line":1208,"column":36}},"480":{"start":{"line":1209,"column":8},"end":{"line":1209,"column":20}},"481":{"start":{"line":1216,"column":4},"end":{"line":1235,"column":6}},"482":{"start":{"line":1218,"column":8},"end":{"line":1218,"column":78}},"483":{"start":{"line":1219,"column":8},"end":{"line":1219,"column":87}},"484":{"start":{"line":1220,"column":8},"end":{"line":1220,"column":99}},"485":{"start":{"line":1221,"column":8},"end":{"line":1221,"column":71}},"486":{"start":{"line":1222,"column":8},"end":{"line":1224,"column":85}},"487":{"start":{"line":1225,"column":8},"end":{"line":1229,"column":30}},"488":{"start":{"line":1230,"column":8},"end":{"line":1233,"column":32}},"489":{"start":{"line":1234,"column":8},"end":{"line":1234,"column":20}},"490":{"start":{"line":1240,"column":4},"end":{"line":1252,"column":6}},"491":{"start":{"line":1242,"column":8},"end":{"line":1242,"column":87}},"492":{"start":{"line":1243,"column":8},"end":{"line":1243,"column":74}},"493":{"start":{"line":1244,"column":8},"end":{"line":1244,"column":42}},"494":{"start":{"line":1245,"column":8},"end":{"line":1250,"column":57}},"495":{"start":{"line":1251,"column":8},"end":{"line":1251,"column":20}},"496":{"start":{"line":1253,"column":4},"end":{"line":1271,"column":7}},"497":{"start":{"line":1259,"column":12},"end":{"line":1259,"column":36}},"498":{"start":{"line":1267,"column":12},"end":{"line":1267,"column":55}},"499":{"start":{"line":1272,"column":4},"end":{"line":1290,"column":7}},"500":{"start":{"line":1278,"column":12},"end":{"line":1278,"column":37}},"501":{"start":{"line":1286,"column":12},"end":{"line":1286,"column":57}},"502":{"start":{"line":1291,"column":4},"end":{"line":1309,"column":7}},"503":{"start":{"line":1297,"column":12},"end":{"line":1297,"column":35}},"504":{"start":{"line":1305,"column":12},"end":{"line":1305,"column":74}},"505":{"start":{"line":1310,"column":4},"end":{"line":1328,"column":7}},"506":{"start":{"line":1316,"column":12},"end":{"line":1316,"column":38}},"507":{"start":{"line":1324,"column":12},"end":{"line":1324,"column":83}},"508":{"start":{"line":1329,"column":4},"end":{"line":1329,"column":18}},"509":{"start":{"line":1331,"column":0},"end":{"line":1331,"column":24}},"510":{"start":{"line":1340,"column":0},"end":{"line":1340,"column":31}},"511":{"start":{"line":1341,"column":0},"end":{"line":1341,"column":27}},"512":{"start":{"line":1342,"column":0},"end":{"line":1342,"column":39}},"513":{"start":{"line":1343,"column":0},"end":{"line":1343,"column":39}},"514":{"start":{"line":1344,"column":0},"end":{"line":1344,"column":45}},"515":{"start":{"line":1345,"column":0},"end":{"line":1345,"column":46}},"516":{"start":{"line":1346,"column":0},"end":{"line":1346,"column":41}},"517":{"start":{"line":1347,"column":0},"end":{"line":1347,"column":40}},"518":{"start":{"line":1348,"column":0},"end":{"line":1348,"column":35}},"519":{"start":{"line":1349,"column":0},"end":{"line":1349,"column":33}},"520":{"start":{"line":1350,"column":0},"end":{"line":1350,"column":51}},"521":{"start":{"line":1351,"column":0},"end":{"line":1351,"column":55}},"522":{"start":{"line":1352,"column":0},"end":{"line":1352,"column":47}},"523":{"start":{"line":1353,"column":0},"end":{"line":1353,"column":49}},"524":{"start":{"line":1356,"column":0},"end":{"line":1467,"column":135}},"525":{"start":{"line":1358,"column":0},"end":{"line":1362,"column":2}},"526":{"start":{"line":1359,"column":4},"end":{"line":1359,"column":58}},"527":{"start":{"line":1359,"column":21},"end":{"line":1359,"column":58}},"528":{"start":{"line":1359,"column":46},"end":{"line":1359,"column":58}},"529":{"start":{"line":1360,"column":4},"end":{"line":1360,"column":43}},"530":{"start":{"line":1360,"column":20},"end":{"line":1360,"column":41}},"531":{"start":{"line":1361,"column":4},"end":{"line":1361,"column":89}},"532":{"start":{"line":1363,"column":0},"end":{"line":1363,"column":119}},"533":{"start":{"line":1364,"column":0},"end":{"line":1364,"column":101}},"534":{"start":{"line":1365,"column":0},"end":{"line":1365,"column":39}},"535":{"start":{"line":1366,"column":0},"end":{"line":1366,"column":47}},"536":{"start":{"line":1370,"column":0},"end":{"line":1464,"column":31}},"537":{"start":{"line":1371,"column":4},"end":{"line":1371,"column":37}},"538":{"start":{"line":1372,"column":4},"end":{"line":1380,"column":5}},"539":{"start":{"line":1373,"column":8},"end":{"line":1373,"column":50}},"540":{"start":{"line":1374,"column":8},"end":{"line":1374,"column":36}},"541":{"start":{"line":1375,"column":8},"end":{"line":1375,"column":43}},"542":{"start":{"line":1376,"column":8},"end":{"line":1376,"column":57}},"543":{"start":{"line":1377,"column":8},"end":{"line":1377,"column":53}},"544":{"start":{"line":1378,"column":8},"end":{"line":1378,"column":64}},"545":{"start":{"line":1379,"column":8},"end":{"line":1379,"column":63}},"546":{"start":{"line":1388,"column":4},"end":{"line":1462,"column":6}},"547":{"start":{"line":1390,"column":8},"end":{"line":1390,"column":24}},"548":{"start":{"line":1391,"column":8},"end":{"line":1391,"column":97}},"549":{"start":{"line":1392,"column":8},"end":{"line":1392,"column":79}},"550":{"start":{"line":1393,"column":8},"end":{"line":1393,"column":33}},"551":{"start":{"line":1394,"column":8},"end":{"line":1394,"column":36}},"552":{"start":{"line":1395,"column":8},"end":{"line":1395,"column":68}},"553":{"start":{"line":1396,"column":8},"end":{"line":1396,"column":73}},"554":{"start":{"line":1397,"column":8},"end":{"line":1397,"column":75}},"555":{"start":{"line":1398,"column":8},"end":{"line":1398,"column":60}},"556":{"start":{"line":1402,"column":8},"end":{"line":1402,"column":57}},"557":{"start":{"line":1403,"column":8},"end":{"line":1406,"column":11}},"558":{"start":{"line":1405,"column":12},"end":{"line":1405,"column":38}},"559":{"start":{"line":1407,"column":8},"end":{"line":1407,"column":31}},"560":{"start":{"line":1410,"column":8},"end":{"line":1410,"column":46}},"561":{"start":{"line":1411,"column":8},"end":{"line":1411,"column":47}},"562":{"start":{"line":1412,"column":8},"end":{"line":1420,"column":9}},"563":{"start":{"line":1413,"column":12},"end":{"line":1413,"column":34}},"564":{"start":{"line":1414,"column":12},"end":{"line":1416,"column":13}},"565":{"start":{"line":1415,"column":16},"end":{"line":1415,"column":36}},"566":{"start":{"line":1417,"column":12},"end":{"line":1419,"column":13}},"567":{"start":{"line":1418,"column":16},"end":{"line":1418,"column":37}},"568":{"start":{"line":1421,"column":8},"end":{"line":1421,"column":39}},"569":{"start":{"line":1422,"column":8},"end":{"line":1422,"column":41}},"570":{"start":{"line":1424,"column":8},"end":{"line":1460,"column":11}},"571":{"start":{"line":1434,"column":12},"end":{"line":1434,"column":77}},"572":{"start":{"line":1437,"column":12},"end":{"line":1437,"column":91}},"573":{"start":{"line":1440,"column":12},"end":{"line":1440,"column":56}},"574":{"start":{"line":1441,"column":12},"end":{"line":1441,"column":71}},"575":{"start":{"line":1442,"column":12},"end":{"line":1447,"column":13}},"576":{"start":{"line":1443,"column":16},"end":{"line":1443,"column":38}},"577":{"start":{"line":1446,"column":16},"end":{"line":1446,"column":54}},"578":{"start":{"line":1450,"column":12},"end":{"line":1450,"column":54}},"579":{"start":{"line":1453,"column":12},"end":{"line":1453,"column":28}},"580":{"start":{"line":1456,"column":12},"end":{"line":1456,"column":32}},"581":{"start":{"line":1459,"column":12},"end":{"line":1459,"column":30}},"582":{"start":{"line":1461,"column":8},"end":{"line":1461,"column":20}},"583":{"start":{"line":1463,"column":4},"end":{"line":1463,"column":25}},"584":{"start":{"line":1465,"column":0},"end":{"line":1465,"column":38}},"585":{"start":{"line":1470,"column":0},"end":{"line":1692,"column":135}},"586":{"start":{"line":1472,"column":0},"end":{"line":1476,"column":2}},"587":{"start":{"line":1473,"column":4},"end":{"line":1473,"column":58}},"588":{"start":{"line":1473,"column":21},"end":{"line":1473,"column":58}},"589":{"start":{"line":1473,"column":46},"end":{"line":1473,"column":58}},"590":{"start":{"line":1474,"column":4},"end":{"line":1474,"column":43}},"591":{"start":{"line":1474,"column":20},"end":{"line":1474,"column":41}},"592":{"start":{"line":1475,"column":4},"end":{"line":1475,"column":89}},"593":{"start":{"line":1477,"column":0},"end":{"line":1477,"column":119}},"594":{"start":{"line":1478,"column":0},"end":{"line":1478,"column":101}},"595":{"start":{"line":1479,"column":0},"end":{"line":1479,"column":109}},"596":{"start":{"line":1480,"column":0},"end":{"line":1480,"column":31}},"597":{"start":{"line":1481,"column":0},"end":{"line":1481,"column":39}},"598":{"start":{"line":1485,"column":0},"end":{"line":1689,"column":16}},"599":{"start":{"line":1486,"column":4},"end":{"line":1486,"column":35}},"600":{"start":{"line":1497,"column":4},"end":{"line":1505,"column":5}},"601":{"start":{"line":1498,"column":8},"end":{"line":1498,"column":50}},"602":{"start":{"line":1499,"column":8},"end":{"line":1499,"column":31}},"603":{"start":{"line":1500,"column":8},"end":{"line":1500,"column":36}},"604":{"start":{"line":1501,"column":8},"end":{"line":1501,"column":41}},"605":{"start":{"line":1502,"column":8},"end":{"line":1502,"column":58}},"606":{"start":{"line":1503,"column":8},"end":{"line":1503,"column":32}},"607":{"start":{"line":1504,"column":8},"end":{"line":1504,"column":61}},"608":{"start":{"line":1510,"column":4},"end":{"line":1531,"column":6}},"609":{"start":{"line":1512,"column":8},"end":{"line":1512,"column":24}},"610":{"start":{"line":1515,"column":8},"end":{"line":1528,"column":11}},"611":{"start":{"line":1517,"column":12},"end":{"line":1517,"column":18}},"612":{"start":{"line":1518,"column":12},"end":{"line":1527,"column":13}},"613":{"start":{"line":1519,"column":16},"end":{"line":1519,"column":44}},"614":{"start":{"line":1520,"column":16},"end":{"line":1520,"column":29}},"615":{"start":{"line":1521,"column":16},"end":{"line":1521,"column":49}},"616":{"start":{"line":1522,"column":16},"end":{"line":1522,"column":44}},"617":{"start":{"line":1523,"column":16},"end":{"line":1523,"column":43}},"618":{"start":{"line":1526,"column":16},"end":{"line":1526,"column":53}},"619":{"start":{"line":1529,"column":8},"end":{"line":1529,"column":28}},"620":{"start":{"line":1530,"column":8},"end":{"line":1530,"column":20}},"621":{"start":{"line":1547,"column":4},"end":{"line":1570,"column":6}},"622":{"start":{"line":1548,"column":8},"end":{"line":1569,"column":9}},"623":{"start":{"line":1550,"column":12},"end":{"line":1550,"column":24}},"624":{"start":{"line":1554,"column":12},"end":{"line":1567,"column":13}},"625":{"start":{"line":1556,"column":16},"end":{"line":1556,"column":52}},"626":{"start":{"line":1557,"column":16},"end":{"line":1557,"column":58}},"627":{"start":{"line":1558,"column":16},"end":{"line":1558,"column":42}},"628":{"start":{"line":1559,"column":16},"end":{"line":1559,"column":68}},"629":{"start":{"line":1560,"column":16},"end":{"line":1560,"column":61}},"630":{"start":{"line":1561,"column":16},"end":{"line":1561,"column":66}},"631":{"start":{"line":1562,"column":16},"end":{"line":1562,"column":54}},"632":{"start":{"line":1563,"column":16},"end":{"line":1563,"column":35}},"633":{"start":{"line":1564,"column":16},"end":{"line":1564,"column":52}},"634":{"start":{"line":1565,"column":16},"end":{"line":1565,"column":55}},"635":{"start":{"line":1566,"column":16},"end":{"line":1566,"column":55}},"636":{"start":{"line":1568,"column":12},"end":{"line":1568,"column":24}},"637":{"start":{"line":1576,"column":4},"end":{"line":1600,"column":6}},"638":{"start":{"line":1577,"column":8},"end":{"line":1577,"column":97}},"639":{"start":{"line":1578,"column":8},"end":{"line":1578,"column":33}},"640":{"start":{"line":1579,"column":8},"end":{"line":1579,"column":63}},"641":{"start":{"line":1580,"column":8},"end":{"line":1580,"column":23}},"642":{"start":{"line":1581,"column":8},"end":{"line":1581,"column":24}},"643":{"start":{"line":1582,"column":8},"end":{"line":1585,"column":9}},"644":{"start":{"line":1583,"column":12},"end":{"line":1583,"column":27}},"645":{"start":{"line":1584,"column":12},"end":{"line":1584,"column":38}},"646":{"start":{"line":1586,"column":8},"end":{"line":1588,"column":79}},"647":{"start":{"line":1589,"column":8},"end":{"line":1594,"column":30}},"648":{"start":{"line":1595,"column":8},"end":{"line":1598,"column":25}},"649":{"start":{"line":1599,"column":8},"end":{"line":1599,"column":20}},"650":{"start":{"line":1608,"column":4},"end":{"line":1673,"column":6}},"651":{"start":{"line":1610,"column":8},"end":{"line":1610,"column":24}},"652":{"start":{"line":1611,"column":8},"end":{"line":1611,"column":97}},"653":{"start":{"line":1612,"column":8},"end":{"line":1612,"column":79}},"654":{"start":{"line":1613,"column":8},"end":{"line":1613,"column":33}},"655":{"start":{"line":1614,"column":8},"end":{"line":1614,"column":36}},"656":{"start":{"line":1615,"column":8},"end":{"line":1615,"column":68}},"657":{"start":{"line":1616,"column":8},"end":{"line":1616,"column":73}},"658":{"start":{"line":1617,"column":8},"end":{"line":1617,"column":75}},"659":{"start":{"line":1621,"column":8},"end":{"line":1621,"column":57}},"660":{"start":{"line":1622,"column":8},"end":{"line":1625,"column":11}},"661":{"start":{"line":1624,"column":12},"end":{"line":1624,"column":38}},"662":{"start":{"line":1626,"column":8},"end":{"line":1626,"column":31}},"663":{"start":{"line":1629,"column":8},"end":{"line":1629,"column":46}},"664":{"start":{"line":1630,"column":8},"end":{"line":1630,"column":47}},"665":{"start":{"line":1631,"column":8},"end":{"line":1639,"column":9}},"666":{"start":{"line":1632,"column":12},"end":{"line":1632,"column":34}},"667":{"start":{"line":1633,"column":12},"end":{"line":1635,"column":13}},"668":{"start":{"line":1634,"column":16},"end":{"line":1634,"column":36}},"669":{"start":{"line":1636,"column":12},"end":{"line":1638,"column":13}},"670":{"start":{"line":1637,"column":16},"end":{"line":1637,"column":37}},"671":{"start":{"line":1640,"column":8},"end":{"line":1640,"column":39}},"672":{"start":{"line":1641,"column":8},"end":{"line":1641,"column":41}},"673":{"start":{"line":1643,"column":8},"end":{"line":1671,"column":11}},"674":{"start":{"line":1653,"column":12},"end":{"line":1653,"column":75}},"675":{"start":{"line":1656,"column":12},"end":{"line":1656,"column":53}},"676":{"start":{"line":1661,"column":12},"end":{"line":1661,"column":54}},"677":{"start":{"line":1664,"column":12},"end":{"line":1664,"column":28}},"678":{"start":{"line":1667,"column":12},"end":{"line":1667,"column":32}},"679":{"start":{"line":1670,"column":12},"end":{"line":1670,"column":30}},"680":{"start":{"line":1672,"column":8},"end":{"line":1672,"column":20}},"681":{"start":{"line":1677,"column":4},"end":{"line":1683,"column":6}},"682":{"start":{"line":1678,"column":8},"end":{"line":1680,"column":33}},"683":{"start":{"line":1681,"column":8},"end":{"line":1681,"column":61}},"684":{"start":{"line":1682,"column":8},"end":{"line":1682,"column":20}},"685":{"start":{"line":1684,"column":4},"end":{"line":1687,"column":6}},"686":{"start":{"line":1685,"column":8},"end":{"line":1685,"column":60}},"687":{"start":{"line":1686,"column":8},"end":{"line":1686,"column":20}},"688":{"start":{"line":1688,"column":4},"end":{"line":1688,"column":23}},"689":{"start":{"line":1690,"column":0},"end":{"line":1690,"column":34}}},"branchMap":{"1":{"line":1,"type":"if","locations":[{"start":{"line":1,"column":13},"end":{"line":1,"column":13}},{"start":{"line":1,"column":13},"end":{"line":1,"column":13}}]},"2":{"line":1,"type":"binary-expr","locations":[{"start":{"line":1,"column":16},"end":{"line":1,"column":41}},{"start":{"line":1,"column":43},"end":{"line":1,"column":70}}]},"3":{"line":1,"type":"if","locations":[{"start":{"line":1,"column":96},"end":{"line":1,"column":96}},{"start":{"line":1,"column":96},"end":{"line":1,"column":96}}]},"4":{"line":1,"type":"binary-expr","locations":[{"start":{"line":1,"column":99},"end":{"line":1,"column":125}},{"start":{"line":1,"column":127},"end":{"line":1,"column":137}}]},"5":{"line":1,"type":"if","locations":[{"start":{"line":1,"column":163},"end":{"line":1,"column":163}},{"start":{"line":1,"column":163},"end":{"line":1,"column":163}}]},"6":{"line":1,"type":"if","locations":[{"start":{"line":1,"column":209},"end":{"line":1,"column":209}},{"start":{"line":1,"column":209},"end":{"line":1,"column":209}}]},"7":{"line":1,"type":"if","locations":[{"start":{"line":1,"column":255},"end":{"line":1,"column":255}},{"start":{"line":1,"column":255},"end":{"line":1,"column":255}}]},"8":{"line":1,"type":"if","locations":[{"start":{"line":1,"column":405},"end":{"line":1,"column":405}},{"start":{"line":1,"column":405},"end":{"line":1,"column":405}}]},"9":{"line":1,"type":"if","locations":[{"start":{"line":1,"column":415},"end":{"line":1,"column":415}},{"start":{"line":1,"column":415},"end":{"line":1,"column":415}}]},"10":{"line":1,"type":"binary-expr","locations":[{"start":{"line":1,"column":431},"end":{"line":1,"column":457}},{"start":{"line":1,"column":459},"end":{"line":1,"column":466}}]},"11":{"line":1,"type":"if","locations":[{"start":{"line":1,"column":467},"end":{"line":1,"column":467}},{"start":{"line":1,"column":467},"end":{"line":1,"column":467}}]},"12":{"line":1,"type":"binary-expr","locations":[{"start":{"line":1,"column":470},"end":{"line":1,"column":472}},{"start":{"line":1,"column":474},"end":{"line":1,"column":475}}]},"13":{"line":1,"type":"if","locations":[{"start":{"line":1,"column":491},"end":{"line":1,"column":491}},{"start":{"line":1,"column":491},"end":{"line":1,"column":491}}]},"14":{"line":1,"type":"cond-expr","locations":[{"start":{"line":1,"column":678},"end":{"line":1,"column":679}},{"start":{"line":1,"column":680},"end":{"line":1,"column":681}}]},"15":{"line":1,"type":"binary-expr","locations":[{"start":{"line":1,"column":731},"end":{"line":1,"column":757}},{"start":{"line":1,"column":759},"end":{"line":1,"column":766}}]},"16":{"line":4,"type":"cond-expr","locations":[{"start":{"line":4,"column":33},"end":{"line":4,"column":54}},{"start":{"line":4,"column":57},"end":{"line":4,"column":117}}]},"17":{"line":4,"type":"cond-expr","locations":[{"start":{"line":4,"column":89},"end":{"line":4,"column":110}},{"start":{"line":4,"column":113},"end":{"line":4,"column":117}}]},"18":{"line":5,"type":"cond-expr","locations":[{"start":{"line":5,"column":33},"end":{"line":5,"column":45}},{"start":{"line":5,"column":48},"end":{"line":5,"column":99}}]},"19":{"line":5,"type":"cond-expr","locations":[{"start":{"line":5,"column":80},"end":{"line":5,"column":92}},{"start":{"line":5,"column":95},"end":{"line":5,"column":99}}]},"20":{"line":44,"type":"binary-expr","locations":[{"start":{"line":44,"column":23},"end":{"line":44,"column":30}},{"start":{"line":44,"column":34},"end":{"line":44,"column":43}}]},"21":{"line":246,"type":"if","locations":[{"start":{"line":246,"column":8},"end":{"line":246,"column":8}},{"start":{"line":246,"column":8},"end":{"line":246,"column":8}}]},"22":{"line":246,"type":"binary-expr","locations":[{"start":{"line":246,"column":12},"end":{"line":246,"column":38}},{"start":{"line":246,"column":42},"end":{"line":246,"column":49}}]},"23":{"line":249,"type":"if","locations":[{"start":{"line":249,"column":8},"end":{"line":249,"column":8}},{"start":{"line":249,"column":8},"end":{"line":249,"column":8}}]},"24":{"line":249,"type":"binary-expr","locations":[{"start":{"line":249,"column":12},"end":{"line":249,"column":41}},{"start":{"line":249,"column":45},"end":{"line":249,"column":55}}]},"25":{"line":264,"type":"if","locations":[{"start":{"line":264,"column":8},"end":{"line":264,"column":8}},{"start":{"line":264,"column":8},"end":{"line":264,"column":8}}]},"26":{"line":264,"type":"binary-expr","locations":[{"start":{"line":264,"column":12},"end":{"line":264,"column":39}},{"start":{"line":264,"column":43},"end":{"line":264,"column":51}}]},"27":{"line":267,"type":"if","locations":[{"start":{"line":267,"column":8},"end":{"line":267,"column":8}},{"start":{"line":267,"column":8},"end":{"line":267,"column":8}}]},"28":{"line":267,"type":"binary-expr","locations":[{"start":{"line":267,"column":12},"end":{"line":267,"column":40}},{"start":{"line":267,"column":44},"end":{"line":267,"column":53}}]},"29":{"line":377,"type":"cond-expr","locations":[{"start":{"line":377,"column":45},"end":{"line":377,"column":51}},{"start":{"line":377,"column":54},"end":{"line":377,"column":134}}]},"30":{"line":377,"type":"cond-expr","locations":[{"start":{"line":377,"column":84},"end":{"line":377,"column":88}},{"start":{"line":377,"column":91},"end":{"line":377,"column":134}}]},"31":{"line":377,"type":"cond-expr","locations":[{"start":{"line":377,"column":123},"end":{"line":377,"column":129}},{"start":{"line":377,"column":132},"end":{"line":377,"column":134}}]},"32":{"line":394,"type":"if","locations":[{"start":{"line":394,"column":8},"end":{"line":394,"column":8}},{"start":{"line":394,"column":8},"end":{"line":394,"column":8}}]},"33":{"line":398,"type":"if","locations":[{"start":{"line":398,"column":13},"end":{"line":398,"column":13}},{"start":{"line":398,"column":13},"end":{"line":398,"column":13}}]},"34":{"line":402,"type":"if","locations":[{"start":{"line":402,"column":13},"end":{"line":402,"column":13}},{"start":{"line":402,"column":13},"end":{"line":402,"column":13}}]},"35":{"line":435,"type":"if","locations":[{"start":{"line":435,"column":8},"end":{"line":435,"column":8}},{"start":{"line":435,"column":8},"end":{"line":435,"colu
[...]
":{"line":533,"column":13}},{"start":{"line":534,"column":12},"end":{"line":554,"column":13}},{"start":{"line":555,"column":12},"end":{"line":603,"column":13}},{"start":{"line":604,"column":12},"end":{"line":606,"column":13}}]},"38":{"line":622,"type":"if","locations":[{"start":{"line":622,"column":8},"end":{"line":622,"column":8}},{"start":{"line":622,"column":8},"end":{"line":622,"column":8}}]},"39":{"line":633,"type":"if","locations":[{"start":{"line":633,"column":12},"end":{"line":633,"column":12}},{"start":{"line":633,"column":12},"end":{"line":633,"column":12}}]},"40":{"line":633,"type":"binary-expr","locations":[{"start":{"line":633,"column":16},"end":{"line":633,"column":21}},{"start":{"line":633,"column":25},"end":{"line":633,"column":30}}]},"41":{"line":648,"type":"if","locations":[{"start":{"line":648,"column":12},"end":{"line":648,"column":12}},{"start":{"line":648,"column":12},"end":{"line":648,"column":12}}]},"42":{"line":648,"type":"binary-expr","locations":[{"start":{"line":648,"column":16},"end":{"line":648,"column":27}},{"start":{"line":648,"column":31},"end":{"line":648,"column":44}}]},"43":{"line":718,"type":"binary-expr","locations":[{"start":{"line":718,"column":17},"end":{"line":718,"column":21}},{"start":{"line":718,"column":25},"end":{"line":718,"column":39}},{"start":{"line":718,"column":44},"end":{"line":722,"column":1}}]},"44":{"line":719,"type":"if","locations":[{"start":{"line":719,"column":21},"end":{"line":719,"column":21}},{"start":{"line":719,"column":21},"end":{"line":719,"column":21}}]},"45":{"line":721,"type":"cond-expr","locations":[{"start":{"line":721,"column":31},"end":{"line":721,"column":47}},{"start":{"line":721,"column":51},"end":{"line":721,"column":87}}]},"46":{"line":723,"type":"cond-expr","locations":[{"start":{"line":723,"column":33},"end":{"line":723,"column":54}},{"start":{"line":723,"column":57},"end":{"line":723,"column":117}}]},"47":{"line":723,"type":"cond-expr","locations":[{"start":{"line":723,"column":89},"end":{"line":723,"column":110}},{"start":{"line":723,"column":113},"end":{"line":723,"column":117}}]},"48":{"line":724,"type":"cond-expr","locations":[{"start":{"line":724,"column":33},"end":{"line":724,"column":45}},{"start":{"line":724,"column":48},"end":{"line":724,"column":99}}]},"49":{"line":724,"type":"cond-expr","locations":[{"start":{"line":724,"column":80},"end":{"line":724,"column":92}},{"start":{"line":724,"column":95},"end":{"line":724,"column":99}}]},"50":{"line":725,"type":"cond-expr","locations":[{"start":{"line":725,"column":33},"end":{"line":725,"column":49}},{"start":{"line":725,"column":52},"end":{"line":725,"column":107}}]},"51":{"line":725,"type":"cond-expr","locations":[{"start":{"line":725,"column":84},"end":{"line":725,"column":100}},{"start":{"line":725,"column":103},"end":{"line":725,"column":107}}]},"52":{"line":769,"type":"if","locations":[{"start":{"line":769,"column":12},"end":{"line":769,"column":12}},{"start":{"line":769,"column":12},"end":{"line":769,"column":12}}]},"53":{"line":772,"type":"if","locations":[{"start":{"line":772,"column":12},"end":{"line":772,"column":12}},{"start":{"line":772,"column":12},"end":{"line":772,"column":12}}]},"54":{"line":797,"type":"if","locations":[{"start":{"line":797,"column":12},"end":{"line":797,"column":12}},{"start":{"line":797,"column":12},"end":{"line":797,"column":12}}]},"55":{"line":822,"type":"cond-expr","locations":[{"start":{"line":822,"column":45},"end":{"line":822,"column":51}},{"start":{"line":822,"column":54},"end":{"line":822,"column":134}}]},"56":{"line":822,"type":"cond-expr","locations":[{"start":{"line":822,"column":84},"end":{"line":822,"column":88}},{"start":{"line":822,"column":91},"end":{"line":822,"column":134}}]},"57":{"line":822,"type":"cond-expr","locations":[{"start":{"line":822,"column":123},"end":{"line":822,"column":129}},{"start":{"line":822,"column":132},"end":{"line":822,"column":134}}]},"58":{"line":827,"type":"binary-expr","locations":[{"start":{"line":827,"column":17},"end":{"line":827,"column":21}},{"start":{"line":827,"column":25},"end":{"line":827,"column":39}},{"start":{"line":827,"column":44},"end":{"line":831,"column":1}}]},"59":{"line":828,"type":"if","locations":[{"start":{"line":828,"column":21},"end":{"line":828,"column":21}},{"start":{"line":828,"column":21},"end":{"line":828,"column":21}}]},"60":{"line":830,"type":"cond-expr","locations":[{"start":{"line":830,"column":31},"end":{"line":830,"column":47}},{"start":{"line":830,"column":51},"end":{"line":830,"column":87}}]},"61":{"line":832,"type":"cond-expr","locations":[{"start":{"line":832,"column":33},"end":{"line":832,"column":54}},{"start":{"line":832,"column":57},"end":{"line":832,"column":117}}]},"62":{"line":832,"type":"cond-expr","locations":[{"start":{"line":832,"column":89},"end":{"line":832,"column":110}},{"start":{"line":832,"column":113},"end":{"line":832,"column":117}}]},"63":{"line":833,"type":"cond-expr","locations":[{"start":{"line":833,"column":33},"end":{"line":833,"column":45}},{"start":{"line":833,"column":48},"end":{"line":833,"column":99}}]},"64":{"line":833,"type":"cond-expr","locations":[{"start":{"line":833,"column":80},"end":{"line":833,"column":92}},{"start":{"line":833,"column":95},"end":{"line":833,"column":99}}]},"65":{"line":834,"type":"cond-expr","locations":[{"start":{"line":834,"column":33},"end":{"line":834,"column":49}},{"start":{"line":834,"column":52},"end":{"line":834,"column":107}}]},"66":{"line":834,"type":"cond-expr","locations":[{"start":{"line":834,"column":84},"end":{"line":834,"column":100}},{"start":{"line":834,"column":103},"end":{"line":834,"column":107}}]},"67":{"line":868,"type":"if","locations":[{"start":{"line":868,"column":12},"end":{"line":868,"column":12}},{"start":{"line":868,"column":12},"end":{"line":868,"column":12}}]},"68":{"line":899,"type":"if","locations":[{"start":{"line":899,"column":8},"end":{"line":899,"column":8}},{"start":{"line":899,"column":8},"end":{"line":899,"column":8}}]},"69":{"line":905,"type":"if","locations":[{"start":{"line":905,"column":12},"end":{"line":905,"column":12}},{"start":{"line":905,"column":12},"end":{"line":905,"column":12}}]},"70":{"line":938,"type":"if","locations":[{"start":{"line":938,"column":8},"end":{"line":938,"column":8}},{"start":{"line":938,"column":8},"end":{"line":938,"column":8}}]},"71":{"line":1002,"type":"if","locations":[{"start":{"line":1002,"column":12},"end":{"line":1002,"column":12}},{"start":{"line":1002,"column":12},"end":{"line":1002,"column":12}}]},"72":{"line":1005,"type":"if","locations":[{"start":{"line":1005,"column":12},"end":{"line":1005,"column":12}},{"start":{"line":1005,"column":12},"end":{"line":1005,"column":12}}]},"73":{"line":1061,"type":"cond-expr","locations":[{"start":{"line":1061,"column":45},"end":{"line":1061,"column":51}},{"start":{"line":1061,"column":54},"end":{"line":1061,"column":134}}]},"74":{"line":1061,"type":"cond-expr","locations":[{"start":{"line":1061,"column":84},"end":{"line":1061,"column":88}},{"start":{"line":1061,"column":91},"end":{"line":1061,"column":134}}]},"75":{"line":1061,"type":"cond-expr","locations":[{"start":{"line":1061,"column":123},"end":{"line":1061,"column":129}},{"start":{"line":1061,"column":132},"end":{"line":1061,"column":134}}]},"76":{"line":1066,"type":"cond-expr","locations":[{"start":{"line":1066,"column":33},"end":{"line":1066,"column":45}},{"start":{"line":1066,"column":48},"end":{"line":1066,"column":99}}]},"77":{"line":1066,"type":"cond-expr","locations":[{"start":{"line":1066,"column":80},"end":{"line":1066,"column":92}},{"start":{"line":1066,"column":95},"end":{"line":1066,"column":99}}]},"78":{"line":1333,"type":"cond-expr","locations":[{"start":{"line":1333,"column":45},"end":{"line":1333,"column":51}},{"start":{"line":1333,"column":54},"end":{"line":1333,"column":134}}]},"79":{"line":1333,"type":"cond-expr","locations":[{"start":{"line":1333,"column":84},"end":{"line":1333,"column":88}},{"start":{"line":1333,"column":91},"end":{"line":1333,"column":134}}]},"80":{"line":1333,"type":"cond-expr","locations":[{"start":{"line":1333,"column":123},"end":{"line":1333,"column":129}},{"start":{"line":1333,"column":132},"end":{"line":1333,"column":134}}]},"81":{"line":1358,"type":"binary-expr","locations":[{"start":{"line":1358,"column":17},"end":{"line":1358,"column":21}},{"start":{"line":1358,"column":25},"end":{"line":1358,"column":39}},{"start":{"line":1358,"column":44},"end":{"line":1362,"column":1}}]},"82":{"line":1359,"type":"if","locations":[{"start":{"line":1359,"column":21},"end":{"line":1359,"column":21}},{"start":{"line":1359,"column":21},"end":{"line":1359,"column":21}}]},"83":{"line":1361,"type":"cond-expr","locations":[{"start":{"line":1361,"column":31},"end":{"line":1361,"column":47}},{"start":{"line":1361,"column":51},"end":{"line":1361,"column":87}}]},"84":{"line":1363,"type":"cond-expr","locations":[{"start":{"line":1363,"column":33},"end":{"line":1363,"column":54}},{"start":{"line":1363,"column":57},"end":{"line":1363,"column":117}}]},"85":{"line":1363,"type":"cond-expr","locations":[{"start":{"line":1363,"column":89},"end":{"line":1363,"column":110}},{"start":{"line":1363,"column":113},"end":{"line":1363,"column":117}}]},"86":{"line":1364,"type":"cond-expr","locations":[{"start":{"line":1364,"column":33},"end":{"line":1364,"column":45}},{"start":{"line":1364,"column":48},"end":{"line":1364,"column":99}}]},"87":{"line":1364,"type":"cond-expr","locations":[{"start":{"line":1364,"column":80},"end":{"line":1364,"column":92}},{"start":{"line":1364,"column":95},"end":{"line":1364,"column":99}}]},"88":{"line":1414,"type":"if","locations":[{"start":{"line":1414,"column":12},"end":{"line":1414,"column":12}},{"start":{"line":1414,"column":12},"end":{"line":1414,"column":12}}]},"89":{"line":1417,"type":"if","locations":[{"start":{"line":1417,"column":12},"end":{"line":1417,"column":12}},{"start":{"line":1417,"column":12},"end":{"line":1417,"column":12}}]},"90":{"line":1442,"type":"if","locations":[{"start":{"line":1442,"column":12},"end":{"line":1442,"column":12}},{"start":{"line":1442,"column":12},"end":{"line":1442,"column":12}}]},"91":{"line":1467,"type":"cond-expr","locations":[{"start":{"line":1467,"column":45},"end":{"line":1467,"column":51}},{"start":{"line":1467,"column":54},"end":{"line":1467,"column":134}}]},"92":{"line":1467,"type":"cond-expr","locations":[{"start":{"line":1467,"column":84},"end":{"line":1467,"column":88}},{"start":{"line":1467,"column":91},"end":{"line":1467,"column":134}}]},"93":{"line":1467,"type":"cond-expr","locations":[{"start":{"line":1467,"column":123},"end":{"line":1467,"column":129}},{"start":{"line":1467,"column":132},"end":{"line":1467,"column":134}}]},"94":{"line":1472,"type":"binary-expr","locations":[{"start":{"line":1472,"column":17},"end":{"line":1472,"column":21}},{"start":{"line":1472,"column":25},"end":{"line":1472,"column":39}},{"start":{"line":1472,"column":44},"end":{"line":1476,"column":1}}]},"95":{"line":1473,"type":"if","locations":[{"start":{"line":1473,"column":21},"end":{"line":1473,"column":21}},{"start":{"line":1473,"column":21},"end":{"line":1473,"column":21}}]},"96":{"line":1475,"type":"cond-expr","locations":[{"start":{"line":1475,"column":31},"end":{"line":1475,"column":47}},{"start":{"line":1475,"column":51},"end":{"line":1475,"column":87}}]},"97":{"line":1477,"type":"cond-expr","locations":[{"start":{"line":1477,"column":33},"end":{"line":1477,"column":54}},{"start":{"line":1477,"column":57},"end":{"line":1477,"column":117}}]},"98":{"line":1477,"type":"cond-expr","locations":[{"start":{"line":1477,"column":89},"end":{"line":1477,"column":110}},{"start":{"line":1477,"column":113},"end":{"line":1477,"column":117}}]},"99":{"line":1478,"type":"cond-expr","locations":[{"start":{"line":1478,"column":33},"end":{"line":1478,"column":45}},{"start":{"line":1478,"column":48},"end":{"line":1478,"column":99}}]},"100":{"line":1478,"type":"cond-expr","locations":[{"start":{"line":1478,"column":80},"end":{"line":1478,"column":92}},{"start":{"line":1478,"column":95},"end":{"line":1478,"column":99}}]},"101":{"line":1479,"type":"cond-expr","locations":[{"start":{"line":1479,"column":33},"end":{"line":1479,"column":49}},{"start":{"line":1479,"column":52},"end":{"line":1479,"column":107}}]},"102":{"line":1479,"type":"cond-expr","locations":[{"start":{"line":1479,"column":84},"end":{"line":1479,"column":100}},{"start":{"line":1479,"column":103},"end":{"line":1479,"column":107}}]},"103":{"line":1518,"type":"if","locations":[{"start":{"line":1518,"column":12},"end":{"line":1518,"column":12}},{"start":{"line":1518,"column":12},"end":{"line":1518,"column":12}}]},"104":{"line":1548,"type":"if","locations":[{"start":{"line":1548,"column":8},"end":{"line":1548,"column":8}},{"start":{"line":1548,"column":8},"end":{"line":1548,"column":8}}]},"105":{"line":1554,"type":"if","locations":[{"start":{"line":1554,"column":12},"end":{"line":1554,"column":12}},{"start":{"line":1554,"column":12},"end":{"line":1554,"column":12}}]},"106":{"line":1633,"type":"if","locations":[{"start":{"line":1633,"column":12},"end":{"line":1633,"column":12}},{"start":{"line":1633,"column":12},"end":{"line":1633,"column":12}}]},"107":{"line":1636,"type":"if","locations":[{"start":{"line":1636,"column":12},"end":{"line":1636,"column":12}},{"start":{"line":1636,"column":12},"end":{"line":1636,"column":12}}]},"108":{"line":1692,"type":"cond-expr","locations":[{"start":{"line":1692,"column":45},"end":{"line":1692,"column":51}},{"start":{"line":1692,"column":54},"end":{"line":1692,"column":134}}]},"109":{"line":1692,"type":"cond-expr","locations":[{"start":{"line":1692,"column":84},"end":{"line":1692,"column":88}},{"start":{"line":1692,"column":91},"end":{"line":1692,"column":134}}]},"110":{"line":1692,"type":"cond-expr","locations":[{"start":{"line":1692,"column":123},"end":{"line":1692,"column":129}},{"start":{"line":1692,"column":132},"end":{"line":1692,"column":134}}]}},"l":{"1":19,"2":1,"4":1,"5":1,"6":1,"7":1,"14":1,"24":1,"26":46,"28":46,"30":46,"33":46,"35":46,"37":46,"38":46,"39":46,"40":46,"41":46,"42":46,"43":46,"44":46,"45":46,"46":46,"48":46,"49":46,"50":191,"59":1,"61":96,"68":1,"70":97,"71":97,"72":97,"73":97,"74":97,"81":97,"90":1,"92":97,"93":97,"94":97,"95":97,"96":97,"103":97,"105":1,"106":95,"107":95,"108":95,"116":95,"123":1,"124":97,"125":97,"126":97,"127":97,"128":97,"134":97,"140":1,"142":95,"143":95,"144":95,"151":1,"152":136,"155":136,"162":1,"163":97,"164":97,"165":97,"166":97,"172":97,"179":1,"181":120,"182":120,"183":120,"184":120,"187":120,"193":120,"197":120,"204":1,"206":97,"207":97,"208":97,"209":97,"215":97,"222":1,"224":191,"226":191,"227":106,"229":191,"231":1,"232":0,"234":1,"235":0,"243":1,"244":107,"245":107,"246":107,"247":0,"249":107,"250":46,"252":107,"253":107,"261":1,"262":92,"263":92,"264":92,"265":0,"267":92,"268":46,"270":92,"271":92,"273":1,"279":1565,"287":46,"288":46,"293":1,"299":815,"307":46,"308":46,"313":1,"319":1528,"327":46,"328":46,"333":1,"339":1357,"347":61,"348":61,"353":1,"359":1483,"367":46,"368":46,"373":1,"375":1,"385":1,"391":1,"392":101,"393":101,"394":101,"395":47,"396":47,"398":54,"399":52,"400":52,"402":2,"403":1,"404":1,"405":1,"408":0,"412":1,"416":100,"418":100,"419":100,"420":100,"434":1,"435":700,"436":3,"438":697,"439":697,"442":0,"451":1,"452":99,"453":99,"455":64,"456":64,"459":3,"477":3,"480":1,"490":1,"493":0,"511":0,"514":8,"532":8,"535":15,"553":15,"556":8,"602":8,"605":0,"608":99,"619":1,"622":20025,"623":46,"624":46,"626":20025,"627":20025,"628":20025,"629":20025,"630":20025,"631":66015,"632":66015,"633":66015,"634":20025,"635":20025,"636":20025,"639":20025,"640":20025,"646":20025,"647":80100,"648":80100,"649":0,"652":20025,"660":1,"661":20025,"662":20025,"663":20025,"670":1,"671":1,"672":1,"673":1,"680":1,"681":1,"682":2,"683":2,"685":1,"686":1,"693":1,"711":1,"713":1,"716":1,"718":1,"719":1,"720":1,"721":1,"723":1,"724":1,"725":1,"726":1,"727":1,"731":1,"732":1,"733":1,"734":8,"735":8,"736":8,"737":8,"738":8,"739":8,"740":8,"742":1,"744":45,"745":45,"746":45,"747":45,"748":45,"749":45,"750":45,"751":45,"752":45,"753":45,"757":45,"758":45,"760":2397,"762":45,"765":45,"766":45,"767":45,"768":2397,"769":2397,"770":147,"772":2397,"773":187,"776":45,"777":45,"779":45,"789":2397,"792":2397,"795":2397,"796":2397,"797":2397,"798":22,"801":2375,"805":2397,"808":0,"811":0,"814":0,"816":45,"818":1,"820":1,"825":1,"827":1,"828":1,"829":1,"830":1,"832":1,"833":1,"834":1,"835":1,"836":1,"840":1,"841":1,"849":1,"850":15,"851":15,"852":15,"853":15,"854":15,"855":15,"861":1,"863":23,"866":23,"867":50019,"868":50019,"869":50019,"870":50019,"871":50019,"872":50019,"874":50019,"877":0,"880":23,"881":23,"898":1,"899":64,"901":0,"905":64,"907":64,"908":64,"909":64,"910":64,"911":64,"912":64,"913":64,"914":64,"915":64,"916":64,"917":64,"919":64,"927":1,"928":77,"929":77,"930":77,"931":77,"932":77,"933":77,"934":77,"935":77,"936":77,"937":77,"938":77,"939":36,"940":36,"943":41,"944":41,"947":77,"951":77,"956":77,"961":77,"967":77,"976":1,"978":31,"979":31,"980":31,"981":31,"982":31,"983":31,"984":31,"985":31,"986":31,"990":31,"991":31,"993":2520,"995":31,"998":31,"999":31,"1000":31,"1001":2520,"1002":2520,"1003":139,"1005":2520,"1006":180,"1009":31,"1010":31,"1012":31,"1022":2520,"1025":2520,"1030":2520,"1033":0,"1036":0,"1039":0,"1041":31,"1046":1,"1047":0,"1050":0,"1051":0,"1053":1,"1054":0,"1055":0,"1057":1,"1059":1,"1064":1,"1066":1,"1071":1,"1078":1,"1079":95,"1081":95,"1082":95,"1083":95,"1084":95,"1085":95,"1086":95,"1087":95,"1088":95,"1095":1,"1097":95,"1098":95,"1099":95,"1100":95,"1101":95,"1102":95,"1103":95,"1104":95,"1110":1,"1112":95,"1113":95,"1114":95,"1121":95,"1127":1,"1128":95,"1129":95,"1130":95,"1134":95,"1137":95,"1143":1,"1145":95,"1146":95,"1147":95,"1154":95,"1161":1,"1163":95,"1164":95,"1165":95,"1166":95,"1167":95,"1168":95,"1169":12160,"1174":95,"1176":95,"1187":12160,"1192":12160,"1194":95,"1200":1,"1201":95,"1202":95,"1203":95,"1209":95,"1216":1,"1218":95,"1219":95,"1220":95,"1221":95,"1222":95,"1225":95,"1230":95,"1234":95,"1240":1,"1242":95,"1243":95,"1244":95,"1245":95,"1251":95,"1253":1,"1259":760,"1267":95,"1272":1,"1278":285,"1286":95,"1291":1,"1297":570,"1305":95,"1310":1,"1316":665,"1324":95,"1329":1,"1331":1,"1340":1,"1341":1,"1342":1,"1343":1,"1344":1,"1345":1,"1346":1,"1347":1,"1348":1,"1349":1,"1350":1,"1351":1,"1352":1,"1353":1,"1356":1,"1358":1,"1359":1,"1360":1,"1361":1,"1363":1,"1364":1,"1365":1,"1366":1,"1370":1,"1371":1,"1372":1,"1373":8,"1374":8,"1375":8,"1376":8,"1377":8,"1378":8,"1379":8,"1388":1,"1390":27,"1391":27,"1392":27,"1393":27,"1394":27,"1395":27,"1396":27,"1397":27,"1398":27,"1402":27,"1403":27,"1405":1549,"1407":27,"1410":27,"1411":27,"1412":27,"1413":1549,"1414":1549,"1415":108,"1417":1549,"1418":82,"1421":27,"1422":27,"1424":27,"1434":1549,"1437":1549,"1440":1549,"1441":1549,"1442":1549,"1443":12,"1446":1537,"1450":1549,"1453":0,"1456":0,"1459":0,"1461":27,"1463":1,"1465":1,"1470":1,"1472":1,"1473":1,"1474":1,"1475":1,"1477":1,"1478":1,"1479":1,"1480":1,"1481":1,"1485":1,"1486":1,"1497":1,"1498":15,"1499":15,"1500":15,"1501":15,"1502":15,"1503":15,"1504":15,"1510":1,"1512":23,"1515":23,"1517":50019,"1518":50019,"1519":50019,"1520":50019,"1521":50019,"1522":50019,"1523":50019,"1526":0,"1529":23,"1530":23,"1547":1,"1548":31,"1550":0,"1554":31,"1556":31,"1557":31,"1558":31,"1559":31,"1560":31,"1561":31,"1562":31,"1563":31,"1564":31,"1565":31,"1566":31,"1568":31,"1576":1,"1577":44,"1578":44,"1579":44,"1580":44,"1581":44,"1582":44,"1583":396,"1584":396,"1586":44,"1589":44,"1595":44,"1599":44,"1608":1,"1610":16,"1611":16,"1612":16,"1613":16,"1614":16,"1615":16,"1616":16,"1617":16,"1621":16,"1622":16,"1624":1398,"1626":16,"1629":16,"1630":16,"1631":16,"1632":1398,"1633":1398,"1634":88,"1636":1398,"1637":66,"1640":16,"1641":16,"1643":16,"1653":1398,"1656":1398,"1661":1398,"1664":0,"1667":0,"1670":0,"1672":16,"1677":1,"1678":0,"1681":0,"1682":0,"1684":1,"1685":0,"1686":0,"1688":1,"1690":1}}}
